% Tunnel Log: 
% debug seed: 1479936565
%
% SegEncNW { '0'=no panel, '1'=panel, '4'=obstacle, '5'=collided obstacle, '6'=player, '7'=player right, '8'=player wrong, '2'=target, '3'=fake }
% SegEncN
% SegEncNE
% SegEncE
% SegEncSE
% SegEncS
% SegEncSW
% SegEncW
% Event Number { 0, inf }
% Task Type { 0=Color/Sound, 1=Shape/Sound, 2=Sound, 3=Navigation, 4=Speed, 5=Training 6=Recess, 7=Special 2-Back }
% N-Back { 0, inf }
% Navigation Level { 0, inf }
% Player Loc { 0=Northwest ... 7=West }
% Pod Loc { -1=N/A, 0=Northwest ... 7=West }
% Pod Color { -1, inf }
% Pod Shape { -1, inf }
% Pod Sound { -1, inf }
% Pod Match { -1=N/A, 0=No, 1=Yes }
% Pod Taken { -1=N/A, 0=No, 1=Yes }
% Timestamp (ms)
% Num Obstacles { 0, inf }
% Min Speed { 0, inf }
% Max Speed { 0, inf }
% Base Speed { 0, inf }
% Final Speed { 0, inf }
% Navigation Score { 0, inf }
% Segment Direction { 0=Northwest ... 7=West }
% Segment Angle { 0, inf }
% Segment Panels { 0, inf }
%
% SegEncNW SecEncN SegEncNE SegEncE SegEncSE SegEncS SegEncSW SegEncW EventNumber TaskType N-Back Navigation PlayerLoc PodLoc PodColor PodShape PodSound PodMatch PodTaken Timestamp NumObs MinSpeed MaxSpeed BaseSpeed FinalSpeed NavScore SegmentDir SegmentAngle SegmentPanels
0 0 0 0 1 6 1 0 0 0 7 0 5 -1 -1 -1 -1 -1 -1 23633 0 15 25 15 60 0 8 0 3
0 0 0 0 1 6 1 0 0 0 7 0 5 -1 -1 -1 -1 -1 -1 23799 0 15 25 15 60 0 8 0 3
0 0 0 0 1 6 1 0 0 0 7 0 5 -1 -1 -1 -1 -1 -1 23966 0 15 25 15 60 0 8 0 3
0 0 0 0 1 6 1 0 0 0 7 0 5 -1 -1 -1 -1 -1 -1 24166 0 15 25 15 54 0 8 0 3
0 0 0 0 1 6 1 0 0 0 7 0 5 -1 -1 -1 -1 -1 -1 24366 0 15 25 15 36 0 6 0 3
0 0 0 0 1 6 1 0 0 0 7 0 5 -1 -1 -1 -1 -1 -1 24866 0 15 25 15 15 0 6 0 3
0 0 0 0 1 6 1 0 0 0 7 0 5 -1 -1 -1 -1 -1 -1 25533 0 15 25 15 15 0 6 0 3
0 0 0 0 1 6 1 0 0 0 7 0 5 -1 -1 -1 -1 -1 -1 26199 0 15 25 15 15 0 6 0 3
0 0 0 0 1 6 1 0 0 0 7 0 5 -1 -1 -1 -1 -1 -1 26866 0 15 25 15 15 0 6 0 3
0 0 0 0 1 6 1 0 0 0 7 0 5 -1 -1 -1 -1 -1 -1 27533 0 15 25 15 15 0 1 0 3
0 0 0 0 3 6 1 0 0 0 7 0 5 4 1 1 1 0 0 28199 0 15 25 15 15 0 1 0 3
0 0 0 0 1 6 1 0 0 0 7 0 5 -1 -1 -1 -1 -1 -1 28866 0 15 25 15 15 0 1 0 3
0 0 0 0 1 6 1 0 0 0 7 0 5 -1 -1 -1 -1 -1 -1 29533 0 15 25 15 15 0 1 0 3
0 0 0 0 1 6 1 0 0 0 7 0 5 -1 -1 -1 -1 -1 -1 30199 0 15 25 15 15 0 1 0 3
0 0 0 0 3 6 1 0 0 0 7 0 5 4 2 1 2 0 0 30866 0 15 25 15 15 0 7 0 3
0 0 0 0 1 6 1 0 0 0 7 0 5 -1 -1 -1 -1 -1 -1 31533 0 15 25 15 15 0 7 0 3
0 0 0 0 1 6 1 0 0 0 7 0 5 -1 -1 -1 -1 -1 -1 32199 0 15 25 15 15 0 7 0 3
0 0 0 0 1 6 1 0 0 0 7 0 5 -1 -1 -1 -1 -1 -1 32866 0 15 25 15 15 0 7 0 3
0 0 0 0 3 6 1 0 0 0 7 0 5 4 3 1 3 0 0 33533 0 15 25 15 15 0 7 0 3
0 0 0 0 1 6 1 0 0 0 7 0 5 -1 -1 -1 -1 -1 -1 34199 0 15 25 15 15 0 1 0 3
0 0 0 0 1 6 1 0 0 0 7 0 5 -1 -1 -1 -1 -1 -1 34866 0 15 25 15 15 0 1 0 3
0 0 0 0 1 6 1 0 0 0 7 0 5 -1 -1 -1 -1 -1 -1 35533 0 15 25 15 15 0 1 0 3
0 0 0 0 3 6 1 0 0 0 7 0 5 4 1 1 1 0 0 36199 0 15 25 15 15 0 1 0 3
0 0 0 0 1 6 1 0 0 0 7 0 5 -1 -1 -1 -1 -1 -1 36866 0 15 25 15 15 0 1 0 3
0 0 0 0 1 6 1 0 0 0 7 0 5 -1 -1 -1 -1 -1 -1 37533 0 15 25 15 15 0 8 0 3
0 0 0 0 1 6 1 0 0 0 7 0 5 -1 -1 -1 -1 -1 -1 38199 0 15 25 15 15 0 8 0 3
0 0 0 0 3 6 1 0 0 0 7 0 5 4 0 1 0 0 0 38866 0 15 25 15 15 0 8 0 3
0 0 0 0 1 6 1 0 0 0 7 0 5 -1 -1 -1 -1 -1 -1 39533 0 15 25 15 15 0 8 0 3
0 0 0 0 1 6 1 0 0 0 7 0 5 -1 -1 -1 -1 -1 -1 40199 0 15 25 15 15 0 8 0 3
0 0 0 0 1 6 1 0 0 0 7 0 5 -1 -1 -1 -1 -1 -1 40866 0 15 25 15 15 0 6 0 3
0 0 0 0 3 6 1 0 0 0 7 0 5 4 2 1 2 0 0 41533 0 15 25 15 15 0 6 0 3
0 0 0 0 1 6 1 0 0 0 7 0 5 -1 -1 -1 -1 -1 -1 42199 0 15 25 15 15 0 6 0 3
0 0 0 0 1 6 1 0 0 0 7 0 5 -1 -1 -1 -1 -1 -1 42866 0 15 25 15 15 0 6 0 3
0 0 0 0 1 6 1 0 0 0 7 0 5 -1 -1 -1 -1 -1 -1 43533 0 15 25 15 15 0 6 0 3
0 0 0 0 3 6 1 0 0 0 7 0 5 4 3 1 3 0 0 44199 0 15 25 15 15 0 1 0 3
0 0 0 0 1 6 1 0 0 0 7 0 5 -1 -1 -1 -1 -1 -1 44866 0 15 25 15 15 0 1 0 3
0 0 0 0 1 6 1 0 0 0 7 0 5 -1 -1 -1 -1 -1 -1 45532 0 15 25 15 15 0 1 0 3
0 0 0 0 1 6 1 0 0 0 7 0 5 -1 -1 -1 -1 -1 -1 46199 0 15 25 15 15 0 1 0 3
0 0 0 0 3 6 1 0 0 0 7 0 5 4 0 1 0 0 0 46866 0 15 25 15 15 0 1 0 3
0 0 0 0 1 6 1 0 0 0 7 0 5 -1 -1 -1 -1 -1 -1 47532 0 15 25 15 15 0 7 0 3
0 0 0 0 1 6 1 0 0 0 7 0 5 -1 -1 -1 -1 -1 -1 48199 0 15 25 15 15 0 7 0 3
0 0 0 0 1 6 1 0 0 0 7 0 5 -1 -1 -1 -1 -1 -1 48866 0 15 25 15 15 0 7 0 3
0 0 0 0 2 7 1 0 0 0 7 0 5 4 2 1 2 1 1 49532 0 15 25 15 15 0 7 0 3
0 0 0 0 1 6 1 0 0 0 7 0 5 -1 -1 -1 -1 -1 -1 50199 0 15 25 15 15 0 7 0 3
0 0 0 0 1 6 1 0 0 0 7 0 5 -1 -1 -1 -1 -1 -1 50866 0 15 25 15 15 0 1 0 3
0 0 0 0 1 6 1 0 0 0 7 0 5 -1 -1 -1 -1 -1 -1 51532 0 15 25 15 15 0 1 0 3
0 0 0 0 2 7 1 0 0 0 7 0 5 4 3 1 3 1 1 52199 0 15 25 15 15 0 1 0 3
0 0 0 0 1 6 1 0 0 0 7 0 5 -1 -1 -1 -1 -1 -1 52866 0 15 25 15 15 0 1 0 3
0 0 0 0 1 6 1 0 0 0 7 0 5 -1 -1 -1 -1 -1 -1 53532 0 15 25 15 15 0 1 0 3
0 0 0 0 1 6 1 0 0 0 7 0 5 -1 -1 -1 -1 -1 -1 54199 0 15 25 15 15 0 8 0 3
0 0 0 0 2 7 1 0 0 0 7 0 5 4 1 1 1 1 1 54866 0 15 25 15 15 0 8 0 3
0 0 0 0 1 6 1 0 0 0 7 0 5 -1 -1 -1 -1 -1 -1 55532 0 15 25 15 15 0 8 0 3
0 0 0 0 1 6 1 0 0 0 7 0 5 -1 -1 -1 -1 -1 -1 56199 0 15 25 15 15 0 8 0 3
0 0 0 0 1 6 1 0 0 0 7 0 5 -1 -1 -1 -1 -1 -1 56866 0 15 25 15 15 0 8 0 3
0 0 0 0 3 8 1 0 0 0 7 0 5 4 1 1 1 0 1 57532 0 15 25 15 15 0 6 0 3
0 0 0 0 1 6 1 0 0 0 7 0 5 -1 -1 -1 -1 -1 -1 58199 0 15 25 15 15 0 6 0 3
0 0 0 0 1 6 1 0 0 0 7 0 5 -1 -1 -1 -1 -1 -1 58866 0 15 25 15 15 0 6 0 3
0 0 0 0 1 6 1 0 0 0 7 0 5 -1 -1 -1 -1 -1 -1 59532 0 15 25 15 15 0 6 0 3
0 0 0 0 3 6 1 0 0 0 7 0 5 4 0 1 0 0 0 60199 0 15 25 15 15 0 6 0 3
0 0 0 0 1 6 1 0 0 0 7 0 5 -1 -1 -1 -1 -1 -1 60866 0 15 25 15 15 0 1 0 3
0 0 0 0 1 6 1 0 0 0 7 0 5 -1 -1 -1 -1 -1 -1 61532 0 15 25 15 15 0 1 0 3
0 0 0 0 1 6 1 0 0 0 7 0 5 -1 -1 -1 -1 -1 -1 62199 0 15 25 15 15 0 1 0 3
0 0 0 0 3 6 1 0 0 0 7 0 5 4 1 1 1 0 0 62866 0 15 25 15 15 0 1 0 3
0 0 0 0 1 6 1 0 0 0 7 0 5 -1 -1 -1 -1 -1 -1 63532 0 15 25 15 15 0 1 0 3
0 0 0 0 1 6 1 0 0 0 7 0 5 -1 -1 -1 -1 -1 -1 64199 0 15 25 15 15 0 7 0 3
0 0 0 0 1 6 1 0 0 0 7 0 5 -1 -1 -1 -1 -1 -1 64866 0 15 25 15 15 0 7 0 3
0 0 0 0 3 6 1 0 0 0 7 0 5 4 2 1 2 0 0 65532 0 15 25 15 15 0 7 0 3
0 0 0 0 1 6 1 0 0 0 7 0 5 -1 -1 -1 -1 -1 -1 66199 0 15 25 15 15 0 7 0 3
0 0 0 0 1 6 1 0 0 0 7 0 5 -1 -1 -1 -1 -1 -1 66865 0 15 25 15 15 0 7 0 3
0 0 0 0 1 6 1 0 0 0 7 0 5 -1 -1 -1 -1 -1 -1 67532 0 15 25 15 15 0 1 0 3
0 0 0 0 3 6 1 0 0 0 7 0 5 4 0 1 0 0 0 68199 0 15 25 15 15 0 1 0 3
0 0 0 0 1 6 1 0 0 0 7 0 5 -1 -1 -1 -1 -1 -1 68865 0 15 25 15 15 0 1 0 3
0 0 0 0 1 6 1 0 0 0 7 0 5 -1 -1 -1 -1 -1 -1 69532 0 15 25 15 15 0 1 0 3
0 0 0 0 1 6 1 0 0 0 7 0 5 -1 -1 -1 -1 -1 -1 70199 0 15 25 15 15 0 1 0 3
0 0 0 0 3 6 1 0 0 0 7 0 5 4 2 1 2 0 0 70865 0 15 25 15 15 0 8 0 3
0 0 0 0 1 6 1 0 0 0 7 0 5 -1 -1 -1 -1 -1 -1 71532 0 15 25 15 15 0 8 0 3
0 0 0 0 1 6 1 0 0 0 7 0 5 -1 -1 -1 -1 -1 -1 72199 0 15 25 15 15 0 8 0 3
0 0 0 0 1 6 1 0 0 0 7 0 5 -1 -1 -1 -1 -1 -1 72865 0 15 25 15 15 0 8 0 3
0 0 0 0 2 7 1 0 0 0 7 0 5 4 1 1 1 1 1 73532 0 15 25 15 15 0 8 0 3
0 0 0 0 1 6 1 0 0 0 7 0 5 -1 -1 -1 -1 -1 -1 74199 0 15 25 15 15 0 6 0 3
0 0 0 0 1 6 1 0 0 0 7 0 5 -1 -1 -1 -1 -1 -1 74865 0 15 25 15 15 0 6 0 3
0 0 0 0 1 6 1 0 0 0 7 0 5 -1 -1 -1 -1 -1 -1 75532 0 15 25 15 15 0 6 0 3
0 0 0 0 3 6 1 0 0 0 7 0 5 4 3 1 3 0 0 76199 0 15 25 15 15 0 6 0 3
0 0 0 0 1 6 1 0 0 0 7 0 5 -1 -1 -1 -1 -1 -1 76865 0 15 25 15 15 0 6 0 3
0 0 0 0 1 6 1 0 0 0 7 0 5 -1 -1 -1 -1 -1 -1 77532 0 15 25 15 15 0 1 0 3
0 0 0 0 1 6 1 0 0 0 7 0 5 -1 -1 -1 -1 -1 -1 78199 0 15 25 15 15 0 1 0 3
0 0 0 0 3 6 1 0 0 0 7 0 5 4 1 1 1 0 0 78865 0 15 25 15 15 0 1 0 3
0 0 0 0 1 6 1 0 0 0 7 0 5 -1 -1 -1 -1 -1 -1 79532 0 15 25 15 15 0 1 0 3
0 0 0 0 1 6 1 0 0 0 7 0 5 -1 -1 -1 -1 -1 -1 80199 0 15 25 15 15 0 1 0 3
0 0 0 0 1 6 1 0 0 0 7 0 5 -1 -1 -1 -1 -1 -1 80865 0 15 25 15 15 0 7 0 3
0 0 0 0 3 6 1 0 0 0 7 0 5 4 0 1 0 0 0 81532 0 15 25 15 15 0 7 0 3
0 0 0 0 1 6 1 0 0 0 7 0 5 -1 -1 -1 -1 -1 -1 82199 0 15 25 15 15 0 7 0 3
0 0 0 0 1 6 1 0 0 0 7 0 5 -1 -1 -1 -1 -1 -1 82865 0 15 25 15 15 0 7 0 3
0 0 0 0 1 6 1 0 0 0 7 0 5 -1 -1 -1 -1 -1 -1 83532 0 15 25 15 15 0 7 0 3
0 0 0 0 3 6 1 0 0 0 7 0 5 4 1 1 1 0 0 84199 0 15 25 15 15 0 1 0 3
0 0 0 0 1 6 1 0 0 0 7 0 5 -1 -1 -1 -1 -1 -1 84865 0 15 25 15 15 0 1 0 3
0 0 0 0 1 6 1 0 0 0 7 0 5 -1 -1 -1 -1 -1 -1 85532 0 15 25 15 15 0 1 0 3
0 0 0 0 1 6 1 0 0 0 7 0 5 -1 -1 -1 -1 -1 -1 86199 0 15 25 15 15 0 1 0 3
0 0 0 0 3 6 1 0 0 0 7 0 5 4 3 1 3 0 0 86865 0 15 25 15 15 0 1 0 3
0 0 0 0 1 6 1 0 0 0 7 0 5 -1 -1 -1 -1 -1 -1 87532 0 15 25 15 15 0 8 0 3
0 0 0 0 1 6 1 0 0 0 7 0 5 -1 -1 -1 -1 -1 -1 88199 0 15 25 15 15 0 8 0 3
0 0 0 0 1 6 1 0 0 0 7 0 5 -1 -1 -1 -1 -1 -1 88865 0 15 25 15 15 0 8 0 3
0 0 0 0 3 6 1 0 0 0 7 0 5 4 1 1 1 0 0 89532 0 15 25 15 15 0 8 0 3
0 0 0 0 1 6 1 0 0 0 7 0 5 -1 -1 -1 -1 -1 -1 90198 0 15 25 15 15 0 8 0 3
0 0 0 0 1 6 1 0 0 0 7 0 5 -1 -1 -1 -1 -1 -1 90865 0 15 25 15 15 0 6 0 3
0 0 0 0 1 6 1 0 0 0 7 0 5 -1 -1 -1 -1 -1 -1 91532 0 15 25 15 15 0 6 0 3
0 0 0 0 2 7 1 0 0 0 7 0 5 4 1 1 1 1 1 92198 0 15 25 15 15 0 6 0 3
0 0 0 0 1 6 1 0 0 0 7 0 5 -1 -1 -1 -1 -1 -1 92865 0 15 25 15 15 0 6 0 3
0 0 0 0 1 6 1 0 0 0 7 0 5 -1 -1 -1 -1 -1 -1 93532 0 15 25 15 15 0 6 0 3
0 0 0 0 1 6 1 0 0 0 7 0 5 -1 -1 -1 -1 -1 -1 94198 0 15 25 15 15 0 1 0 3
0 0 0 0 3 6 1 0 0 0 7 0 5 4 2 1 2 0 0 94865 0 15 25 15 15 0 1 0 3
0 0 0 0 1 6 1 0 0 0 7 0 5 -1 -1 -1 -1 -1 -1 95532 0 15 25 15 15 0 1 0 3
0 0 0 0 1 6 1 0 0 0 7 0 5 -1 -1 -1 -1 -1 -1 96198 0 15 25 15 15 0 1 0 3
0 0 0 0 1 6 1 0 0 0 7 0 5 -1 -1 -1 -1 -1 -1 96865 0 15 25 15 15 0 1 0 3
0 0 0 0 2 8 1 0 0 0 7 0 5 4 1 1 1 1 0 97532 0 15 25 15 15 0 7 0 3
0 0 0 0 1 6 1 0 0 0 7 0 5 -1 -1 -1 -1 -1 -1 98198 0 15 25 15 15 0 7 0 3
0 0 0 0 1 6 1 0 0 0 7 0 5 -1 -1 -1 -1 -1 -1 98865 0 15 25 15 15 0 7 0 3
0 0 0 0 1 6 1 0 0 0 7 0 5 -1 -1 -1 -1 -1 -1 99532 0 15 25 15 15 0 7 0 3
0 0 0 0 3 6 1 0 0 0 7 0 5 4 2 1 2 0 0 100198 0 15 25 15 15 0 7 0 3
0 0 0 0 1 6 1 0 0 0 7 0 5 -1 -1 -1 -1 -1 -1 100865 0 15 25 15 15 0 1 0 3
0 0 0 0 1 6 1 0 0 0 7 0 5 -1 -1 -1 -1 -1 -1 101532 0 15 25 15 15 0 1 0 3
0 0 0 0 1 6 1 0 0 0 7 0 5 -1 -1 -1 -1 -1 -1 102198 0 15 25 15 15 0 1 0 3
0 0 0 0 2 7 1 0 0 0 7 0 5 4 1 1 1 1 1 102865 0 15 25 15 15 0 1 0 3
0 0 0 0 1 6 1 0 0 0 7 0 5 -1 -1 -1 -1 -1 -1 103532 0 15 25 15 15 0 1 0 3
0 0 0 0 1 6 1 0 0 0 7 0 5 -1 -1 -1 -1 -1 -1 104198 0 15 25 15 15 0 8 0 3
0 0 0 0 1 6 1 0 0 0 7 0 5 -1 -1 -1 -1 -1 -1 104865 0 15 25 15 15 0 8 0 3
0 0 0 0 3 6 1 0 0 0 7 0 5 4 0 1 0 0 0 105532 0 15 25 15 15 0 8 0 3
0 0 0 0 1 6 1 0 0 0 7 0 5 -1 -1 -1 -1 -1 -1 106198 0 15 25 15 15 0 8 0 3
0 0 0 0 1 6 1 0 0 0 7 0 5 -1 -1 -1 -1 -1 -1 106865 0 15 25 15 15 0 8 0 3
0 0 0 0 1 6 1 0 0 0 7 0 5 -1 -1 -1 -1 -1 -1 107532 0 15 25 15 15 0 6 0 3
0 0 0 0 3 6 1 0 0 0 7 0 5 4 2 1 2 0 0 108198 0 15 25 15 15 0 6 0 3
0 0 0 0 1 6 1 0 0 0 7 0 5 -1 -1 -1 -1 -1 -1 108865 0 15 25 15 15 0 6 0 3
0 0 0 0 1 6 1 0 0 0 7 0 5 -1 -1 -1 -1 -1 -1 109532 0 15 25 15 15 0 6 0 3
0 0 0 0 1 6 1 0 0 0 7 0 5 -1 -1 -1 -1 -1 -1 110198 0 15 25 15 15 0 6 0 3
0 0 0 0 3 6 1 0 0 0 7 0 5 4 3 1 3 0 0 110865 0 15 25 15 15 0 1 0 3
0 0 0 0 1 6 1 0 0 0 7 0 5 -1 -1 -1 -1 -1 -1 111531 0 15 25 15 15 0 1 0 3
0 0 0 0 1 6 1 0 0 0 7 0 5 -1 -1 -1 -1 -1 -1 112198 0 15 25 15 15 0 1 0 3
0 0 0 0 1 6 1 0 0 0 7 0 5 -1 -1 -1 -1 -1 -1 112865 0 15 25 15 15 0 1 0 3
0 0 0 0 3 6 1 0 0 0 7 0 5 4 0 1 0 0 0 113531 0 15 25 15 15 0 1 0 3
0 0 0 0 1 6 1 0 0 0 7 0 5 -1 -1 -1 -1 -1 -1 114198 0 15 25 15 15 0 7 0 3
0 0 0 0 1 6 1 0 0 0 7 0 5 -1 -1 -1 -1 -1 -1 114865 0 15 25 15 15 0 7 0 3
0 0 0 0 1 6 1 0 0 0 7 0 5 -1 -1 -1 -1 -1 -1 115531 0 15 25 15 15 0 7 0 3
0 0 0 0 3 6 1 0 0 0 7 0 5 4 3 1 3 0 0 116198 0 15 25 15 15 0 7 0 3
0 0 0 0 1 6 1 0 0 0 7 0 5 -1 -1 -1 -1 -1 -1 116865 0 15 25 15 15 0 7 0 3
0 0 0 0 1 6 1 0 0 0 7 0 5 -1 -1 -1 -1 -1 -1 117531 0 15 25 15 15 0 1 0 3
0 0 0 0 1 6 1 0 0 0 7 0 5 -1 -1 -1 -1 -1 -1 118198 0 15 25 15 15 0 1 0 3
0 0 0 0 2 7 1 0 0 0 7 0 5 4 2 1 2 1 1 118865 0 15 25 15 15 0 1 0 3
0 0 0 0 1 6 1 0 0 0 7 0 5 -1 -1 -1 -1 -1 -1 119531 0 15 25 15 15 0 1 0 3
0 0 0 0 1 6 1 0 0 0 7 0 5 -1 -1 -1 -1 -1 -1 120198 0 15 25 15 15 0 1 0 3
0 0 0 0 1 6 1 0 0 0 7 0 5 -1 -1 -1 -1 -1 -1 120865 0 15 25 15 15 0 8 0 3
0 0 0 0 2 7 1 0 0 0 7 0 5 4 1 1 1 1 1 121531 0 15 25 15 15 0 8 0 3
0 0 0 0 1 6 1 0 0 0 7 0 5 -1 -1 -1 -1 -1 -1 122198 0 15 25 15 15 0 8 0 3
0 0 0 0 1 6 1 0 0 0 7 0 5 -1 -1 -1 -1 -1 -1 122865 0 15 25 15 15 0 8 0 3
0 0 0 0 1 6 1 0 0 0 7 0 5 -1 -1 -1 -1 -1 -1 123531 0 15 25 15 15 0 8 0 3
0 0 0 0 3 6 1 0 0 0 7 0 5 4 3 1 3 0 0 124198 0 15 25 15 15 0 6 0 3
0 0 0 0 1 6 1 0 0 0 7 0 5 -1 -1 -1 -1 -1 -1 124865 0 15 25 15 15 0 6 0 3
0 0 0 0 1 6 1 0 0 0 7 0 5 -1 -1 -1 -1 -1 -1 125531 0 15 25 15 15 0 6 0 3
0 0 0 0 1 6 1 0 0 0 7 0 5 -1 -1 -1 -1 -1 -1 126198 0 15 25 15 15 0 6 0 3
0 0 0 0 3 6 1 0 0 0 7 0 5 4 0 1 0 0 0 126865 0 15 25 15 15 0 6 0 3
0 0 0 0 1 6 1 0 0 0 7 0 5 -1 -1 -1 -1 -1 -1 127531 0 15 25 15 15 0 1 0 3
0 0 0 0 1 6 1 0 0 0 7 0 5 -1 -1 -1 -1 -1 -1 128198 0 15 25 15 15 0 1 0 3
0 0 0 0 1 6 1 0 0 0 7 0 5 -1 -1 -1 -1 -1 -1 128865 0 15 25 15 15 0 1 0 3
0 0 0 0 3 6 1 0 0 0 7 0 5 4 1 1 1 0 0 129532 0 15 25 15 15 0 1 0 3
0 0 0 0 1 6 1 0 0 0 7 0 5 -1 -1 -1 -1 -1 -1 130198 0 15 25 15 15 0 1 0 3
0 0 0 0 1 6 1 0 0 0 7 0 5 -1 -1 -1 -1 -1 -1 130865 0 15 25 15 15 0 7 0 3
0 0 0 0 1 6 1 0 0 0 7 0 5 -1 -1 -1 -1 -1 -1 131532 0 15 25 15 15 0 7 0 3
0 0 0 0 2 8 1 0 0 0 7 0 5 4 0 1 0 1 0 132199 0 15 25 15 15 0 7 0 3
0 0 0 0 1 6 1 0 0 0 7 0 5 -1 -1 -1 -1 -1 -1 132866 0 15 25 15 15 0 7 0 3
0 0 0 0 1 6 1 0 0 0 7 0 5 -1 -1 -1 -1 -1 -1 133532 0 15 25 15 15 0 7 0 3
0 0 0 0 1 6 1 0 0 0 7 0 5 -1 -1 -1 -1 -1 -1 134199 0 15 25 15 15 0 1 0 3
0 0 0 0 2 7 1 0 0 0 7 0 5 4 3 1 3 1 1 134866 0 15 25 15 15 0 1 0 3
0 0 0 0 1 6 1 0 0 0 7 0 5 -1 -1 -1 -1 -1 -1 135533 0 15 25 15 15 0 1 0 3
0 0 0 0 1 6 1 0 0 0 7 0 5 -1 -1 -1 -1 -1 -1 136200 0 15 25 15 15 0 1 0 3
0 0 0 0 1 6 1 0 0 0 7 0 5 -1 -1 -1 -1 -1 -1 136866 0 15 25 15 15 0 1 0 3
0 0 0 0 3 6 1 0 0 0 7 0 5 4 1 1 1 0 0 137533 0 15 25 15 15 0 8 0 3
0 0 0 0 1 6 1 0 0 0 7 0 5 -1 -1 -1 -1 -1 -1 138200 0 15 25 15 15 0 8 0 3
0 0 0 0 1 6 1 0 0 0 7 0 5 -1 -1 -1 -1 -1 -1 138867 0 15 25 15 15 0 8 0 3
0 0 0 0 1 6 1 0 0 0 7 0 5 -1 -1 -1 -1 -1 -1 139534 0 15 25 15 15 0 8 0 3
0 0 0 0 2 7 1 0 0 0 7 0 5 4 1 1 1 1 1 140200 0 15 25 15 15 0 8 0 3
0 0 0 0 1 6 1 0 0 0 7 0 5 -1 -1 -1 -1 -1 -1 140867 0 15 25 15 15 0 6 0 3
0 0 0 0 1 6 1 0 0 0 7 0 5 -1 -1 -1 -1 -1 -1 141534 0 15 25 15 15 0 6 0 3
0 0 0 0 1 6 1 0 0 0 7 0 5 -1 -1 -1 -1 -1 -1 142201 0 15 25 15 15 0 6 0 3
0 0 0 0 3 6 1 0 0 0 7 0 5 4 2 1 2 0 0 142868 0 15 25 15 15 0 6 0 3
0 0 0 0 1 6 1 0 0 0 7 0 5 -1 -1 -1 -1 -1 -1 143535 0 15 25 15 15 0 6 0 3
0 0 0 0 1 6 1 0 0 0 7 0 5 -1 -1 -1 -1 -1 -1 144201 0 15 25 15 15 0 1 0 3
0 0 0 0 1 6 1 0 0 0 7 0 5 -1 -1 -1 -1 -1 -1 144868 0 15 25 15 15 0 1 0 3
0 0 0 0 3 8 1 0 0 0 7 0 5 4 1 1 1 0 1 145535 0 15 25 15 15 0 1 0 3
0 0 0 0 1 6 1 0 0 0 7 0 5 -1 -1 -1 -1 -1 -1 146202 0 15 25 15 15 0 1 0 3
0 0 0 0 1 6 1 0 0 0 7 0 5 -1 -1 -1 -1 -1 -1 146869 0 15 25 15 15 0 1 0 3
0 0 0 0 1 6 1 0 0 0 7 0 5 -1 -1 -1 -1 -1 -1 147535 0 15 25 15 15 0 7 0 3
0 0 0 0 3 6 1 0 0 0 7 0 5 4 3 1 3 0 0 148202 0 15 25 15 15 0 7 0 3
0 0 0 0 1 6 1 0 0 0 7 0 5 -1 -1 -1 -1 -1 -1 148869 0 15 25 15 15 0 7 0 3
0 0 0 0 1 6 1 0 0 0 7 0 5 -1 -1 -1 -1 -1 -1 149536 0 15 25 15 15 0 7 0 3
0 0 0 0 1 6 1 0 0 0 7 0 5 -1 -1 -1 -1 -1 -1 150203 0 15 25 15 15 0 7 0 3
0 0 0 0 3 6 1 0 0 0 7 0 5 4 2 1 2 0 0 150869 0 15 25 15 15 0 1 0 3
0 0 0 0 1 6 1 0 0 0 7 0 5 -1 -1 -1 -1 -1 -1 151536 0 15 25 15 15 0 1 0 3
0 0 0 0 1 6 1 0 0 0 7 0 5 -1 -1 -1 -1 -1 -1 152203 0 15 25 15 15 0 1 0 3
0 0 0 0 1 6 1 0 0 0 7 0 5 -1 -1 -1 -1 -1 -1 152870 0 15 25 15 15 0 1 0 3
0 0 0 0 3 6 1 0 0 0 7 0 5 4 0 1 0 0 0 153537 0 15 25 15 15 0 1 0 3
0 0 0 0 1 6 1 0 0 0 7 0 5 -1 -1 -1 -1 -1 -1 154203 0 15 25 15 15 0 8 0 3
0 0 0 0 1 6 1 0 0 0 7 0 5 -1 -1 -1 -1 -1 -1 154870 0 15 25 15 15 0 8 0 3
0 0 0 0 1 6 1 0 0 0 7 0 5 -1 -1 -1 -1 -1 -1 155537 0 15 25 15 15 0 8 0 3
0 0 0 0 2 8 1 0 0 0 7 0 5 4 1 1 1 1 0 156204 0 15 25 15 15 0 8 0 3
0 0 0 0 1 6 1 0 0 0 7 0 5 -1 -1 -1 -1 -1 -1 156871 0 15 25 15 15 0 8 0 3
0 0 0 0 1 6 1 0 0 0 7 0 5 -1 -1 -1 -1 -1 -1 157538 0 15 25 15 15 0 6 0 3
0 0 0 0 1 6 1 0 0 0 7 0 5 -1 -1 -1 -1 -1 -1 158204 0 15 25 15 15 0 6 0 3
0 0 0 0 2 7 1 0 0 0 7 0 5 4 1 1 1 1 1 158871 0 15 25 15 15 0 6 0 3
0 0 0 0 1 6 1 0 0 0 7 0 5 -1 -1 -1 -1 -1 -1 159538 0 15 25 15 15 0 6 0 3
0 0 0 0 1 6 1 0 0 0 7 0 5 -1 -1 -1 -1 -1 -1 160205 0 15 25 15 15 0 6 0 3
0 0 0 0 1 6 1 0 0 0 7 0 5 -1 -1 -1 -1 -1 -1 160872 0 15 25 15 15 0 1 0 3
0 0 0 0 3 8 1 0 0 0 7 0 5 4 0 1 0 0 1 161538 0 15 25 15 15 0 1 0 3
0 0 0 0 1 6 1 0 0 0 7 0 5 -1 -1 -1 -1 -1 -1 162205 0 15 25 15 15 0 1 0 3
0 0 0 0 1 6 1 0 0 0 7 0 5 -1 -1 -1 -1 -1 -1 162872 0 15 25 15 15 0 1 0 3
0 0 0 0 1 6 1 0 0 0 7 0 5 -1 -1 -1 -1 -1 -1 163539 0 15 25 15 15 0 1 0 3
0 0 0 0 3 8 1 0 0 0 7 0 5 4 2 1 2 0 1 164206 0 15 25 15 15 0 7 0 3
0 0 0 0 1 6 1 0 0 0 7 0 5 -1 -1 -1 -1 -1 -1 164872 0 15 25 15 15 0 7 0 3
0 0 0 0 1 6 1 0 0 0 7 0 5 -1 -1 -1 -1 -1 -1 165539 0 15 25 15 15 0 7 0 3
0 0 0 0 1 6 1 0 0 0 7 0 5 -1 -1 -1 -1 -1 -1 166206 0 15 25 15 15 0 7 0 3
0 0 0 0 3 6 1 0 0 0 7 0 5 4 0 1 0 0 0 166873 0 15 25 15 15 0 7 0 3
0 0 0 0 1 6 1 0 0 0 7 0 5 -1 -1 -1 -1 -1 -1 167540 0 15 25 15 15 0 1 0 3
0 0 0 0 1 6 1 0 0 0 7 0 5 -1 -1 -1 -1 -1 -1 168206 0 15 25 15 15 0 1 0 3
0 0 0 0 1 6 1 0 0 0 7 0 5 -1 -1 -1 -1 -1 -1 168873 0 15 25 15 15 0 1 0 3
0 0 0 0 3 8 1 0 0 0 7 0 5 4 3 1 3 0 1 169540 0 15 25 15 15 0 1 0 3
0 0 0 0 1 6 1 0 0 0 7 0 5 -1 -1 -1 -1 -1 -1 170207 0 15 25 15 15 0 1 0 3
0 0 0 0 1 6 1 0 0 0 7 0 5 -1 -1 -1 -1 -1 -1 170874 0 15 25 15 15 0 8 0 3
0 0 0 0 1 6 1 0 0 0 7 0 5 -1 -1 -1 -1 -1 -1 171541 0 15 25 15 15 0 8 0 3
0 0 0 0 3 6 1 0 0 0 7 0 5 4 1 1 1 0 0 172207 0 15 25 15 15 0 8 0 3
0 0 0 0 1 6 1 0 0 0 7 0 5 -1 -1 -1 -1 -1 -1 172874 0 15 25 15 15 0 8 0 3
0 0 0 0 1 6 1 0 0 0 7 0 5 -1 -1 -1 -1 -1 -1 173541 0 15 25 15 15 0 8 0 3
0 0 0 0 1 6 1 0 0 0 7 0 5 -1 -1 -1 -1 -1 -1 174208 0 15 25 15 15 0 6 0 3
0 0 0 0 2 7 1 0 0 0 7 0 5 4 1 1 1 1 1 174875 0 15 25 15 15 0 6 0 3
0 0 0 0 1 6 1 0 1 0 7 0 5 -1 -1 -1 -1 -1 -1 185744 0 15 25 15 60 0 8 0 3
0 0 0 0 1 6 1 0 1 0 7 0 5 -1 -1 -1 -1 -1 -1 185910 0 15 25 15 60 0 8 0 3
0 0 0 0 1 6 1 0 1 0 7 0 5 -1 -1 -1 -1 -1 -1 186077 0 15 25 15 60 0 8 0 3
0 0 0 0 1 6 1 0 1 0 7 0 5 -1 -1 -1 -1 -1 -1 186277 0 15 25 15 54 0 8 0 3
0 0 0 0 1 6 1 0 1 0 7 0 5 -1 -1 -1 -1 -1 -1 186477 0 15 25 15 36 0 6 0 3
0 0 0 0 1 6 1 0 1 0 7 0 5 -1 -1 -1 -1 -1 -1 186977 0 15 25 15 15 0 6 0 3
0 0 0 0 1 6 1 0 1 0 7 0 5 -1 -1 -1 -1 -1 -1 187644 0 15 25 15 15 0 6 0 3
0 0 0 0 1 6 1 0 1 0 7 0 5 -1 -1 -1 -1 -1 -1 188311 0 15 25 15 15 0 6 0 3
0 0 0 0 1 6 1 0 1 0 7 0 5 -1 -1 -1 -1 -1 -1 188978 0 15 25 15 15 0 6 0 3
0 0 0 0 1 6 1 0 1 0 7 0 5 -1 -1 -1 -1 -1 -1 189644 0 15 25 15 15 0 5 0 3
0 0 0 0 3 6 1 0 1 0 7 0 5 4 0 1 0 0 0 190311 0 15 25 15 15 0 5 0 3
0 0 0 0 1 6 1 0 1 0 7 0 5 -1 -1 -1 -1 -1 -1 190978 0 15 25 15 15 0 5 0 3
0 0 0 0 1 6 1 0 1 0 7 0 5 -1 -1 -1 -1 -1 -1 191645 0 15 25 15 15 0 5 0 3
0 0 0 0 1 6 1 0 1 0 7 0 5 -1 -1 -1 -1 -1 -1 192312 0 15 25 15 15 0 5 0 3
0 0 0 0 3 6 1 0 1 0 7 0 5 4 3 1 3 0 0 192978 0 15 25 15 15 0 6 0 3
0 0 0 0 1 6 1 0 1 0 7 0 5 -1 -1 -1 -1 -1 -1 193645 0 15 25 15 15 0 6 0 3
0 0 0 0 1 6 1 0 1 0 7 0 5 -1 -1 -1 -1 -1 -1 194312 0 15 25 15 15 0 6 0 3
0 0 0 0 1 6 1 0 1 0 7 0 5 -1 -1 -1 -1 -1 -1 194979 0 15 25 15 15 0 6 0 3
0 0 0 0 3 6 1 0 1 0 7 0 5 4 1 1 1 0 0 195646 0 15 25 15 15 0 6 0 3
0 0 0 0 1 6 1 0 1 0 7 0 5 -1 -1 -1 -1 -1 -1 196312 0 15 25 15 15 0 6 0 3
0 0 0 0 1 6 1 0 1 0 7 0 5 -1 -1 -1 -1 -1 -1 196979 0 15 25 15 15 0 6 0 3
0 0 0 0 1 6 1 0 1 0 7 0 5 -1 -1 -1 -1 -1 -1 197646 0 15 25 15 15 0 6 0 3
0 0 0 0 3 6 1 0 1 0 7 0 5 4 3 1 3 0 0 198313 0 15 25 15 15 0 6 0 3
0 0 0 0 1 6 1 0 1 0 7 0 5 -1 -1 -1 -1 -1 -1 198980 0 15 25 15 15 0 6 0 3
0 0 0 0 1 6 1 0 1 0 7 0 5 -1 -1 -1 -1 -1 -1 199647 0 15 25 15 15 0 8 0 3
0 0 0 0 1 6 1 0 1 0 7 0 5 -1 -1 -1 -1 -1 -1 200313 0 15 25 15 15 0 8 0 3
0 0 0 0 3 6 1 0 1 0 7 0 5 4 0 1 0 0 0 200980 0 15 25 15 15 0 8 0 3
0 0 0 0 1 6 1 0 1 0 7 0 5 -1 -1 -1 -1 -1 -1 201647 0 15 25 15 15 0 8 0 3
0 0 0 0 1 6 1 0 1 0 7 0 5 -1 -1 -1 -1 -1 -1 202314 0 15 25 15 15 0 8 0 3
0 0 0 0 1 6 1 0 1 0 7 0 5 -1 -1 -1 -1 -1 -1 202981 0 15 25 15 15 0 6 0 3
0 0 0 0 3 6 1 0 1 0 7 0 5 4 0 1 0 0 0 203647 0 15 25 15 15 0 6 0 3
0 0 0 0 1 6 1 0 1 0 7 0 5 -1 -1 -1 -1 -1 -1 204314 0 15 25 15 15 0 6 0 3
0 0 0 0 1 6 1 0 1 0 7 0 5 -1 -1 -1 -1 -1 -1 204981 0 15 25 15 15 0 6 0 3
0 0 0 0 1 6 1 0 1 0 7 0 5 -1 -1 -1 -1 -1 -1 205648 0 15 25 15 15 0 6 0 3
0 0 0 0 3 6 1 0 1 0 7 0 5 4 1 1 1 0 0 206315 0 15 25 15 15 0 5 0 3
0 0 0 0 1 6 1 0 1 0 7 0 5 -1 -1 -1 -1 -1 -1 206981 0 15 25 15 15 0 5 0 3
0 0 0 0 1 6 1 0 1 0 7 0 5 -1 -1 -1 -1 -1 -1 207648 0 15 25 15 15 0 5 0 3
0 0 0 0 1 6 1 0 1 0 7 0 5 -1 -1 -1 -1 -1 -1 208315 0 15 25 15 15 0 5 0 3
0 0 0 0 3 6 1 0 1 0 7 0 5 4 3 1 3 0 0 208982 0 15 25 15 15 0 5 0 3
0 0 0 0 1 6 1 0 1 0 7 0 5 -1 -1 -1 -1 -1 -1 209649 0 15 25 15 15 0 6 0 3
0 0 0 0 1 6 1 0 1 0 7 0 5 -1 -1 -1 -1 -1 -1 210315 0 15 25 15 15 0 6 0 3
0 0 0 0 1 6 1 0 1 0 7 0 5 -1 -1 -1 -1 -1 -1 210982 0 15 25 15 15 0 6 0 3
0 0 0 0 2 7 1 0 1 0 7 0 5 4 3 1 3 1 1 211649 0 15 25 15 15 0 6 0 3
0 0 0 0 1 6 1 0 1 0 7 0 5 -1 -1 -1 -1 -1 -1 212316 0 15 25 15 15 0 6 0 3
0 0 0 0 1 6 1 0 1 0 7 0 5 -1 -1 -1 -1 -1 -1 212983 0 15 25 15 15 0 6 0 3
0 0 0 0 1 6 1 0 1 0 7 0 5 -1 -1 -1 -1 -1 -1 213650 0 15 25 15 15 0 6 0 3
0 0 0 0 2 7 1 0 1 0 7 0 5 4 1 1 1 1 1 214316 0 15 25 15 15 0 6 0 3
0 0 0 0 1 6 1 0 1 0 7 0 5 -1 -1 -1 -1 -1 -1 214983 0 15 25 15 15 0 6 0 3
0 0 0 0 1 6 1 0 1 0 7 0 5 -1 -1 -1 -1 -1 -1 215650 0 15 25 15 15 0 6 0 3
0 0 0 0 1 6 1 0 1 0 7 0 5 -1 -1 -1 -1 -1 -1 216317 0 15 25 15 15 0 8 0 3
0 0 0 0 2 7 1 0 1 0 7 0 5 4 3 1 3 1 1 216984 0 15 25 15 15 0 8 0 3
0 0 0 0 1 6 1 0 1 0 7 0 5 -1 -1 -1 -1 -1 -1 217650 0 15 25 15 15 0 8 0 3
0 0 0 0 1 6 1 0 1 0 7 0 5 -1 -1 -1 -1 -1 -1 218317 0 15 25 15 15 0 8 0 3
0 0 0 0 1 6 1 0 1 0 7 0 5 -1 -1 -1 -1 -1 -1 218984 0 15 25 15 15 0 8 0 3
0 0 0 0 3 8 1 0 1 0 7 0 5 4 1 1 1 0 1 219651 0 15 25 15 15 0 6 0 3
0 0 0 0 1 6 1 0 1 0 7 0 5 -1 -1 -1 -1 -1 -1 220318 0 15 25 15 15 0 6 0 3
0 0 0 0 1 6 1 0 1 0 7 0 5 -1 -1 -1 -1 -1 -1 220984 0 15 25 15 15 0 6 0 3
0 0 0 0 1 6 1 0 1 0 7 0 5 -1 -1 -1 -1 -1 -1 221651 0 15 25 15 15 0 6 0 3
0 0 0 0 2 8 1 0 1 0 7 0 5 4 0 1 0 1 0 222318 0 15 25 15 15 0 6 0 3
0 0 0 0 1 6 1 0 1 0 7 0 5 -1 -1 -1 -1 -1 -1 222985 0 15 25 15 15 0 5 0 3
0 0 0 0 1 6 1 0 1 0 7 0 5 -1 -1 -1 -1 -1 -1 223652 0 15 25 15 15 0 5 0 3
0 0 0 0 1 6 1 0 1 0 7 0 5 -1 -1 -1 -1 -1 -1 224318 0 15 25 15 15 0 5 0 3
0 0 0 0 3 6 1 0 1 0 7 0 5 4 0 1 0 0 0 224985 0 15 25 15 15 0 5 0 3
0 0 0 0 1 6 1 0 1 0 7 0 5 -1 -1 -1 -1 -1 -1 225652 0 15 25 15 15 0 5 0 3
0 0 0 0 1 6 1 0 1 0 7 0 5 -1 -1 -1 -1 -1 -1 226319 0 15 25 15 15 0 6 0 3
0 0 0 0 1 6 1 0 1 0 7 0 5 -1 -1 -1 -1 -1 -1 226986 0 15 25 15 15 0 6 0 3
0 0 0 0 3 6 1 0 1 0 7 0 5 4 2 1 2 0 0 227653 0 15 25 15 15 0 6 0 3
0 0 0 0 1 6 1 0 1 0 7 0 5 -1 -1 -1 -1 -1 -1 228319 0 15 25 15 15 0 6 0 3
0 0 0 0 1 6 1 0 1 0 7 0 5 -1 -1 -1 -1 -1 -1 228986 0 15 25 15 15 0 6 0 3
0 0 0 0 1 6 1 0 1 0 7 0 5 -1 -1 -1 -1 -1 -1 229653 0 15 25 15 15 0 6 0 3
0 0 0 0 3 6 1 0 1 0 7 0 5 4 1 1 1 0 0 230320 0 15 25 15 15 0 6 0 3
0 0 0 0 1 6 1 0 1 0 7 0 5 -1 -1 -1 -1 -1 -1 230987 0 15 25 15 15 0 6 0 3
0 0 0 0 1 6 1 0 1 0 7 0 5 -1 -1 -1 -1 -1 -1 231653 0 15 25 15 15 0 6 0 3
0 0 0 0 1 6 1 0 1 0 7 0 5 -1 -1 -1 -1 -1 -1 232320 0 15 25 15 15 0 6 0 3
0 0 0 0 3 6 1 0 1 0 7 0 5 4 2 1 2 0 0 232987 0 15 25 15 15 0 8 0 3
0 0 0 0 1 6 1 0 1 0 7 0 5 -1 -1 -1 -1 -1 -1 233654 0 15 25 15 15 0 8 0 3
0 0 0 0 1 6 1 0 1 0 7 0 5 -1 -1 -1 -1 -1 -1 234321 0 15 25 15 15 0 8 0 3
0 0 0 0 1 6 1 0 1 0 7 0 5 -1 -1 -1 -1 -1 -1 234987 0 15 25 15 15 0 8 0 3
0 0 0 0 3 6 1 0 1 0 7 0 5 4 1 1 1 0 0 235654 0 15 25 15 15 0 8 0 3
0 0 0 0 1 6 1 0 1 0 7 0 5 -1 -1 -1 -1 -1 -1 236321 0 15 25 15 15 0 6 0 3
0 0 0 0 1 6 1 0 1 0 7 0 5 -1 -1 -1 -1 -1 -1 236988 0 15 25 15 15 0 6 0 3
0 0 0 0 1 6 1 0 1 0 7 0 5 -1 -1 -1 -1 -1 -1 237655 0 15 25 15 15 0 6 0 3
0 0 0 0 2 7 1 0 1 0 7 0 5 4 1 1 1 1 1 238321 0 15 25 15 15 0 6 0 3
0 0 0 0 1 6 1 0 1 0 7 0 5 -1 -1 -1 -1 -1 -1 238988 0 15 25 15 15 0 6 0 3
0 0 0 0 1 6 1 0 1 0 7 0 5 -1 -1 -1 -1 -1 -1 239655 0 15 25 15 15 0 5 0 3
0 0 0 0 1 6 1 0 1 0 7 0 5 -1 -1 -1 -1 -1 -1 240322 0 15 25 15 15 0 5 0 3
0 0 0 0 3 6 1 0 1 0 7 0 5 4 2 1 2 0 0 240989 0 15 25 15 15 0 5 0 3
0 0 0 0 1 6 1 0 1 0 7 0 5 -1 -1 -1 -1 -1 -1 241655 0 15 25 15 15 0 5 0 3
0 0 0 0 1 6 1 0 1 0 7 0 5 -1 -1 -1 -1 -1 -1 242322 0 15 25 15 15 0 5 0 3
0 0 0 0 1 6 1 0 1 0 7 0 5 -1 -1 -1 -1 -1 -1 242989 0 15 25 15 15 0 6 0 3
0 0 0 0 3 6 1 0 1 0 7 0 5 4 3 1 3 0 0 243656 0 15 25 15 15 0 6 0 3
0 0 0 0 1 6 1 0 1 0 7 0 5 -1 -1 -1 -1 -1 -1 244323 0 15 25 15 15 0 6 0 3
0 0 0 0 1 6 1 0 1 0 7 0 5 -1 -1 -1 -1 -1 -1 244990 0 15 25 15 15 0 6 0 3
0 0 0 0 1 6 1 0 1 0 7 0 5 -1 -1 -1 -1 -1 -1 245656 0 15 25 15 15 0 6 0 3
0 0 0 0 2 7 1 0 1 0 7 0 5 4 2 1 2 1 1 246323 0 15 25 15 15 0 6 0 3
0 0 0 0 1 6 1 0 1 0 7 0 5 -1 -1 -1 -1 -1 -1 246990 0 15 25 15 15 0 6 0 3
0 0 0 0 1 6 1 0 1 0 7 0 5 -1 -1 -1 -1 -1 -1 247657 0 15 25 15 15 0 6 0 3
0 0 0 0 1 6 1 0 1 0 7 0 5 -1 -1 -1 -1 -1 -1 248324 0 15 25 15 15 0 6 0 3
0 0 0 0 2 7 1 0 1 0 7 0 5 4 1 1 1 1 1 248990 0 15 25 15 15 0 6 0 3
0 0 0 0 1 6 1 0 1 0 7 0 5 -1 -1 -1 -1 -1 -1 249657 0 15 25 15 15 0 8 0 3
0 0 0 0 1 6 1 0 1 0 7 0 5 -1 -1 -1 -1 -1 -1 250324 0 15 25 15 15 0 8 0 3
0 0 0 0 1 6 1 0 1 0 7 0 5 -1 -1 -1 -1 -1 -1 250991 0 15 25 15 15 0 8 0 3
0 0 0 0 3 6 1 0 1 0 7 0 5 4 0 1 0 0 0 251658 0 15 25 15 15 0 8 0 3
0 0 0 0 1 6 1 0 1 0 7 0 5 -1 -1 -1 -1 -1 -1 252324 0 15 25 15 15 0 8 0 3
0 0 0 0 1 6 1 0 1 0 7 0 5 -1 -1 -1 -1 -1 -1 252991 0 15 25 15 15 0 6 0 3
0 0 0 0 1 6 1 0 1 0 7 0 5 -1 -1 -1 -1 -1 -1 253658 0 15 25 15 15 0 6 0 3
0 0 0 0 3 6 1 0 1 0 7 0 5 4 2 1 2 0 0 254325 0 15 25 15 15 0 6 0 3
0 0 0 0 1 6 1 0 1 0 7 0 5 -1 -1 -1 -1 -1 -1 254992 0 15 25 15 15 0 6 0 3
0 0 0 0 1 6 1 0 1 0 7 0 5 -1 -1 -1 -1 -1 -1 255658 0 15 25 15 15 0 6 0 3
0 0 0 0 1 6 1 0 1 0 7 0 5 -1 -1 -1 -1 -1 -1 256325 0 15 25 15 15 0 5 0 3
0 0 0 0 3 6 1 0 1 0 7 0 5 4 3 1 3 0 0 256992 0 15 25 15 15 0 5 0 3
0 0 0 0 1 6 1 0 1 0 7 0 5 -1 -1 -1 -1 -1 -1 257658 0 15 25 15 15 0 5 0 3
0 0 0 0 1 6 1 0 1 0 7 0 5 -1 -1 -1 -1 -1 -1 258325 0 15 25 15 15 0 5 0 3
0 0 0 0 1 6 1 0 1 0 7 0 5 -1 -1 -1 -1 -1 -1 258991 0 15 25 15 15 0 5 0 3
0 0 0 0 3 6 1 0 1 0 7 0 5 4 1 1 1 0 0 259658 0 15 25 15 15 0 6 0 3
0 0 0 0 1 6 1 0 1 0 7 0 5 -1 -1 -1 -1 -1 -1 260324 0 15 25 15 15 0 6 0 3
0 0 0 0 1 6 1 0 1 0 7 0 5 -1 -1 -1 -1 -1 -1 260991 0 15 25 15 15 0 6 0 3
0 0 0 0 1 6 1 0 1 0 7 0 5 -1 -1 -1 -1 -1 -1 261657 0 15 25 15 15 0 6 0 3
0 0 0 0 3 6 1 0 1 0 7 0 5 4 0 1 0 0 0 262324 0 15 25 15 15 0 6 0 3
0 0 0 0 1 6 1 0 1 0 7 0 5 -1 -1 -1 -1 -1 -1 262990 0 15 25 15 15 0 6 0 3
0 0 0 0 1 6 1 0 1 0 7 0 5 -1 -1 -1 -1 -1 -1 263657 0 15 25 15 15 0 6 0 3
0 0 0 0 1 6 1 0 1 0 7 0 5 -1 -1 -1 -1 -1 -1 264323 0 15 25 15 15 0 6 0 3
0 0 0 0 3 6 1 0 1 0 7 0 5 4 3 1 3 0 0 264990 0 15 25 15 15 0 6 0 3
0 0 0 0 1 6 1 0 1 0 7 0 5 -1 -1 -1 -1 -1 -1 265656 0 15 25 15 15 0 6 0 3
0 0 0 0 1 6 1 0 1 0 7 0 5 -1 -1 -1 -1 -1 -1 266323 0 15 25 15 15 0 8 0 3
0 0 0 0 1 6 1 0 1 0 7 0 5 -1 -1 -1 -1 -1 -1 266989 0 15 25 15 15 0 8 0 3
0 0 0 0 2 8 1 0 1 0 7 0 5 4 1 1 1 1 0 267656 0 15 25 15 15 0 8 0 3
0 0 0 0 1 6 1 0 1 0 7 0 5 -1 -1 -1 -1 -1 -1 268322 0 15 25 15 15 0 8 0 3
0 0 0 0 1 6 1 0 1 0 7 0 5 -1 -1 -1 -1 -1 -1 268989 0 15 25 15 15 0 8 0 3
0 0 0 0 1 6 1 0 1 0 7 0 5 -1 -1 -1 -1 -1 -1 269655 0 15 25 15 15 0 6 0 3
0 0 0 0 3 8 1 0 1 0 7 0 5 4 1 1 1 0 1 270322 0 15 25 15 15 0 6 0 3
0 0 0 0 1 6 1 0 1 0 7 0 5 -1 -1 -1 -1 -1 -1 270988 0 15 25 15 15 0 6 0 3
0 0 0 0 1 6 1 0 1 0 7 0 5 -1 -1 -1 -1 -1 -1 271655 0 15 25 15 15 0 6 0 3
0 0 0 0 1 6 1 0 1 0 7 0 5 -1 -1 -1 -1 -1 -1 272321 0 15 25 15 15 0 6 0 3
0 0 0 0 2 8 1 0 1 0 7 0 5 4 2 1 2 1 0 272988 0 15 25 15 15 0 5 0 3
0 0 0 0 1 6 1 0 1 0 7 0 5 -1 -1 -1 -1 -1 -1 273654 0 15 25 15 15 0 5 0 3
0 0 0 0 1 6 1 0 1 0 7 0 5 -1 -1 -1 -1 -1 -1 274321 0 15 25 15 15 0 5 0 3
0 0 0 0 1 6 1 0 1 0 7 0 5 -1 -1 -1 -1 -1 -1 274987 0 15 25 15 15 0 5 0 3
0 0 0 0 2 7 1 0 1 0 7 0 5 4 3 1 3 1 1 275654 0 15 25 15 15 0 5 0 3
0 0 0 0 1 6 1 0 1 0 7 0 5 -1 -1 -1 -1 -1 -1 276320 0 15 25 15 15 0 6 0 3
0 0 0 0 1 6 1 0 1 0 7 0 5 -1 -1 -1 -1 -1 -1 276987 0 15 25 15 15 0 6 0 3
0 0 0 0 1 6 1 0 1 0 7 0 5 -1 -1 -1 -1 -1 -1 277653 0 15 25 15 15 0 6 0 3
0 0 0 0 3 6 1 0 1 0 7 0 5 4 2 1 2 0 0 278320 0 15 25 15 15 0 6 0 3
0 0 0 0 1 6 1 0 1 0 7 0 5 -1 -1 -1 -1 -1 -1 278986 0 15 25 15 15 0 6 0 3
0 0 0 0 1 6 1 0 1 0 7 0 5 -1 -1 -1 -1 -1 -1 279653 0 15 25 15 15 0 6 0 3
0 0 0 0 1 6 1 0 1 0 7 0 5 -1 -1 -1 -1 -1 -1 280319 0 15 25 15 15 0 6 0 3
0 0 0 0 3 6 1 0 1 0 7 0 5 4 1 1 1 0 0 280986 0 15 25 15 15 0 6 0 3
0 0 0 0 1 6 1 0 1 0 7 0 5 -1 -1 -1 -1 -1 -1 281652 0 15 25 15 15 0 6 0 3
0 0 0 0 1 6 1 0 1 0 7 0 5 -1 -1 -1 -1 -1 -1 282319 0 15 25 15 15 0 6 0 3
0 0 0 0 1 6 1 0 1 0 7 0 5 -1 -1 -1 -1 -1 -1 282985 0 15 25 15 15 0 8 0 3
0 0 0 0 3 6 1 0 1 0 7 0 5 4 2 1 2 0 0 283652 0 15 25 15 15 0 8 0 3
0 0 0 0 1 6 1 0 1 0 7 0 5 -1 -1 -1 -1 -1 -1 284318 0 15 25 15 15 0 8 0 3
0 0 0 0 1 6 1 0 1 0 7 0 5 -1 -1 -1 -1 -1 -1 284985 0 15 25 15 15 0 8 0 3
0 0 0 0 1 6 1 0 1 0 7 0 5 -1 -1 -1 -1 -1 -1 285651 0 15 25 15 15 0 8 0 3
0 0 0 0 3 6 1 0 1 0 7 0 5 4 0 1 0 0 0 286318 0 15 25 15 15 0 6 0 3
0 0 0 0 1 6 1 0 1 0 7 0 5 -1 -1 -1 -1 -1 -1 286984 0 15 25 15 15 0 6 0 3
0 0 0 0 1 6 1 0 1 0 7 0 5 -1 -1 -1 -1 -1 -1 287651 0 15 25 15 15 0 6 0 3
0 0 0 0 1 6 1 0 1 0 7 0 5 -1 -1 -1 -1 -1 -1 288317 0 15 25 15 15 0 6 0 3
0 0 0 0 3 6 1 0 1 0 7 0 5 4 3 1 3 0 0 288984 0 15 25 15 15 0 6 0 3
0 0 0 0 1 6 1 0 1 0 7 0 5 -1 -1 -1 -1 -1 -1 289650 0 15 25 15 15 0 5 0 3
0 0 0 0 1 6 1 0 1 0 7 0 5 -1 -1 -1 -1 -1 -1 290317 0 15 25 15 15 0 5 0 3
0 0 0 0 1 6 1 0 1 0 7 0 5 -1 -1 -1 -1 -1 -1 290983 0 15 25 15 15 0 5 0 3
0 0 0 0 3 6 1 0 1 0 7 0 5 4 0 1 0 0 0 291650 0 15 25 15 15 0 5 0 3
0 0 0 0 1 6 1 0 1 0 7 0 5 -1 -1 -1 -1 -1 -1 292316 0 15 25 15 15 0 5 0 3
0 0 0 0 1 6 1 0 1 0 7 0 5 -1 -1 -1 -1 -1 -1 292983 0 15 25 15 15 0 6 0 3
0 0 0 0 1 6 1 0 1 0 7 0 5 -1 -1 -1 -1 -1 -1 293649 0 15 25 15 15 0 6 0 3
0 0 0 0 2 7 1 0 1 0 7 0 5 4 3 1 3 1 1 294316 0 15 25 15 15 0 6 0 3
0 0 0 0 1 6 1 0 1 0 7 0 5 -1 -1 -1 -1 -1 -1 294982 0 15 25 15 15 0 6 0 3
0 0 0 0 1 6 1 0 1 0 7 0 5 -1 -1 -1 -1 -1 -1 295649 0 15 25 15 15 0 6 0 3
0 0 0 0 1 6 1 0 1 0 7 0 5 -1 -1 -1 -1 -1 -1 296315 0 15 25 15 15 0 6 0 3
0 0 0 0 3 8 1 0 1 0 7 0 5 4 0 1 0 0 1 296982 0 15 25 15 15 0 6 0 3
0 0 0 0 1 6 1 0 1 0 7 0 5 -1 -1 -1 -1 -1 -1 297648 0 15 25 15 15 0 6 0 3
0 0 0 0 1 6 1 0 1 0 7 0 5 -1 -1 -1 -1 -1 -1 298315 0 15 25 15 15 0 6 0 3
0 0 0 0 1 6 1 0 1 0 7 0 5 -1 -1 -1 -1 -1 -1 298981 0 15 25 15 15 0 6 0 3
0 0 0 0 3 6 1 0 1 0 7 0 5 4 0 1 0 0 0 299648 0 15 25 15 15 0 8 0 3
0 0 0 0 1 6 1 0 1 0 7 0 5 -1 -1 -1 -1 -1 -1 300314 0 15 25 15 15 0 8 0 3
0 0 0 0 1 6 1 0 1 0 7 0 5 -1 -1 -1 -1 -1 -1 300981 0 15 25 15 15 0 8 0 3
0 0 0 0 1 6 1 0 1 0 7 0 5 -1 -1 -1 -1 -1 -1 301647 0 15 25 15 15 0 8 0 3
0 0 0 0 2 7 1 0 1 0 7 0 5 4 2 1 2 1 1 302314 0 15 25 15 15 0 8 0 3
0 0 0 0 1 6 1 0 1 0 7 0 5 -1 -1 -1 -1 -1 -1 302980 0 15 25 15 15 0 6 0 3
0 0 0 0 1 6 1 0 1 0 7 0 5 -1 -1 -1 -1 -1 -1 303647 0 15 25 15 15 0 6 0 3
0 0 0 0 1 6 1 0 1 0 7 0 5 -1 -1 -1 -1 -1 -1 304313 0 15 25 15 15 0 6 0 3
0 0 0 0 3 6 1 0 1 0 7 0 5 4 3 1 3 0 0 304980 0 15 25 15 15 0 6 0 3
0 0 0 0 1 6 1 0 1 0 7 0 5 -1 -1 -1 -1 -1 -1 305646 0 15 25 15 15 0 6 0 3
0 0 0 0 1 6 1 0 1 0 7 0 5 -1 -1 -1 -1 -1 -1 306313 0 15 25 15 15 0 5 0 3
0 0 0 0 1 6 1 0 1 0 7 0 5 -1 -1 -1 -1 -1 -1 306979 0 15 25 15 15 0 5 0 3
0 0 0 0 3 6 1 0 1 0 7 0 5 4 1 1 1 0 0 307646 0 15 25 15 15 0 5 0 3
0 0 0 0 1 6 1 0 1 0 7 0 5 -1 -1 -1 -1 -1 -1 308312 0 15 25 15 15 0 5 0 3
0 0 0 0 1 6 1 0 1 0 7 0 5 -1 -1 -1 -1 -1 -1 308979 0 15 25 15 15 0 5 0 3
0 0 0 0 1 6 1 0 1 0 7 0 5 -1 -1 -1 -1 -1 -1 309645 0 15 25 15 15 0 6 0 3
0 0 0 0 2 7 1 0 1 0 7 0 5 4 0 1 0 1 1 310312 0 15 25 15 15 0 6 0 3
0 0 0 0 1 6 1 0 1 0 7 0 5 -1 -1 -1 -1 -1 -1 310978 0 15 25 15 15 0 6 0 3
0 0 0 0 1 6 1 0 1 0 7 0 5 -1 -1 -1 -1 -1 -1 311645 0 15 25 15 15 0 6 0 3
0 0 0 0 1 6 1 0 1 0 7 0 5 -1 -1 -1 -1 -1 -1 312311 0 15 25 15 15 0 6 0 3
0 0 0 0 3 6 1 0 1 0 7 0 5 4 2 1 2 0 0 312978 0 15 25 15 15 0 6 0 3
0 0 0 0 1 6 1 0 1 0 7 0 5 -1 -1 -1 -1 -1 -1 313645 0 15 25 15 15 0 6 0 3
0 0 0 0 1 6 1 0 1 0 7 0 5 -1 -1 -1 -1 -1 -1 314311 0 15 25 15 15 0 6 0 3
0 0 0 0 1 6 1 0 1 0 7 0 5 -1 -1 -1 -1 -1 -1 314978 0 15 25 15 15 0 6 0 3
0 0 0 0 2 7 1 0 1 0 7 0 5 4 0 1 0 1 1 315644 0 15 25 15 15 0 6 0 3
0 0 0 0 1 6 1 0 1 0 7 0 5 -1 -1 -1 -1 -1 -1 316311 0 15 25 15 15 0 8 0 3
0 0 0 0 1 6 1 0 1 0 7 0 5 -1 -1 -1 -1 -1 -1 316977 0 15 25 15 15 0 8 0 3
0 0 0 0 1 6 1 0 1 0 7 0 5 -1 -1 -1 -1 -1 -1 317644 0 15 25 15 15 0 8 0 3
0 0 0 0 2 7 1 0 1 0 7 0 5 4 0 1 0 1 1 318310 0 15 25 15 15 0 8 0 3
0 0 0 0 1 6 1 0 1 0 7 0 5 -1 -1 -1 -1 -1 -1 318977 0 15 25 15 15 0 8 0 3
0 0 0 0 1 6 1 0 1 0 7 0 5 -1 -1 -1 -1 -1 -1 319643 0 15 25 15 15 0 6 0 3
0 0 0 0 1 6 1 0 1 0 7 0 5 -1 -1 -1 -1 -1 -1 320310 0 15 25 15 15 0 6 0 3
0 0 0 0 3 6 1 0 1 0 7 0 5 4 3 1 3 0 0 320976 0 15 25 15 15 0 6 0 3
0 0 0 0 1 6 1 0 1 0 7 0 5 -1 -1 -1 -1 -1 -1 321643 0 15 25 15 15 0 6 0 3
0 0 0 0 1 6 1 0 1 0 7 0 5 -1 -1 -1 -1 -1 -1 322309 0 15 25 15 15 0 6 0 3
0 0 0 0 1 6 1 0 1 0 7 0 5 -1 -1 -1 -1 -1 -1 322976 0 15 25 15 15 0 5 0 3
0 0 0 0 3 6 1 0 1 0 7 0 5 4 1 1 1 0 0 323642 0 15 25 15 15 0 5 0 3
0 0 0 0 1 6 1 0 1 0 7 0 5 -1 -1 -1 -1 -1 -1 324309 0 15 25 15 15 0 5 0 3
0 0 0 0 1 6 1 0 1 0 7 0 5 -1 -1 -1 -1 -1 -1 324975 0 15 25 15 15 0 5 0 3
0 0 0 0 1 6 1 0 1 0 7 0 5 -1 -1 -1 -1 -1 -1 325642 0 15 25 15 15 0 5 0 3
0 0 0 0 3 6 1 0 1 0 7 0 5 4 2 1 2 0 0 326308 0 15 25 15 15 0 6 0 3
0 0 0 0 1 6 1 0 1 0 7 0 5 -1 -1 -1 -1 -1 -1 326975 0 15 25 15 15 0 6 0 3
0 0 0 0 1 6 1 0 1 0 7 0 5 -1 -1 -1 -1 -1 -1 327641 0 15 25 15 15 0 6 0 3
0 0 0 0 1 6 1 0 1 0 7 0 5 -1 -1 -1 -1 -1 -1 328308 0 15 25 15 15 0 6 0 3
0 0 0 0 3 8 1 0 1 0 7 0 5 4 1 1 1 0 1 328974 0 15 25 15 15 0 6 0 3
0 0 0 0 1 6 1 0 1 0 7 0 5 -1 -1 -1 -1 -1 -1 329641 0 15 25 15 15 0 6 0 3
0 0 0 0 1 6 1 0 2 0 7 0 5 -1 -1 -1 -1 -1 -1 336339 0 15 25 15 60 0 8 0 3
0 0 0 0 1 6 1 0 2 0 7 0 5 -1 -1 -1 -1 -1 -1 336506 0 15 25 15 60 0 8 0 3
0 0 0 0 1 6 1 0 2 0 7 0 5 -1 -1 -1 -1 -1 -1 336672 0 15 25 15 60 0 8 0 3
0 0 0 0 1 6 1 0 2 0 7 0 5 -1 -1 -1 -1 -1 -1 336872 0 15 25 15 54 0 8 0 3
0 0 0 0 1 6 1 0 2 0 7 0 5 -1 -1 -1 -1 -1 -1 337072 0 15 25 15 36 0 0 0 3
0 0 0 0 1 6 1 0 2 0 7 0 5 -1 -1 -1 -1 -1 -1 337572 0 15 25 15 15 0 0 0 3
0 0 0 0 1 6 1 0 2 0 7 0 5 -1 -1 -1 -1 -1 -1 338238 0 15 25 15 15 0 0 0 3
0 0 0 0 1 6 1 0 2 0 7 0 5 -1 -1 -1 -1 -1 -1 338905 0 15 25 15 15 0 0 0 3
0 0 0 0 1 6 1 0 2 0 7 0 5 -1 -1 -1 -1 -1 -1 339572 0 15 25 15 15 0 0 0 3
0 0 0 0 1 6 1 0 2 0 7 0 5 -1 -1 -1 -1 -1 -1 340238 0 15 25 15 15 0 2 0 3
0 0 0 0 3 6 1 0 2 0 7 0 5 4 3 1 3 0 0 340905 0 15 25 15 15 0 2 0 3
0 0 0 0 1 6 1 0 2 0 7 0 5 -1 -1 -1 -1 -1 -1 341571 0 15 25 15 15 0 2 0 3
0 0 0 0 1 6 1 0 2 0 7 0 5 -1 -1 -1 -1 -1 -1 342238 0 15 25 15 15 0 2 0 3
0 0 0 0 1 6 1 0 2 0 7 0 5 -1 -1 -1 -1 -1 -1 342904 0 15 25 15 15 0 2 0 3
0 0 0 0 3 6 1 0 2 0 7 0 5 4 0 1 0 0 0 343571 0 15 25 15 15 0 3 0 3
0 0 0 0 1 6 1 0 2 0 7 0 5 -1 -1 -1 -1 -1 -1 344237 0 15 25 15 15 0 3 0 3
0 0 0 0 1 6 1 0 2 0 7 0 5 -1 -1 -1 -1 -1 -1 344904 0 15 25 15 15 0 3 0 3
0 0 0 0 1 6 1 0 2 0 7 0 5 -1 -1 -1 -1 -1 -1 345570 0 15 25 15 15 0 3 0 3
0 0 0 0 3 6 1 0 2 0 7 0 5 4 3 1 3 0 0 346237 0 15 25 15 15 0 3 0 3
0 0 0 0 1 6 1 0 2 0 7 0 5 -1 -1 -1 -1 -1 -1 346903 0 15 25 15 15 0 3 0 3
0 0 0 0 1 6 1 0 2 0 7 0 5 -1 -1 -1 -1 -1 -1 347570 0 15 25 15 15 0 3 0 3
0 0 0 0 1 6 1 0 2 0 7 0 5 -1 -1 -1 -1 -1 -1 348236 0 15 25 15 15 0 3 0 3
0 0 0 0 3 6 1 0 2 0 7 0 5 4 3 1 3 0 0 348903 0 15 25 15 15 0 3 0 3
0 0 0 0 1 6 1 0 2 0 7 0 5 -1 -1 -1 -1 -1 -1 349569 0 15 25 15 15 0 3 0 3
0 0 0 0 1 6 1 0 2 0 7 0 5 -1 -1 -1 -1 -1 -1 350236 0 15 25 15 15 0 8 0 3
0 0 0 0 1 6 1 0 2 0 7 0 5 -1 -1 -1 -1 -1 -1 350902 0 15 25 15 15 0 8 0 3
0 0 0 0 3 6 1 0 2 0 7 0 5 4 2 1 2 0 0 351569 0 15 25 15 15 0 8 0 3
0 0 0 0 1 6 1 0 2 0 7 0 5 -1 -1 -1 -1 -1 -1 352235 0 15 25 15 15 0 8 0 3
0 0 0 0 1 6 1 0 2 0 7 0 5 -1 -1 -1 -1 -1 -1 352902 0 15 25 15 15 0 8 0 3
0 0 0 0 1 6 1 0 2 0 7 0 5 -1 -1 -1 -1 -1 -1 353568 0 15 25 15 15 0 0 0 3
0 0 0 0 3 6 1 0 2 0 7 0 5 4 2 1 2 0 0 354235 0 15 25 15 15 0 0 0 3
0 0 0 0 1 6 1 0 2 0 7 0 5 -1 -1 -1 -1 -1 -1 354901 0 15 25 15 15 0 0 0 3
0 0 0 0 1 6 1 0 2 0 7 0 5 -1 -1 -1 -1 -1 -1 355568 0 15 25 15 15 0 0 0 3
0 0 0 0 1 6 1 0 2 0 7 0 5 -1 -1 -1 -1 -1 -1 356234 0 15 25 15 15 0 0 0 3
0 0 0 0 3 6 1 0 2 0 7 0 5 4 0 1 0 0 0 356901 0 15 25 15 15 0 2 0 3
0 0 0 0 1 6 1 0 2 0 7 0 5 -1 -1 -1 -1 -1 -1 357567 0 15 25 15 15 0 2 0 3
0 0 0 0 1 6 1 0 2 0 7 0 5 -1 -1 -1 -1 -1 -1 358234 0 15 25 15 15 0 2 0 3
0 0 0 0 1 6 1 0 2 0 7 0 5 -1 -1 -1 -1 -1 -1 358900 0 15 25 15 15 0 2 0 3
0 0 0 0 3 6 1 0 2 0 7 0 5 4 1 1 1 0 0 359567 0 15 25 15 15 0 2 0 3
0 0 0 0 1 6 1 0 2 0 7 0 5 -1 -1 -1 -1 -1 -1 360233 0 15 25 15 15 0 3 0 3
0 0 0 0 1 6 1 0 2 0 7 0 5 -1 -1 -1 -1 -1 -1 360900 0 15 25 15 15 0 3 0 3
0 0 0 0 1 6 1 0 2 0 7 0 5 -1 -1 -1 -1 -1 -1 361566 0 15 25 15 15 0 3 0 3
0 0 0 0 3 6 1 0 2 0 7 0 5 4 1 1 1 0 0 362233 0 15 25 15 15 0 3 0 3
0 0 0 0 1 6 1 0 2 0 7 0 5 -1 -1 -1 -1 -1 -1 362899 0 15 25 15 15 0 3 0 3
0 0 0 0 1 6 1 0 2 0 7 0 5 -1 -1 -1 -1 -1 -1 363566 0 15 25 15 15 0 3 0 3
0 0 0 0 1 6 1 0 2 0 7 0 5 -1 -1 -1 -1 -1 -1 364232 0 15 25 15 15 0 3 0 3
0 0 0 0 3 6 1 0 2 0 7 0 5 4 1 1 1 0 0 364899 0 15 25 15 15 0 3 0 3
0 0 0 0 1 6 1 0 2 0 7 0 5 -1 -1 -1 -1 -1 -1 365565 0 15 25 15 15 0 3 0 3
0 0 0 0 1 6 1 0 2 0 7 0 5 -1 -1 -1 -1 -1 -1 366232 0 15 25 15 15 0 3 0 3
0 0 0 0 1 6 1 0 2 0 7 0 5 -1 -1 -1 -1 -1 -1 366898 0 15 25 15 15 0 8 0 3
0 0 0 0 3 6 1 0 2 0 7 0 5 4 0 1 0 0 0 367565 0 15 25 15 15 0 8 0 3
0 0 0 0 1 6 1 0 2 0 7 0 5 -1 -1 -1 -1 -1 -1 368231 0 15 25 15 15 0 8 0 3
0 0 0 0 1 6 1 0 2 0 7 0 5 -1 -1 -1 -1 -1 -1 368898 0 15 25 15 15 0 8 0 3
0 0 0 0 1 6 1 0 2 0 7 0 5 -1 -1 -1 -1 -1 -1 369564 0 15 25 15 15 0 8 0 3
0 0 0 0 2 7 1 0 2 0 7 0 5 4 2 1 2 1 1 370231 0 15 25 15 15 0 0 0 3
0 0 0 0 1 6 1 0 2 0 7 0 5 -1 -1 -1 -1 -1 -1 370897 0 15 25 15 15 0 0 0 3
0 0 0 0 1 6 1 0 2 0 7 0 5 -1 -1 -1 -1 -1 -1 371564 0 15 25 15 15 0 0 0 3
0 0 0 0 1 6 1 0 2 0 7 0 5 -1 -1 -1 -1 -1 -1 372230 0 15 25 15 15 0 0 0 3
0 0 0 0 3 8 1 0 2 0 7 0 5 4 3 1 3 0 1 372897 0 15 25 15 15 0 0 0 3
0 0 0 0 1 6 1 0 2 0 7 0 5 -1 -1 -1 -1 -1 -1 373563 0 15 25 15 15 0 2 0 3
0 0 0 0 1 6 1 0 2 0 7 0 5 -1 -1 -1 -1 -1 -1 374230 0 15 25 15 15 0 2 0 3
0 0 0 0 1 6 1 0 2 0 7 0 5 -1 -1 -1 -1 -1 -1 374896 0 15 25 15 15 0 2 0 3
0 0 0 0 3 6 1 0 2 0 7 0 5 4 1 1 1 0 0 375563 0 15 25 15 15 0 2 0 3
0 0 0 0 1 6 1 0 2 0 7 0 5 -1 -1 -1 -1 -1 -1 376229 0 15 25 15 15 0 2 0 3
0 0 0 0 1 6 1 0 2 0 7 0 5 -1 -1 -1 -1 -1 -1 376896 0 15 25 15 15 0 3 0 3
0 0 0 0 1 6 1 0 2 0 7 0 5 -1 -1 -1 -1 -1 -1 377562 0 15 25 15 15 0 3 0 3
0 0 0 0 3 6 1 0 2 0 7 0 5 4 0 1 0 0 0 378229 0 15 25 15 15 0 3 0 3
0 0 0 0 1 6 1 0 2 0 7 0 5 -1 -1 -1 -1 -1 -1 378895 0 15 25 15 15 0 3 0 3
0 0 0 0 1 6 1 0 2 0 7 0 5 -1 -1 -1 -1 -1 -1 379562 0 15 25 15 15 0 3 0 3
0 0 0 0 1 6 1 0 2 0 7 0 5 -1 -1 -1 -1 -1 -1 380228 0 15 25 15 15 0 3 0 3
0 0 0 0 2 7 1 0 2 0 7 0 5 4 1 1 1 1 1 380895 0 15 25 15 15 0 3 0 3
0 0 0 0 1 6 1 0 2 0 7 0 5 -1 -1 -1 -1 -1 -1 381561 0 15 25 15 15 0 3 0 3
0 0 0 0 1 6 1 0 2 0 7 0 5 -1 -1 -1 -1 -1 -1 382228 0 15 25 15 15 0 3 0 3
0 0 0 0 1 6 1 0 2 0 7 0 5 -1 -1 -1 -1 -1 -1 382894 0 15 25 15 15 0 3 0 3
0 0 0 0 2 7 1 0 2 0 7 0 5 4 1 1 1 1 1 383561 0 15 25 15 15 0 8 0 3
0 0 0 0 1 6 1 0 2 0 7 0 5 -1 -1 -1 -1 -1 -1 384227 0 15 25 15 15 0 8 0 3
0 0 0 0 1 6 1 0 2 0 7 0 5 -1 -1 -1 -1 -1 -1 384894 0 15 25 15 15 0 8 0 3
0 0 0 0 1 6 1 0 2 0 7 0 5 -1 -1 -1 -1 -1 -1 385560 0 15 25 15 15 0 8 0 3
0 0 0 0 3 6 1 0 2 0 7 0 5 4 2 1 2 0 0 386227 0 15 25 15 15 0 8 0 3
0 0 0 0 1 6 1 0 2 0 7 0 5 -1 -1 -1 -1 -1 -1 386893 0 15 25 15 15 0 0 0 3
0 0 0 0 1 6 1 0 2 0 7 0 5 -1 -1 -1 -1 -1 -1 387560 0 15 25 15 15 0 0 0 3
0 0 0 0 1 6 1 0 2 0 7 0 5 -1 -1 -1 -1 -1 -1 388226 0 15 25 15 15 0 0 0 3
0 0 0 0 2 7 1 0 2 0 7 0 5 4 2 1 2 1 1 388893 0 15 25 15 15 0 0 0 3
0 0 0 0 1 6 1 0 2 0 7 0 5 -1 -1 -1 -1 -1 -1 389559 0 15 25 15 15 0 0 0 3
0 0 0 0 1 6 1 0 2 0 7 0 5 -1 -1 -1 -1 -1 -1 390226 0 15 25 15 15 0 2 0 3
0 0 0 0 1 6 1 0 2 0 7 0 5 -1 -1 -1 -1 -1 -1 390892 0 15 25 15 15 0 2 0 3
0 0 0 0 3 6 1 0 2 0 7 0 5 4 1 1 1 0 0 391559 0 15 25 15 15 0 2 0 3
0 0 0 0 1 6 1 0 2 0 7 0 5 -1 -1 -1 -1 -1 -1 392225 0 15 25 15 15 0 2 0 3
0 0 0 0 1 6 1 0 2 0 7 0 5 -1 -1 -1 -1 -1 -1 392892 0 15 25 15 15 0 2 0 3
0 0 0 0 1 6 1 0 2 0 7 0 5 -1 -1 -1 -1 -1 -1 393558 0 15 25 15 15 0 3 0 3
0 0 0 0 3 8 1 0 2 0 7 0 5 4 0 1 0 0 1 394225 0 15 25 15 15 0 3 0 3
0 0 0 0 1 6 1 0 2 0 7 0 5 -1 -1 -1 -1 -1 -1 394891 0 15 25 15 15 0 3 0 3
0 0 0 0 1 6 1 0 2 0 7 0 5 -1 -1 -1 -1 -1 -1 395558 0 15 25 15 15 0 3 0 3
0 0 0 0 1 6 1 0 2 0 7 0 5 -1 -1 -1 -1 -1 -1 396224 0 15 25 15 15 0 3 0 3
0 0 0 0 3 8 1 0 2 0 7 0 5 4 2 1 2 0 1 396891 0 15 25 15 15 0 3 0 3
0 0 0 0 1 6 1 0 2 0 7 0 5 -1 -1 -1 -1 -1 -1 397557 0 15 25 15 15 0 3 0 3
0 0 0 0 1 6 1 0 2 0 7 0 5 -1 -1 -1 -1 -1 -1 398224 0 15 25 15 15 0 3 0 3
0 0 0 0 1 6 1 0 2 0 7 0 5 -1 -1 -1 -1 -1 -1 398890 0 15 25 15 15 0 3 0 3
0 0 0 0 3 6 1 0 2 0 7 0 5 4 0 1 0 0 0 399557 0 15 25 15 15 0 3 0 3
0 0 0 0 1 6 1 0 2 0 7 0 5 -1 -1 -1 -1 -1 -1 400223 0 15 25 15 15 0 8 0 3
0 0 0 0 1 6 1 0 2 0 7 0 5 -1 -1 -1 -1 -1 -1 400890 0 15 25 15 15 0 8 0 3
0 0 0 0 1 6 1 0 2 0 7 0 5 -1 -1 -1 -1 -1 -1 401556 0 15 25 15 15 0 8 0 3
0 0 0 0 2 7 1 0 2 0 7 0 5 4 1 1 1 1 1 402223 0 15 25 15 15 0 8 0 3
0 0 0 0 1 6 1 0 2 0 7 0 5 -1 -1 -1 -1 -1 -1 402889 0 15 25 15 15 0 8 0 3
0 0 0 0 1 6 1 0 2 0 7 0 5 -1 -1 -1 -1 -1 -1 403556 0 15 25 15 15 0 0 0 3
0 0 0 0 1 6 1 0 2 0 7 0 5 -1 -1 -1 -1 -1 -1 404222 0 15 25 15 15 0 0 0 3
0 0 0 0 2 7 1 0 2 0 7 0 5 4 2 1 2 1 1 404889 0 15 25 15 15 0 0 0 3
0 0 0 0 1 6 1 0 2 0 7 0 5 -1 -1 -1 -1 -1 -1 405555 0 15 25 15 15 0 0 0 3
0 0 0 0 1 6 1 0 2 0 7 0 5 -1 -1 -1 -1 -1 -1 406222 0 15 25 15 15 0 0 0 3
0 0 0 0 1 6 1 0 2 0 7 0 5 -1 -1 -1 -1 -1 -1 406888 0 15 25 15 15 0 2 0 3
0 0 0 0 3 8 1 0 2 0 7 0 5 4 1 1 1 0 1 407555 0 15 25 15 15 0 2 0 3
0 0 0 0 1 6 1 0 2 0 7 0 5 -1 -1 -1 -1 -1 -1 408221 0 15 25 15 15 0 2 0 3
0 0 0 0 1 6 1 0 2 0 7 0 5 -1 -1 -1 -1 -1 -1 408888 0 15 25 15 15 0 2 0 3
0 0 0 0 1 6 1 0 2 0 7 0 5 -1 -1 -1 -1 -1 -1 409554 0 15 25 15 15 0 2 0 3
0 0 0 0 3 6 1 0 2 0 7 0 5 4 0 1 0 0 0 410221 0 15 25 15 15 0 3 0 3
0 0 0 0 1 6 1 0 2 0 7 0 5 -1 -1 -1 -1 -1 -1 410887 0 15 25 15 15 0 3 0 3
0 0 0 0 1 6 1 0 2 0 7 0 5 -1 -1 -1 -1 -1 -1 411554 0 15 25 15 15 0 3 0 3
0 0 0 0 1 6 1 0 2 0 7 0 5 -1 -1 -1 -1 -1 -1 412220 0 15 25 15 15 0 3 0 3
0 0 0 0 3 6 1 0 2 0 7 0 5 4 2 1 2 0 0 412887 0 15 25 15 15 0 3 0 3
0 0 0 0 1 6 1 0 2 0 7 0 5 -1 -1 -1 -1 -1 -1 413553 0 15 25 15 15 0 3 0 3
0 0 0 0 1 6 1 0 2 0 7 0 5 -1 -1 -1 -1 -1 -1 414220 0 15 25 15 15 0 3 0 3
0 0 0 0 1 6 1 0 2 0 7 0 5 -1 -1 -1 -1 -1 -1 414886 0 15 25 15 15 0 3 0 3
0 0 0 0 3 6 1 0 2 0 7 0 5 4 3 1 3 0 0 415553 0 15 25 15 15 0 3 0 3
0 0 0 0 1 6 1 0 2 0 7 0 5 -1 -1 -1 -1 -1 -1 416219 0 15 25 15 15 0 3 0 3
0 0 0 0 1 6 1 0 2 0 7 0 5 -1 -1 -1 -1 -1 -1 416886 0 15 25 15 15 0 8 0 3
0 0 0 0 1 6 1 0 2 0 7 0 5 -1 -1 -1 -1 -1 -1 417552 0 15 25 15 15 0 8 0 3
0 0 0 0 2 7 1 0 2 0 7 0 5 4 0 1 0 1 1 418219 0 15 25 15 15 0 8 0 3
0 0 0 0 1 6 1 0 2 0 7 0 5 -1 -1 -1 -1 -1 -1 418885 0 15 25 15 15 0 8 0 3
0 0 0 0 1 6 1 0 2 0 7 0 5 -1 -1 -1 -1 -1 -1 419552 0 15 25 15 15 0 8 0 3
0 0 0 0 1 6 1 0 2 0 7 0 5 -1 -1 -1 -1 -1 -1 420218 0 15 25 15 15 0 0 0 3
0 0 0 0 2 7 1 0 2 0 7 0 5 4 1 1 1 1 1 420885 0 15 25 15 15 0 0 0 3
0 0 0 0 1 6 1 0 2 0 7 0 5 -1 -1 -1 -1 -1 -1 421551 0 15 25 15 15 0 0 0 3
0 0 0 0 1 6 1 0 2 0 7 0 5 -1 -1 -1 -1 -1 -1 422218 0 15 25 15 15 0 0 0 3
0 0 0 0 1 6 1 0 2 0 7 0 5 -1 -1 -1 -1 -1 -1 422884 0 15 25 15 15 0 0 0 3
0 0 0 0 3 6 1 0 2 0 7 0 5 4 0 1 0 0 0 423551 0 15 25 15 15 0 2 0 3
0 0 0 0 1 6 1 0 2 0 7 0 5 -1 -1 -1 -1 -1 -1 424218 0 15 25 15 15 0 2 0 3
0 0 0 0 1 6 1 0 2 0 7 0 5 -1 -1 -1 -1 -1 -1 424884 0 15 25 15 15 0 2 0 3
0 0 0 0 1 6 1 0 2 0 7 0 5 -1 -1 -1 -1 -1 -1 425551 0 15 25 15 15 0 2 0 3
0 0 0 0 3 6 1 0 2 0 7 0 5 4 3 1 3 0 0 426217 0 15 25 15 15 0 2 0 3
0 0 0 0 1 6 1 0 2 0 7 0 5 -1 -1 -1 -1 -1 -1 426884 0 15 25 15 15 0 3 0 3
0 0 0 0 1 6 1 0 2 0 7 0 5 -1 -1 -1 -1 -1 -1 427550 0 15 25 15 15 0 3 0 3
0 0 0 0 1 6 1 0 2 0 7 0 5 -1 -1 -1 -1 -1 -1 428217 0 15 25 15 15 0 3 0 3
0 0 0 0 2 7 1 0 2 0 7 0 5 4 0 1 0 1 1 428883 0 15 25 15 15 0 3 0 3
0 0 0 0 1 6 1 0 2 0 7 0 5 -1 -1 -1 -1 -1 -1 429550 0 15 25 15 15 0 3 0 3
0 0 0 0 1 6 1 0 2 0 7 0 5 -1 -1 -1 -1 -1 -1 430216 0 15 25 15 15 0 3 0 3
0 0 0 0 1 6 1 0 2 0 7 0 5 -1 -1 -1 -1 -1 -1 430883 0 15 25 15 15 0 3 0 3
0 0 0 0 2 7 1 0 2 0 7 0 5 4 2 1 2 1 1 431549 0 15 25 15 15 0 3 0 3
0 0 0 0 1 6 1 0 2 0 7 0 5 -1 -1 -1 -1 -1 -1 432216 0 15 25 15 15 0 3 0 3
0 0 0 0 1 6 1 0 2 0 7 0 5 -1 -1 -1 -1 -1 -1 432882 0 15 25 15 15 0 3 0 3
0 0 0 0 1 6 1 0 2 0 7 0 5 -1 -1 -1 -1 -1 -1 433549 0 15 25 15 15 0 8 0 3
0 0 0 0 3 6 1 0 2 0 7 0 5 4 1 1 1 0 0 434215 0 15 25 15 15 0 8 0 3
0 0 0 0 1 6 1 0 2 0 7 0 5 -1 -1 -1 -1 -1 -1 434882 0 15 25 15 15 0 8 0 3
0 0 0 0 1 6 1 0 2 0 7 0 5 -1 -1 -1 -1 -1 -1 435548 0 15 25 15 15 0 8 0 3
0 0 0 0 1 6 1 0 2 0 7 0 5 -1 -1 -1 -1 -1 -1 436215 0 15 25 15 15 0 8 0 3
0 0 0 0 3 6 1 0 2 0 7 0 5 4 3 1 3 0 0 436881 0 15 25 15 15 0 0 0 3
0 0 0 0 1 6 1 0 2 0 7 0 5 -1 -1 -1 -1 -1 -1 437548 0 15 25 15 15 0 0 0 3
0 0 0 0 1 6 1 0 2 0 7 0 5 -1 -1 -1 -1 -1 -1 438214 0 15 25 15 15 0 0 0 3
0 0 0 0 1 6 1 0 2 0 7 0 5 -1 -1 -1 -1 -1 -1 438881 0 15 25 15 15 0 0 0 3
0 0 0 0 3 6 1 0 2 0 7 0 5 4 0 1 0 0 0 439547 0 15 25 15 15 0 0 0 3
0 0 0 0 1 6 1 0 2 0 7 0 5 -1 -1 -1 -1 -1 -1 440214 0 15 25 15 15 0 2 0 3
0 0 0 0 1 6 1 0 2 0 7 0 5 -1 -1 -1 -1 -1 -1 440880 0 15 25 15 15 0 2 0 3
0 0 0 0 1 6 1 0 2 0 7 0 5 -1 -1 -1 -1 -1 -1 441547 0 15 25 15 15 0 2 0 3
0 0 0 0 2 7 1 0 2 0 7 0 5 4 0 1 0 1 1 442213 0 15 25 15 15 0 2 0 3
0 0 0 0 1 6 1 0 2 0 7 0 5 -1 -1 -1 -1 -1 -1 442880 0 15 25 15 15 0 2 0 3
0 0 0 0 1 6 1 0 2 0 7 0 5 -1 -1 -1 -1 -1 -1 443546 0 15 25 15 15 0 3 0 3
0 0 0 0 1 6 1 0 2 0 7 0 5 -1 -1 -1 -1 -1 -1 444213 0 15 25 15 15 0 3 0 3
0 0 0 0 3 6 1 0 2 0 7 0 5 4 1 1 1 0 0 444879 0 15 25 15 15 0 3 0 3
0 0 0 0 1 6 1 0 2 0 7 0 5 -1 -1 -1 -1 -1 -1 445546 0 15 25 15 15 0 3 0 3
0 0 0 0 1 6 1 0 2 0 7 0 5 -1 -1 -1 -1 -1 -1 446212 0 15 25 15 15 0 3 0 3
0 0 0 0 1 6 1 0 2 0 7 0 5 -1 -1 -1 -1 -1 -1 446879 0 15 25 15 15 0 3 0 3
0 0 0 0 3 6 1 0 2 0 7 0 5 4 1 1 1 0 0 447545 0 15 25 15 15 0 3 0 3
0 0 0 0 1 6 1 0 2 0 7 0 5 -1 -1 -1 -1 -1 -1 448212 0 15 25 15 15 0 3 0 3
0 0 0 0 1 6 1 0 2 0 7 0 5 -1 -1 -1 -1 -1 -1 448878 0 15 25 15 15 0 3 0 3
0 0 0 0 1 6 1 0 2 0 7 0 5 -1 -1 -1 -1 -1 -1 449545 0 15 25 15 15 0 3 0 3
0 0 0 0 3 6 1 0 2 0 7 0 5 4 1 1 1 0 0 450211 0 15 25 15 15 0 8 0 3
0 0 0 0 1 6 1 0 2 0 7 0 5 -1 -1 -1 -1 -1 -1 450878 0 15 25 15 15 0 8 0 3
0 0 0 0 1 6 1 0 2 0 7 0 5 -1 -1 -1 -1 -1 -1 451544 0 15 25 15 15 0 8 0 3
0 0 0 0 1 6 1 0 2 0 7 0 5 -1 -1 -1 -1 -1 -1 452211 0 15 25 15 15 0 8 0 3
0 0 0 0 3 6 1 0 2 0 7 0 5 4 3 1 3 0 0 452877 0 15 25 15 15 0 8 0 3
0 0 0 0 1 6 1 0 2 0 7 0 5 -1 -1 -1 -1 -1 -1 453544 0 15 25 15 15 0 0 0 3
0 0 0 0 1 6 1 0 2 0 7 0 5 -1 -1 -1 -1 -1 -1 454210 0 15 25 15 15 0 0 0 3
0 0 0 0 1 6 1 0 2 0 7 0 5 -1 -1 -1 -1 -1 -1 454877 0 15 25 15 15 0 0 0 3
0 0 0 0 2 7 1 0 2 0 7 0 5 4 3 1 3 1 1 455543 0 15 25 15 15 0 0 0 3
0 0 0 0 1 6 1 0 2 0 7 0 5 -1 -1 -1 -1 -1 -1 456210 0 15 25 15 15 0 0 0 3
0 0 0 0 1 6 1 0 2 0 7 0 5 -1 -1 -1 -1 -1 -1 456876 0 15 25 15 15 0 2 0 3
0 0 0 0 1 6 1 0 2 0 7 0 5 -1 -1 -1 -1 -1 -1 457543 0 15 25 15 15 0 2 0 3
0 0 0 0 2 8 1 0 2 0 7 0 5 4 0 1 0 1 0 458209 0 15 25 15 15 0 2 0 3
0 0 0 0 1 6 1 0 2 0 7 0 5 -1 -1 -1 -1 -1 -1 458876 0 15 25 15 15 0 2 0 3
0 0 0 0 1 6 1 0 2 0 7 0 5 -1 -1 -1 -1 -1 -1 459542 0 15 25 15 15 0 2 0 3
0 0 0 0 1 6 1 0 2 0 7 0 5 -1 -1 -1 -1 -1 -1 460209 0 15 25 15 15 0 3 0 3
0 0 0 0 3 6 1 0 2 0 7 0 5 4 3 1 3 0 0 460875 0 15 25 15 15 0 3 0 3
0 0 0 0 1 6 1 0 2 0 7 0 5 -1 -1 -1 -1 -1 -1 461542 0 15 25 15 15 0 3 0 3
0 0 0 0 1 6 1 0 2 0 7 0 5 -1 -1 -1 -1 -1 -1 462208 0 15 25 15 15 0 3 0 3
0 0 0 0 1 6 1 0 2 0 7 0 5 -1 -1 -1 -1 -1 -1 462875 0 15 25 15 15 0 3 0 3
0 0 0 0 3 6 1 0 2 0 7 0 5 4 0 1 0 0 0 463541 0 15 25 15 15 0 3 0 3
