% Tunnel Log: 
% debug seed: 1417020937
%
% SegEncNW { '0'=no panel, '1'=panel, '4'=obstacle, '5'=collided obstacle, '6'=player, '7'=player right, '8'=player wrong, '2'=target, '3'=fake }
% SegEncN
% SegEncNE
% SegEncE
% SegEncSE
% SegEncS
% SegEncSW
% SegEncW
% Event Number { 0, inf }
% Task Type { 0=Color/Sound, 1=Shape/Sound, 2=Sound, 3=Navigation, 4=Speed, 5=Training 6=Recess, 7=Special 2-Back }
% N-Back { 0, inf }
% Navigation Level { 0, inf }
% Player Loc { 0=Northwest ... 7=West }
% Pod Loc { -1=N/A, 0=Northwest ... 7=West }
% Pod Color { -1, inf }
% Pod Shape { -1, inf }
% Pod Sound { -1, inf }
% Pod Match { -1=N/A, 0=No, 1=Yes }
% Pod Taken { -1=N/A, 0=No, 1=Yes }
% Timestamp (ms)
% Num Obstacles { 0, inf }
% Min Speed { 0, inf }
% Max Speed { 0, inf }
% Base Speed { 0, inf }
% Final Speed { 0, inf }
% Navigation Score { 0, inf }
% Segment Direction { 0=Northwest ... 7=West }
% Segment Angle { 0, inf }
% Segment Panels { 0, inf }
%
% SegEncNW SecEncN SegEncNE SegEncE SegEncSE SegEncS SegEncSW SegEncW EventNumber TaskType N-Back Navigation PlayerLoc PodLoc PodColor PodShape PodSound PodMatch PodTaken Timestamp NumObs MinSpeed MaxSpeed BaseSpeed FinalSpeed NavScore SegmentDir SegmentAngle SegmentPanels
0 0 0 0 1 6 1 0 0 0 4 0 5 -1 -1 -1 -1 -1 -1 0 18333 15 25 15 60 0 8 0 3
0 0 0 0 1 6 1 0 0 0 4 0 5 -1 -1 -1 -1 -1 -1 0 18500 15 25 15 60 0 8 0 3
0 0 0 0 1 6 1 0 0 0 4 0 5 -1 -1 -1 -1 -1 -1 0 18666 15 25 15 60 0 8 0 3
0 0 0 0 1 6 1 0 0 0 4 0 5 -1 -1 -1 -1 -1 -1 0 18866 15 25 15 54 0 8 0 3
0 0 0 0 1 6 1 0 0 0 4 0 5 -1 -1 -1 -1 -1 -1 0 19066 15 25 15 36 0 0 0 3
0 0 0 0 1 6 1 0 0 0 4 0 5 -1 -1 -1 -1 -1 -1 0 19566 15 25 15 15 0 0 0 3
0 0 0 0 1 6 1 0 0 0 4 0 5 -1 -1 -1 -1 -1 -1 0 20233 15 25 15 15 0 0 0 3
0 0 0 0 1 6 1 0 0 0 4 0 5 -1 -1 -1 -1 -1 -1 0 20900 15 25 15 15 0 0 0 3
0 0 0 0 1 6 1 0 0 0 4 0 5 -1 -1 -1 -1 -1 -1 0 21566 15 25 15 15 0 0 0 3
0 0 0 0 1 6 1 0 0 0 4 0 5 -1 -1 -1 -1 -1 -1 0 22233 15 25 15 15 0 0 0 3
0 0 0 0 3 6 1 0 0 0 4 0 5 4 0 1 0 0 0 0 22899 15 25 15 15 0 0 0 3
0 0 0 0 1 6 1 0 0 0 4 0 5 -1 -1 -1 -1 -1 -1 0 23566 15 25 15 15 0 0 0 3
0 0 0 0 1 6 1 0 0 0 4 0 5 -1 -1 -1 -1 -1 -1 0 24233 15 25 15 15 0 0 0 3
0 0 0 0 1 6 1 0 0 0 4 0 5 -1 -1 -1 -1 -1 -1 0 24899 15 25 15 15 0 0 0 3
0 0 0 0 3 6 1 0 0 0 4 0 5 4 3 1 3 0 0 0 25566 15 25 15 15 0 6 0 3
0 0 0 0 1 6 1 0 0 0 4 0 5 -1 -1 -1 -1 -1 -1 0 26233 15 25 15 15 0 6 0 3
0 0 0 0 1 6 1 0 0 0 4 0 5 -1 -1 -1 -1 -1 -1 0 26899 15 25 15 15 0 6 0 3
0 0 0 0 1 6 1 0 0 0 4 0 5 -1 -1 -1 -1 -1 -1 0 27566 15 25 15 15 0 6 0 3
0 0 0 0 3 6 1 0 0 0 4 0 5 4 2 1 2 0 0 0 28233 15 25 15 15 0 6 0 3
0 0 0 0 1 6 1 0 0 0 4 0 5 -1 -1 -1 -1 -1 -1 0 28899 15 25 15 15 0 6 0 3
0 0 0 0 1 6 1 0 0 0 4 0 5 -1 -1 -1 -1 -1 -1 0 29566 15 25 15 15 0 6 0 3
0 0 0 0 1 6 1 0 0 0 4 0 5 -1 -1 -1 -1 -1 -1 0 30233 15 25 15 15 0 6 0 3
0 0 0 0 3 6 1 0 0 0 4 0 5 4 1 1 1 0 0 0 30899 15 25 15 15 0 6 0 3
0 0 0 0 1 6 1 0 0 0 4 0 5 -1 -1 -1 -1 -1 -1 0 31566 15 25 15 15 0 6 0 3
0 0 0 0 1 6 1 0 0 0 4 0 5 -1 -1 -1 -1 -1 -1 0 32233 15 25 15 15 0 8 0 3
0 0 0 0 1 6 1 0 0 0 4 0 5 -1 -1 -1 -1 -1 -1 0 32899 15 25 15 15 0 8 0 3
0 0 0 0 3 6 1 0 0 0 4 0 5 4 3 1 3 0 0 0 33566 15 25 15 15 0 8 0 3
0 0 0 0 1 6 1 0 0 0 4 0 5 -1 -1 -1 -1 -1 -1 0 34233 15 25 15 15 0 8 0 3
0 0 0 0 1 6 1 0 0 0 4 0 5 -1 -1 -1 -1 -1 -1 0 34899 15 25 15 15 0 8 0 3
0 0 0 0 1 6 1 0 0 0 4 0 5 -1 -1 -1 -1 -1 -1 0 35566 15 25 15 15 0 0 0 3
0 0 0 0 3 6 1 0 0 0 4 0 5 4 0 1 0 0 0 0 36233 15 25 15 15 0 0 0 3
0 0 0 0 1 6 1 0 0 0 4 0 5 -1 -1 -1 -1 -1 -1 0 36899 15 25 15 15 0 0 0 3
0 0 0 0 1 6 1 0 0 0 4 0 5 -1 -1 -1 -1 -1 -1 0 37566 15 25 15 15 0 0 0 3
0 0 0 0 1 6 1 0 0 0 4 0 5 -1 -1 -1 -1 -1 -1 0 38233 15 25 15 15 0 0 0 3
0 0 0 0 2 7 1 0 0 0 4 0 5 4 2 1 2 1 1 0 38899 15 25 15 15 0 0 0 3
0 0 0 0 1 6 1 0 0 0 4 0 5 -1 -1 -1 -1 -1 -1 0 39566 15 25 15 15 0 0 0 3
0 0 0 0 1 6 1 0 0 0 4 0 5 -1 -1 -1 -1 -1 -1 0 40233 15 25 15 15 0 0 0 3
0 0 0 0 1 6 1 0 0 0 4 0 5 -1 -1 -1 -1 -1 -1 0 40899 15 25 15 15 0 0 0 3
0 0 0 0 2 7 1 0 0 0 4 0 5 4 1 1 1 1 1 0 41566 15 25 15 15 0 0 0 3
