% Tunnel Log: 
% debug seed: 1477960704
%
% SegEncNW { '0'=no panel, '1'=panel, '4'=obstacle, '5'=collided obstacle, '6'=player, '7'=player right, '8'=player wrong, '2'=target, '3'=fake }
% SegEncN
% SegEncNE
% SegEncE
% SegEncSE
% SegEncS
% SegEncSW
% SegEncW
% Event Number { 0, inf }
% Task Type { 0=Color/Sound, 1=Shape/Sound, 2=Sound, 3=Navigation, 4=Speed, 5=Training 6=Recess, 7=Special 2-Back }
% N-Back { 0, inf }
% Navigation Level { 0, inf }
% Player Loc { 0=Northwest ... 7=West }
% Pod Loc { -1=N/A, 0=Northwest ... 7=West }
% Pod Color { -1, inf }
% Pod Shape { -1, inf }
% Pod Sound { -1, inf }
% Pod Match { -1=N/A, 0=No, 1=Yes }
% Pod Taken { -1=N/A, 0=No, 1=Yes }
% Timestamp (ms)
% Num Obstacles { 0, inf }
% Min Speed { 0, inf }
% Max Speed { 0, inf }
% Base Speed { 0, inf }
% Final Speed { 0, inf }
% Navigation Score { 0, inf }
% Segment Direction { 0=Northwest ... 7=West }
% Segment Angle { 0, inf }
% Segment Panels { 0, inf }
%
% SegEncNW SecEncN SegEncNE SegEncE SegEncSE SegEncS SegEncSW SegEncW EventNumber TaskType N-Back Navigation PlayerLoc PodLoc PodColor PodShape PodSound PodMatch PodTaken Timestamp NumObs MinSpeed MaxSpeed BaseSpeed FinalSpeed NavScore SegmentDir SegmentAngle SegmentPanels
0 0 0 0 1 6 1 0 0 0 3 0 5 -1 -1 -1 -1 -1 -1 40866 0 15 25 15 60 0 8 0 3
0 0 0 0 1 6 1 0 0 0 3 0 5 -1 -1 -1 -1 -1 -1 41033 0 15 25 15 60 0 8 0 3
0 0 0 0 1 6 1 0 0 0 3 0 5 -1 -1 -1 -1 -1 -1 41199 0 15 25 15 60 0 8 0 3
0 0 0 0 1 6 1 0 0 0 3 0 5 -1 -1 -1 -1 -1 -1 41399 0 15 25 15 54 0 8 0 3
0 0 0 0 1 6 1 0 0 0 3 0 5 -1 -1 -1 -1 -1 -1 41599 0 15 25 15 36 0 3 0 3
0 0 0 0 1 6 1 0 0 0 3 0 5 -1 -1 -1 -1 -1 -1 42099 0 15 25 15 15 0 3 0 3
0 0 0 0 1 6 1 0 0 0 3 0 5 -1 -1 -1 -1 -1 -1 42766 0 15 25 15 15 0 3 0 3
0 0 0 0 1 6 1 0 0 0 3 0 5 -1 -1 -1 -1 -1 -1 43433 0 15 25 15 15 0 3 0 3
0 0 0 0 1 6 1 0 0 0 3 0 5 -1 -1 -1 -1 -1 -1 44099 0 15 25 15 15 0 3 0 3
0 0 0 0 1 6 1 0 0 0 3 0 5 -1 -1 -1 -1 -1 -1 44766 0 15 25 15 15 0 2 0 3
0 0 0 0 3 6 1 0 0 0 3 0 5 4 1 1 1 0 0 45432 0 15 25 15 15 0 2 0 3
0 0 0 0 1 6 1 0 0 0 3 0 5 -1 -1 -1 -1 -1 -1 46099 0 15 25 15 15 0 2 0 3
0 0 0 0 1 6 1 0 0 0 3 0 5 -1 -1 -1 -1 -1 -1 46766 0 15 25 15 15 0 2 0 3
0 0 0 0 1 6 1 0 0 0 3 0 5 -1 -1 -1 -1 -1 -1 47432 0 15 25 15 15 0 2 0 3
0 0 0 0 3 6 1 0 0 0 3 0 5 4 0 1 0 0 0 48099 0 15 25 15 15 0 3 0 3
0 0 0 0 1 6 1 0 0 0 3 0 5 -1 -1 -1 -1 -1 -1 48766 0 15 25 15 15 0 3 0 3
0 0 0 0 1 6 1 0 0 0 3 0 5 -1 -1 -1 -1 -1 -1 49432 0 15 25 15 15 0 3 0 3
0 0 0 0 1 6 1 0 0 0 3 0 5 -1 -1 -1 -1 -1 -1 50099 0 15 25 15 15 0 3 0 3
0 0 0 0 3 6 1 0 0 0 3 0 5 4 3 1 3 0 0 50766 0 15 25 15 15 0 3 0 3
0 0 0 0 1 6 1 0 0 0 3 0 5 -1 -1 -1 -1 -1 -1 51432 0 15 25 15 15 0 0 0 3
0 0 0 0 1 6 1 0 0 0 3 0 5 -1 -1 -1 -1 -1 -1 52099 0 15 25 15 15 0 0 0 3
0 0 0 0 1 6 1 0 0 0 3 0 5 -1 -1 -1 -1 -1 -1 52766 0 15 25 15 15 0 0 0 3
0 0 0 0 2 7 1 0 0 0 3 0 5 4 1 1 1 1 1 53432 0 15 25 15 15 0 0 0 3
0 0 0 0 1 6 1 0 0 0 3 0 5 -1 -1 -1 -1 -1 -1 54099 0 15 25 15 15 0 0 0 3
0 0 0 0 1 6 1 0 0 0 3 0 5 -1 -1 -1 -1 -1 -1 54766 0 15 25 15 15 0 8 0 3
0 0 0 0 1 6 1 0 0 0 3 0 5 -1 -1 -1 -1 -1 -1 55432 0 15 25 15 15 0 8 0 3
0 0 0 0 3 6 1 0 0 0 3 0 5 4 1 1 1 0 0 56099 0 15 25 15 15 0 8 0 3
0 0 0 0 1 6 1 0 0 0 3 0 5 -1 -1 -1 -1 -1 -1 56766 0 15 25 15 15 0 8 0 3
0 0 0 0 1 6 1 0 0 0 3 0 5 -1 -1 -1 -1 -1 -1 57432 0 15 25 15 15 0 8 0 3
0 0 0 0 1 6 1 0 0 0 3 0 5 -1 -1 -1 -1 -1 -1 58099 0 15 25 15 15 0 3 0 3
0 0 0 0 3 6 1 0 0 0 3 0 5 4 2 1 2 0 0 58766 0 15 25 15 15 0 3 0 3
0 0 0 0 1 6 1 0 0 0 3 0 5 -1 -1 -1 -1 -1 -1 59432 0 15 25 15 15 0 3 0 3
0 0 0 0 1 6 1 0 0 0 3 0 5 -1 -1 -1 -1 -1 -1 60099 0 15 25 15 15 0 3 0 3
0 0 0 0 1 6 1 0 0 0 3 0 5 -1 -1 -1 -1 -1 -1 60766 0 15 25 15 15 0 3 0 3
0 0 0 0 3 6 1 0 0 0 3 0 5 4 2 1 2 0 0 61432 0 15 25 15 15 0 2 0 3
0 0 0 0 1 6 1 0 0 0 3 0 5 -1 -1 -1 -1 -1 -1 62099 0 15 25 15 15 0 2 0 3
0 0 0 0 1 6 1 0 0 0 3 0 5 -1 -1 -1 -1 -1 -1 62766 0 15 25 15 15 0 2 0 3
0 0 0 0 1 6 1 0 0 0 3 0 5 -1 -1 -1 -1 -1 -1 63432 0 15 25 15 15 0 2 0 3
0 0 0 0 3 6 1 0 0 0 3 0 5 4 3 1 3 0 0 64099 0 15 25 15 15 0 2 0 3
0 0 0 0 1 6 1 0 0 0 3 0 5 -1 -1 -1 -1 -1 -1 64766 0 15 25 15 15 0 3 0 3
0 0 0 0 1 6 1 0 0 0 3 0 5 -1 -1 -1 -1 -1 -1 65432 0 15 25 15 15 0 3 0 3
0 0 0 0 1 6 1 0 0 0 3 0 5 -1 -1 -1 -1 -1 -1 66099 0 15 25 15 15 0 3 0 3
0 0 0 0 3 6 1 0 0 0 3 0 5 4 0 1 0 0 0 66765 0 15 25 15 15 0 3 0 3
0 0 0 0 1 6 1 0 0 0 3 0 5 -1 -1 -1 -1 -1 -1 67432 0 15 25 15 15 0 3 0 3
0 0 0 0 1 6 1 0 0 0 3 0 5 -1 -1 -1 -1 -1 -1 68099 0 15 25 15 15 0 0 0 3
0 0 0 0 1 6 1 0 0 0 3 0 5 -1 -1 -1 -1 -1 -1 68765 0 15 25 15 15 0 0 0 3
0 0 0 0 2 7 1 0 0 0 3 0 5 4 2 1 2 1 1 69432 0 15 25 15 15 0 0 0 3
0 0 0 0 1 6 1 0 0 0 3 0 5 -1 -1 -1 -1 -1 -1 70099 0 15 25 15 15 0 0 0 3
0 0 0 0 1 6 1 0 0 0 3 0 5 -1 -1 -1 -1 -1 -1 70765 0 15 25 15 15 0 0 0 3
0 0 0 0 1 6 1 0 0 0 3 0 5 -1 -1 -1 -1 -1 -1 71432 0 15 25 15 15 0 8 0 3
0 0 0 0 3 6 1 0 0 0 3 0 5 4 1 1 1 0 0 72099 0 15 25 15 15 0 8 0 3
0 0 0 0 1 6 1 0 0 0 3 0 5 -1 -1 -1 -1 -1 -1 72765 0 15 25 15 15 0 8 0 3
0 0 0 0 1 6 1 0 0 0 3 0 5 -1 -1 -1 -1 -1 -1 73432 0 15 25 15 15 0 8 0 3
0 0 0 0 1 6 1 0 0 0 3 0 5 -1 -1 -1 -1 -1 -1 74099 0 15 25 15 15 0 8 0 3
0 0 0 0 2 7 1 0 0 0 3 0 5 4 0 1 0 1 1 74765 0 15 25 15 15 0 3 0 3
0 0 0 0 1 6 1 0 0 0 3 0 5 -1 -1 -1 -1 -1 -1 75432 0 15 25 15 15 0 3 0 3
0 0 0 0 1 6 1 0 0 0 3 0 5 -1 -1 -1 -1 -1 -1 76099 0 15 25 15 15 0 3 0 3
0 0 0 0 1 6 1 0 0 0 3 0 5 -1 -1 -1 -1 -1 -1 76765 0 15 25 15 15 0 3 0 3
0 0 0 0 3 8 1 0 0 0 3 0 5 4 1 1 1 0 1 77432 0 15 25 15 15 0 3 0 3
0 0 0 0 1 6 1 0 0 0 3 0 5 -1 -1 -1 -1 -1 -1 78099 0 15 25 15 15 0 2 0 3
0 0 0 0 1 6 1 0 0 0 3 0 5 -1 -1 -1 -1 -1 -1 78765 0 15 25 15 15 0 2 0 3
0 0 0 0 1 6 1 0 0 0 3 0 5 -1 -1 -1 -1 -1 -1 79432 0 15 25 15 15 0 2 0 3
0 0 0 0 3 6 1 0 0 0 3 0 5 4 0 1 0 0 0 80099 0 15 25 15 15 0 2 0 3
0 0 0 0 1 6 1 0 0 0 3 0 5 -1 -1 -1 -1 -1 -1 80765 0 15 25 15 15 0 2 0 3
0 0 0 0 1 6 1 0 0 0 3 0 5 -1 -1 -1 -1 -1 -1 81432 0 15 25 15 15 0 3 0 3
0 0 0 0 1 6 1 0 0 0 3 0 5 -1 -1 -1 -1 -1 -1 82099 0 15 25 15 15 0 3 0 3
0 0 0 0 2 8 1 0 0 0 3 0 5 4 0 1 0 1 0 82765 0 15 25 15 15 0 3 0 3
0 0 0 0 1 6 1 0 0 0 3 0 5 -1 -1 -1 -1 -1 -1 83432 0 15 25 15 15 0 3 0 3
0 0 0 0 1 6 1 0 0 0 3 0 5 -1 -1 -1 -1 -1 -1 84099 0 15 25 15 15 0 3 0 3
0 0 0 0 1 6 1 0 0 0 3 0 5 -1 -1 -1 -1 -1 -1 84765 0 15 25 15 15 0 0 0 3
0 0 0 0 3 6 1 0 0 0 3 0 5 4 2 1 2 0 0 85432 0 15 25 15 15 0 0 0 3
0 0 0 0 1 6 1 0 0 0 3 0 5 -1 -1 -1 -1 -1 -1 86099 0 15 25 15 15 0 0 0 3
0 0 0 0 1 6 1 0 0 0 3 0 5 -1 -1 -1 -1 -1 -1 86765 0 15 25 15 15 0 0 0 3
0 0 0 0 1 6 1 0 0 0 3 0 5 -1 -1 -1 -1 -1 -1 87432 0 15 25 15 15 0 0 0 3
0 0 0 0 3 6 1 0 0 0 3 0 5 4 1 1 1 0 0 88099 0 15 25 15 15 0 8 0 3
0 0 0 0 1 6 1 0 0 0 3 0 5 -1 -1 -1 -1 -1 -1 88765 0 15 25 15 15 0 8 0 3
0 0 0 0 1 6 1 0 0 0 3 0 5 -1 -1 -1 -1 -1 -1 89432 0 15 25 15 15 0 8 0 3
0 0 0 0 1 6 1 0 0 0 3 0 5 -1 -1 -1 -1 -1 -1 90098 0 15 25 15 15 0 8 0 3
0 0 0 0 2 7 1 0 0 0 3 0 5 4 0 1 0 1 1 90765 0 15 25 15 15 0 8 0 3
0 0 0 0 1 6 1 0 0 0 3 0 5 -1 -1 -1 -1 -1 -1 91432 0 15 25 15 15 0 3 0 3
0 0 0 0 1 6 1 0 0 0 3 0 5 -1 -1 -1 -1 -1 -1 92098 0 15 25 15 15 0 3 0 3
0 0 0 0 1 6 1 0 0 0 3 0 5 -1 -1 -1 -1 -1 -1 92765 0 15 25 15 15 0 3 0 3
0 0 0 0 3 6 1 0 0 0 3 0 5 4 3 1 3 0 0 93432 0 15 25 15 15 0 3 0 3
0 0 0 0 1 6 1 0 0 0 3 0 5 -1 -1 -1 -1 -1 -1 94098 0 15 25 15 15 0 3 0 3
0 0 0 0 1 6 1 0 0 0 3 0 5 -1 -1 -1 -1 -1 -1 94765 0 15 25 15 15 0 2 0 3
0 0 0 0 1 6 1 0 0 0 3 0 5 -1 -1 -1 -1 -1 -1 95432 0 15 25 15 15 0 2 0 3
0 0 0 0 2 7 1 0 0 0 3 0 5 4 1 1 1 1 1 96098 0 15 25 15 15 0 2 0 3
0 0 0 0 1 6 1 0 0 0 3 0 5 -1 -1 -1 -1 -1 -1 96765 0 15 25 15 15 0 2 0 3
0 0 0 0 1 6 1 0 0 0 3 0 5 -1 -1 -1 -1 -1 -1 97432 0 15 25 15 15 0 2 0 3
0 0 0 0 1 6 1 0 0 0 3 0 5 -1 -1 -1 -1 -1 -1 98098 0 15 25 15 15 0 3 0 3
0 0 0 0 3 6 1 0 0 0 3 0 5 4 2 1 2 0 0 98765 0 15 25 15 15 0 3 0 3
0 0 0 0 1 6 1 0 0 0 3 0 5 -1 -1 -1 -1 -1 -1 99432 0 15 25 15 15 0 3 0 3
0 0 0 0 1 6 1 0 0 0 3 0 5 -1 -1 -1 -1 -1 -1 100098 0 15 25 15 15 0 3 0 3
0 0 0 0 1 6 1 0 0 0 3 0 5 -1 -1 -1 -1 -1 -1 100765 0 15 25 15 15 0 3 0 3
0 0 0 0 2 7 1 0 0 0 3 0 5 4 3 1 3 1 1 101432 0 15 25 15 15 0 0 0 3
0 0 0 0 1 6 1 0 0 0 3 0 5 -1 -1 -1 -1 -1 -1 102098 0 15 25 15 15 0 0 0 3
0 0 0 0 1 6 1 0 0 0 3 0 5 -1 -1 -1 -1 -1 -1 102765 0 15 25 15 15 0 0 0 3
0 0 0 0 1 6 1 0 0 0 3 0 5 -1 -1 -1 -1 -1 -1 103432 0 15 25 15 15 0 0 0 3
0 0 0 0 3 6 1 0 0 0 3 0 5 4 2 1 2 0 0 104098 0 15 25 15 15 0 0 0 3
0 0 0 0 1 6 1 0 0 0 3 0 5 -1 -1 -1 -1 -1 -1 104765 0 15 25 15 15 0 8 0 3
0 0 0 0 1 6 1 0 0 0 3 0 5 -1 -1 -1 -1 -1 -1 105432 0 15 25 15 15 0 8 0 3
0 0 0 0 1 6 1 0 0 0 3 0 5 -1 -1 -1 -1 -1 -1 106098 0 15 25 15 15 0 8 0 3
0 0 0 0 3 6 1 0 0 0 3 0 5 4 1 1 1 0 0 106765 0 15 25 15 15 0 8 0 3
0 0 0 0 1 6 1 0 0 0 3 0 5 -1 -1 -1 -1 -1 -1 107432 0 15 25 15 15 0 8 0 3
0 0 0 0 1 6 1 0 0 0 3 0 5 -1 -1 -1 -1 -1 -1 108098 0 15 25 15 15 0 3 0 3
0 0 0 0 1 6 1 0 0 0 3 0 5 -1 -1 -1 -1 -1 -1 108765 0 15 25 15 15 0 3 0 3
0 0 0 0 3 6 1 0 0 0 3 0 5 4 1 1 1 0 0 109432 0 15 25 15 15 0 3 0 3
0 0 0 0 1 6 1 0 0 0 3 0 5 -1 -1 -1 -1 -1 -1 110098 0 15 25 15 15 0 3 0 3
0 0 0 0 1 6 1 0 0 0 3 0 5 -1 -1 -1 -1 -1 -1 110765 0 15 25 15 15 0 3 0 3
0 0 0 0 1 6 1 0 0 0 3 0 5 -1 -1 -1 -1 -1 -1 111431 0 15 25 15 15 0 2 0 3
0 0 0 0 3 6 1 0 0 0 3 0 5 4 3 1 3 0 0 112098 0 15 25 15 15 0 2 0 3
0 0 0 0 1 6 1 0 0 0 3 0 5 -1 -1 -1 -1 -1 -1 112765 0 15 25 15 15 0 2 0 3
0 0 0 0 1 6 1 0 0 0 3 0 5 -1 -1 -1 -1 -1 -1 113431 0 15 25 15 15 0 2 0 3
0 0 0 0 1 6 1 0 0 0 3 0 5 -1 -1 -1 -1 -1 -1 114098 0 15 25 15 15 0 2 0 3
0 0 0 0 3 6 1 0 0 0 3 0 5 4 3 1 3 0 0 114765 0 15 25 15 15 0 3 0 3
0 0 0 0 1 6 1 0 0 0 3 0 5 -1 -1 -1 -1 -1 -1 115431 0 15 25 15 15 0 3 0 3
0 0 0 0 1 6 1 0 0 0 3 0 5 -1 -1 -1 -1 -1 -1 116098 0 15 25 15 15 0 3 0 3
0 0 0 0 1 6 1 0 0 0 3 0 5 -1 -1 -1 -1 -1 -1 116765 0 15 25 15 15 0 3 0 3
0 0 0 0 2 7 1 0 0 0 3 0 5 4 1 1 1 1 1 117431 0 15 25 15 15 0 3 0 3
0 0 0 0 1 6 1 0 0 0 3 0 5 -1 -1 -1 -1 -1 -1 118098 0 15 25 15 15 0 0 0 3
0 0 0 0 1 6 1 0 0 0 3 0 5 -1 -1 -1 -1 -1 -1 118765 0 15 25 15 15 0 0 0 3
0 0 0 0 1 6 1 0 0 0 3 0 5 -1 -1 -1 -1 -1 -1 119431 0 15 25 15 15 0 0 0 3
0 0 0 0 2 7 1 0 0 0 3 0 5 4 3 1 3 1 1 120098 0 15 25 15 15 0 0 0 3
0 0 0 0 1 6 1 0 0 0 3 0 5 -1 -1 -1 -1 -1 -1 120765 0 15 25 15 15 0 0 0 3
0 0 0 0 1 6 1 0 0 0 3 0 5 -1 -1 -1 -1 -1 -1 121431 0 15 25 15 15 0 8 0 3
0 0 0 0 1 6 1 0 0 0 3 0 5 -1 -1 -1 -1 -1 -1 122098 0 15 25 15 15 0 8 0 3
0 0 0 0 2 7 1 0 0 0 3 0 5 4 3 1 3 1 1 122765 0 15 25 15 15 0 8 0 3
0 0 0 0 1 6 1 0 0 0 3 0 5 -1 -1 -1 -1 -1 -1 123431 0 15 25 15 15 0 8 0 3
0 0 0 0 1 6 1 0 0 0 3 0 5 -1 -1 -1 -1 -1 -1 124098 0 15 25 15 15 0 8 0 3
0 0 0 0 1 6 1 0 0 0 3 0 5 -1 -1 -1 -1 -1 -1 124765 0 15 25 15 15 0 3 0 3
0 0 0 0 3 6 1 0 0 0 3 0 5 4 0 1 0 0 0 125431 0 15 25 15 15 0 3 0 3
0 0 0 0 1 6 1 0 0 0 3 0 5 -1 -1 -1 -1 -1 -1 126098 0 15 25 15 15 0 3 0 3
0 0 0 0 1 6 1 0 0 0 3 0 5 -1 -1 -1 -1 -1 -1 126765 0 15 25 15 15 0 3 0 3
0 0 0 0 1 6 1 0 0 0 3 0 5 -1 -1 -1 -1 -1 -1 127431 0 15 25 15 15 0 3 0 3
0 0 0 0 3 8 1 0 0 0 3 0 5 4 1 1 1 0 1 128098 0 15 25 15 15 0 2 0 3
0 0 0 0 1 6 1 0 0 0 3 0 5 -1 -1 -1 -1 -1 -1 128765 0 15 25 15 15 0 2 0 3
0 0 0 0 1 6 1 0 0 0 3 0 5 -1 -1 -1 -1 -1 -1 129432 0 15 25 15 15 0 2 0 3
0 0 0 0 1 6 1 0 0 0 3 0 5 -1 -1 -1 -1 -1 -1 130098 0 15 25 15 15 0 2 0 3
0 0 0 0 3 6 1 0 0 0 3 0 5 4 0 1 0 0 0 130765 0 15 25 15 15 0 2 0 3
0 0 0 0 1 6 1 0 0 0 3 0 5 -1 -1 -1 -1 -1 -1 131432 0 15 25 15 15 0 3 0 3
0 0 0 0 1 6 1 0 0 0 3 0 5 -1 -1 -1 -1 -1 -1 132099 0 15 25 15 15 0 3 0 3
0 0 0 0 1 6 1 0 0 0 3 0 5 -1 -1 -1 -1 -1 -1 132766 0 15 25 15 15 0 3 0 3
0 0 0 0 3 6 1 0 0 0 3 0 5 4 3 1 3 0 0 133432 0 15 25 15 15 0 3 0 3
0 0 0 0 1 6 1 0 0 0 3 0 5 -1 -1 -1 -1 -1 -1 134099 0 15 25 15 15 0 3 0 3
0 0 0 0 1 6 1 0 0 0 3 0 5 -1 -1 -1 -1 -1 -1 134766 0 15 25 15 15 0 0 0 3
0 0 0 0 1 6 1 0 0 0 3 0 5 -1 -1 -1 -1 -1 -1 135433 0 15 25 15 15 0 0 0 3
0 0 0 0 3 6 1 0 0 0 3 0 5 4 0 1 0 0 0 136100 0 15 25 15 15 0 0 0 3
0 0 0 0 1 6 1 0 0 0 3 0 5 -1 -1 -1 -1 -1 -1 136766 0 15 25 15 15 0 0 0 3
0 0 0 0 1 6 1 0 0 0 3 0 5 -1 -1 -1 -1 -1 -1 137433 0 15 25 15 15 0 0 0 3
0 0 0 0 1 6 1 0 0 0 3 0 5 -1 -1 -1 -1 -1 -1 138100 0 15 25 15 15 0 8 0 3
0 0 0 0 3 6 1 0 0 0 3 0 5 4 3 1 3 0 0 138767 0 15 25 15 15 0 8 0 3
0 0 0 0 1 6 1 0 0 0 3 0 5 -1 -1 -1 -1 -1 -1 139434 0 15 25 15 15 0 8 0 3
0 0 0 0 1 6 1 0 0 0 3 0 5 -1 -1 -1 -1 -1 -1 140100 0 15 25 15 15 0 8 0 3
0 0 0 0 1 6 1 0 0 0 3 0 5 -1 -1 -1 -1 -1 -1 140767 0 15 25 15 15 0 8 0 3
0 0 0 0 2 8 1 0 0 0 3 0 5 4 3 1 3 1 0 141434 0 15 25 15 15 0 3 0 3
0 0 0 0 1 6 1 0 0 0 3 0 5 -1 -1 -1 -1 -1 -1 142101 0 15 25 15 15 0 3 0 3
0 0 0 0 1 6 1 0 0 0 3 0 5 -1 -1 -1 -1 -1 -1 142768 0 15 25 15 15 0 3 0 3
0 0 0 0 1 6 1 0 0 0 3 0 5 -1 -1 -1 -1 -1 -1 143435 0 15 25 15 15 0 3 0 3
0 0 0 0 2 7 1 0 0 0 3 0 5 4 0 1 0 1 1 144101 0 15 25 15 15 0 3 0 3
0 0 0 0 1 6 1 0 0 0 3 0 5 -1 -1 -1 -1 -1 -1 144768 0 15 25 15 15 0 2 0 3
0 0 0 0 1 6 1 0 0 0 3 0 5 -1 -1 -1 -1 -1 -1 145435 0 15 25 15 15 0 2 0 3
0 0 0 0 1 6 1 0 0 0 3 0 5 -1 -1 -1 -1 -1 -1 146102 0 15 25 15 15 0 2 0 3
0 0 0 0 3 6 1 0 0 0 3 0 5 4 2 1 2 0 0 146769 0 15 25 15 15 0 2 0 3
0 0 0 0 1 6 1 0 0 0 3 0 5 -1 -1 -1 -1 -1 -1 147435 0 15 25 15 15 0 2 0 3
0 0 0 0 1 6 1 0 0 0 3 0 5 -1 -1 -1 -1 -1 -1 148102 0 15 25 15 15 0 3 0 3
0 0 0 0 1 6 1 0 0 0 3 0 5 -1 -1 -1 -1 -1 -1 148769 0 15 25 15 15 0 3 0 3
0 0 0 0 2 7 1 0 0 0 3 0 5 4 3 1 3 1 1 149436 0 15 25 15 15 0 3 0 3
0 0 0 0 1 6 1 0 0 0 3 0 5 -1 -1 -1 -1 -1 -1 150103 0 15 25 15 15 0 3 0 3
0 0 0 0 1 6 1 0 0 0 3 0 5 -1 -1 -1 -1 -1 -1 150769 0 15 25 15 15 0 3 0 3
0 0 0 0 1 6 1 0 0 0 3 0 5 -1 -1 -1 -1 -1 -1 151436 0 15 25 15 15 0 0 0 3
0 0 0 0 3 6 1 0 0 0 3 0 5 4 2 1 2 0 0 152103 0 15 25 15 15 0 0 0 3
0 0 0 0 1 6 1 0 0 0 3 0 5 -1 -1 -1 -1 -1 -1 152770 0 15 25 15 15 0 0 0 3
0 0 0 0 1 6 1 0 0 0 3 0 5 -1 -1 -1 -1 -1 -1 153437 0 15 25 15 15 0 0 0 3
0 0 0 0 1 6 1 0 0 0 3 0 5 -1 -1 -1 -1 -1 -1 154103 0 15 25 15 15 0 0 0 3
0 0 0 0 3 6 1 0 0 0 3 0 5 4 0 1 0 0 0 154770 0 15 25 15 15 0 8 0 3
0 0 0 0 1 6 1 0 0 0 3 0 5 -1 -1 -1 -1 -1 -1 155437 0 15 25 15 15 0 8 0 3
0 0 0 0 1 6 1 0 0 0 3 0 5 -1 -1 -1 -1 -1 -1 156104 0 15 25 15 15 0 8 0 3
0 0 0 0 1 6 1 0 0 0 3 0 5 -1 -1 -1 -1 -1 -1 156771 0 15 25 15 15 0 8 0 3
0 0 0 0 3 6 1 0 0 0 3 0 5 4 2 1 2 0 0 157438 0 15 25 15 15 0 8 0 3
0 0 0 0 1 6 1 0 0 0 3 0 5 -1 -1 -1 -1 -1 -1 158104 0 15 25 15 15 0 3 0 3
0 0 0 0 1 6 1 0 0 0 3 0 5 -1 -1 -1 -1 -1 -1 158771 0 15 25 15 15 0 3 0 3
0 0 0 0 1 6 1 0 0 0 3 0 5 -1 -1 -1 -1 -1 -1 159438 0 15 25 15 15 0 3 0 3
0 0 0 0 3 6 1 0 0 0 3 0 5 4 0 1 0 0 0 160105 0 15 25 15 15 0 3 0 3
0 0 0 0 1 6 1 0 0 0 3 0 5 -1 -1 -1 -1 -1 -1 160772 0 15 25 15 15 0 3 0 3
0 0 0 0 1 6 1 0 0 0 3 0 5 -1 -1 -1 -1 -1 -1 161438 0 15 25 15 15 0 2 0 3
0 0 0 0 1 6 1 0 0 0 3 0 5 -1 -1 -1 -1 -1 -1 162105 0 15 25 15 15 0 2 0 3
0 0 0 0 2 7 1 0 0 0 3 0 5 4 0 1 0 1 1 162772 0 15 25 15 15 0 2 0 3
0 0 0 0 1 6 1 0 0 0 3 0 5 -1 -1 -1 -1 -1 -1 163439 0 15 25 15 15 0 2 0 3
0 0 0 0 1 6 1 0 0 0 3 0 5 -1 -1 -1 -1 -1 -1 164106 0 15 25 15 15 0 2 0 3
0 0 0 0 1 6 1 0 0 0 3 0 5 -1 -1 -1 -1 -1 -1 164772 0 15 25 15 15 0 3 0 3
0 0 0 0 3 6 1 0 0 0 3 0 5 4 3 1 3 0 0 165439 0 15 25 15 15 0 3 0 3
0 0 0 0 1 6 1 0 0 0 3 0 5 -1 -1 -1 -1 -1 -1 166106 0 15 25 15 15 0 3 0 3
0 0 0 0 1 6 1 0 0 0 3 0 5 -1 -1 -1 -1 -1 -1 166773 0 15 25 15 15 0 3 0 3
0 0 0 0 1 6 1 0 0 0 3 0 5 -1 -1 -1 -1 -1 -1 167440 0 15 25 15 15 0 3 0 3
0 0 0 0 3 6 1 0 0 0 3 0 5 4 1 1 1 0 0 168106 0 15 25 15 15 0 0 0 3
0 0 0 0 1 6 1 0 0 0 3 0 5 -1 -1 -1 -1 -1 -1 168773 0 15 25 15 15 0 0 0 3
0 0 0 0 1 6 1 0 0 0 3 0 5 -1 -1 -1 -1 -1 -1 169440 0 15 25 15 15 0 0 0 3
0 0 0 0 1 6 1 0 0 0 3 0 5 -1 -1 -1 -1 -1 -1 170107 0 15 25 15 15 0 0 0 3
0 0 0 0 3 6 1 0 0 0 3 0 5 4 2 1 2 0 0 170774 0 15 25 15 15 0 0 0 3
0 0 0 0 1 6 1 0 0 0 3 0 5 -1 -1 -1 -1 -1 -1 171441 0 15 25 15 15 0 8 0 3
0 0 0 0 1 6 1 0 0 0 3 0 5 -1 -1 -1 -1 -1 -1 172107 0 15 25 15 15 0 8 0 3
0 0 0 0 1 6 1 0 1 0 3 0 5 -1 -1 -1 -1 -1 -1 184910 0 15 25 15 60 0 8 0 3
0 0 0 0 1 6 1 0 1 0 3 0 5 -1 -1 -1 -1 -1 -1 185077 0 15 25 15 60 0 8 0 3
0 0 0 0 1 6 1 0 1 0 3 0 5 -1 -1 -1 -1 -1 -1 185243 0 15 25 15 60 0 8 0 3
0 0 0 0 1 6 1 0 1 0 3 0 5 -1 -1 -1 -1 -1 -1 185443 0 15 25 15 54 0 8 0 3
0 0 0 0 1 6 1 0 1 0 3 0 5 -1 -1 -1 -1 -1 -1 185644 0 15 25 15 36 0 6 0 3
0 0 0 0 1 6 1 0 1 0 3 0 5 -1 -1 -1 -1 -1 -1 186144 0 15 25 15 15 0 6 0 3
0 0 0 0 1 6 1 0 1 0 3 0 5 -1 -1 -1 -1 -1 -1 186810 0 15 25 15 15 0 6 0 3
0 0 0 0 1 6 1 0 1 0 3 0 5 -1 -1 -1 -1 -1 -1 187477 0 15 25 15 15 0 6 0 3
0 0 0 0 1 6 1 0 1 0 3 0 5 -1 -1 -1 -1 -1 -1 188144 0 15 25 15 15 0 6 0 3
0 0 0 0 1 6 1 0 1 0 3 0 5 -1 -1 -1 -1 -1 -1 188811 0 15 25 15 15 0 4 0 3
0 0 0 0 3 6 1 0 1 0 3 0 5 4 1 1 1 0 0 189478 0 15 25 15 15 0 4 0 3
0 0 0 0 1 6 1 0 1 0 3 0 5 -1 -1 -1 -1 -1 -1 190144 0 15 25 15 15 0 4 0 3
0 0 0 0 1 6 1 0 1 0 3 0 5 -1 -1 -1 -1 -1 -1 190811 0 15 25 15 15 0 4 0 3
0 0 0 0 1 6 1 0 1 0 3 0 5 -1 -1 -1 -1 -1 -1 191478 0 15 25 15 15 0 4 0 3
0 0 0 0 3 6 1 0 1 0 3 0 5 4 0 1 0 0 0 192145 0 15 25 15 15 0 4 0 3
0 0 0 0 1 6 1 0 1 0 3 0 5 -1 -1 -1 -1 -1 -1 192812 0 15 25 15 15 0 4 0 3
0 0 0 0 1 6 1 0 1 0 3 0 5 -1 -1 -1 -1 -1 -1 193479 0 15 25 15 15 0 4 0 3
0 0 0 0 1 6 1 0 1 0 3 0 5 -1 -1 -1 -1 -1 -1 194145 0 15 25 15 15 0 4 0 3
0 0 0 0 3 6 1 0 1 0 3 0 5 4 3 1 3 0 0 194812 0 15 25 15 15 0 4 0 3
0 0 0 0 1 6 1 0 1 0 3 0 5 -1 -1 -1 -1 -1 -1 195479 0 15 25 15 15 0 4 0 3
0 0 0 0 1 6 1 0 1 0 3 0 5 -1 -1 -1 -1 -1 -1 196146 0 15 25 15 15 0 4 0 3
0 0 0 0 1 6 1 0 1 0 3 0 5 -1 -1 -1 -1 -1 -1 196813 0 15 25 15 15 0 4 0 3
0 0 0 0 3 6 1 0 1 0 3 0 5 4 2 1 2 0 0 197479 0 15 25 15 15 0 4 0 3
0 0 0 0 1 6 1 0 1 0 3 0 5 -1 -1 -1 -1 -1 -1 198146 0 15 25 15 15 0 4 0 3
0 0 0 0 1 6 1 0 1 0 3 0 5 -1 -1 -1 -1 -1 -1 198813 0 15 25 15 15 0 8 0 3
0 0 0 0 1 6 1 0 1 0 3 0 5 -1 -1 -1 -1 -1 -1 199480 0 15 25 15 15 0 8 0 3
0 0 0 0 3 6 1 0 1 0 3 0 5 4 3 1 3 0 0 200147 0 15 25 15 15 0 8 0 3
0 0 0 0 1 6 1 0 1 0 3 0 5 -1 -1 -1 -1 -1 -1 200813 0 15 25 15 15 0 8 0 3
0 0 0 0 1 6 1 0 1 0 3 0 5 -1 -1 -1 -1 -1 -1 201480 0 15 25 15 15 0 8 0 3
0 0 0 0 1 6 1 0 1 0 3 0 5 -1 -1 -1 -1 -1 -1 202147 0 15 25 15 15 0 6 0 3
0 0 0 0 2 7 1 0 1 0 3 0 5 4 3 1 3 1 1 202814 0 15 25 15 15 0 6 0 3
0 0 0 0 1 6 1 0 1 0 3 0 5 -1 -1 -1 -1 -1 -1 203481 0 15 25 15 15 0 6 0 3
0 0 0 0 1 6 1 0 1 0 3 0 5 -1 -1 -1 -1 -1 -1 204147 0 15 25 15 15 0 6 0 3
0 0 0 0 1 6 1 0 1 0 3 0 5 -1 -1 -1 -1 -1 -1 204814 0 15 25 15 15 0 6 0 3
0 0 0 0 2 7 1 0 1 0 3 0 5 4 2 1 2 1 1 205481 0 15 25 15 15 0 4 0 3
0 0 0 0 1 6 1 0 1 0 3 0 5 -1 -1 -1 -1 -1 -1 206148 0 15 25 15 15 0 4 0 3
0 0 0 0 1 6 1 0 1 0 3 0 5 -1 -1 -1 -1 -1 -1 206815 0 15 25 15 15 0 4 0 3
0 0 0 0 1 6 1 0 1 0 3 0 5 -1 -1 -1 -1 -1 -1 207482 0 15 25 15 15 0 4 0 3
0 0 0 0 3 6 1 0 1 0 3 0 5 4 0 1 0 0 0 208148 0 15 25 15 15 0 4 0 3
0 0 0 0 1 6 1 0 1 0 3 0 5 -1 -1 -1 -1 -1 -1 208815 0 15 25 15 15 0 4 0 3
0 0 0 0 1 6 1 0 1 0 3 0 5 -1 -1 -1 -1 -1 -1 209482 0 15 25 15 15 0 4 0 3
0 0 0 0 1 6 1 0 1 0 3 0 5 -1 -1 -1 -1 -1 -1 210149 0 15 25 15 15 0 4 0 3
0 0 0 0 2 7 1 0 1 0 3 0 5 4 3 1 3 1 1 210816 0 15 25 15 15 0 4 0 3
0 0 0 0 1 6 1 0 1 0 3 0 5 -1 -1 -1 -1 -1 -1 211482 0 15 25 15 15 0 4 0 3
0 0 0 0 1 6 1 0 1 0 3 0 5 -1 -1 -1 -1 -1 -1 212149 0 15 25 15 15 0 4 0 3
0 0 0 0 1 6 1 0 1 0 3 0 5 -1 -1 -1 -1 -1 -1 212816 0 15 25 15 15 0 4 0 3
0 0 0 0 3 6 1 0 1 0 3 0 5 4 0 1 0 0 0 213483 0 15 25 15 15 0 4 0 3
0 0 0 0 1 6 1 0 1 0 3 0 5 -1 -1 -1 -1 -1 -1 214150 0 15 25 15 15 0 4 0 3
0 0 0 0 1 6 1 0 1 0 3 0 5 -1 -1 -1 -1 -1 -1 214816 0 15 25 15 15 0 4 0 3
0 0 0 0 1 6 1 0 1 0 3 0 5 -1 -1 -1 -1 -1 -1 215483 0 15 25 15 15 0 8 0 3
0 0 0 0 3 6 1 0 1 0 3 0 5 4 3 1 3 0 0 216150 0 15 25 15 15 0 8 0 3
0 0 0 0 1 6 1 0 1 0 3 0 5 -1 -1 -1 -1 -1 -1 216817 0 15 25 15 15 0 8 0 3
0 0 0 0 1 6 1 0 1 0 3 0 5 -1 -1 -1 -1 -1 -1 217484 0 15 25 15 15 0 8 0 3
0 0 0 0 1 6 1 0 1 0 3 0 5 -1 -1 -1 -1 -1 -1 218150 0 15 25 15 15 0 8 0 3
0 0 0 0 3 8 1 0 1 0 3 0 5 4 0 1 0 0 1 218817 0 15 25 15 15 0 6 0 3
0 0 0 0 1 6 1 0 1 0 3 0 5 -1 -1 -1 -1 -1 -1 219484 0 15 25 15 15 0 6 0 3
0 0 0 0 1 6 1 0 1 0 3 0 5 -1 -1 -1 -1 -1 -1 220151 0 15 25 15 15 0 6 0 3
0 0 0 0 1 6 1 0 1 0 3 0 5 -1 -1 -1 -1 -1 -1 220818 0 15 25 15 15 0 6 0 3
0 0 0 0 3 6 1 0 1 0 3 0 5 4 3 1 3 0 0 221485 0 15 25 15 15 0 6 0 3
0 0 0 0 1 6 1 0 1 0 3 0 5 -1 -1 -1 -1 -1 -1 222151 0 15 25 15 15 0 4 0 3
0 0 0 0 1 6 1 0 1 0 3 0 5 -1 -1 -1 -1 -1 -1 222818 0 15 25 15 15 0 4 0 3
0 0 0 0 1 6 1 0 1 0 3 0 5 -1 -1 -1 -1 -1 -1 223485 0 15 25 15 15 0 4 0 3
0 0 0 0 3 6 1 0 1 0 3 0 5 4 1 1 1 0 0 224152 0 15 25 15 15 0 4 0 3
0 0 0 0 1 6 1 0 1 0 3 0 5 -1 -1 -1 -1 -1 -1 224819 0 15 25 15 15 0 4 0 3
0 0 0 0 1 6 1 0 1 0 3 0 5 -1 -1 -1 -1 -1 -1 225485 0 15 25 15 15 0 4 0 3
0 0 0 0 1 6 1 0 1 0 3 0 5 -1 -1 -1 -1 -1 -1 226152 0 15 25 15 15 0 4 0 3
0 0 0 0 3 6 1 0 1 0 3 0 5 4 3 1 3 0 0 226819 0 15 25 15 15 0 4 0 3
0 0 0 0 1 6 1 0 1 0 3 0 5 -1 -1 -1 -1 -1 -1 227486 0 15 25 15 15 0 4 0 3
0 0 0 0 1 6 1 0 1 0 3 0 5 -1 -1 -1 -1 -1 -1 228153 0 15 25 15 15 0 4 0 3
0 0 0 0 1 6 1 0 1 0 3 0 5 -1 -1 -1 -1 -1 -1 228819 0 15 25 15 15 0 4 0 3
0 0 0 0 3 6 1 0 1 0 3 0 5 4 0 1 0 0 0 229486 0 15 25 15 15 0 4 0 3
0 0 0 0 1 6 1 0 1 0 3 0 5 -1 -1 -1 -1 -1 -1 230153 0 15 25 15 15 0 4 0 3
0 0 0 0 1 6 1 0 1 0 3 0 5 -1 -1 -1 -1 -1 -1 230820 0 15 25 15 15 0 4 0 3
0 0 0 0 1 6 1 0 1 0 3 0 5 -1 -1 -1 -1 -1 -1 231487 0 15 25 15 15 0 4 0 3
0 0 0 0 3 6 1 0 1 0 3 0 5 4 3 1 3 0 0 232153 0 15 25 15 15 0 8 0 3
0 0 0 0 1 6 1 0 1 0 3 0 5 -1 -1 -1 -1 -1 -1 232820 0 15 25 15 15 0 8 0 3
0 0 0 0 1 6 1 0 1 0 3 0 5 -1 -1 -1 -1 -1 -1 233487 0 15 25 15 15 0 8 0 3
0 0 0 0 1 6 1 0 1 0 3 0 5 -1 -1 -1 -1 -1 -1 234154 0 15 25 15 15 0 8 0 3
0 0 0 0 2 7 1 0 1 0 3 0 5 4 3 1 3 1 1 234821 0 15 25 15 15 0 8 0 3
0 0 0 0 1 6 1 0 1 0 3 0 5 -1 -1 -1 -1 -1 -1 235488 0 15 25 15 15 0 6 0 3
0 0 0 0 1 6 1 0 1 0 3 0 5 -1 -1 -1 -1 -1 -1 236154 0 15 25 15 15 0 6 0 3
0 0 0 0 1 6 1 0 1 0 3 0 5 -1 -1 -1 -1 -1 -1 236821 0 15 25 15 15 0 6 0 3
0 0 0 0 3 6 1 0 1 0 3 0 5 4 2 1 2 0 0 237488 0 15 25 15 15 0 6 0 3
0 0 0 0 1 6 1 0 1 0 3 0 5 -1 -1 -1 -1 -1 -1 238155 0 15 25 15 15 0 6 0 3
0 0 0 0 1 6 1 0 1 0 3 0 5 -1 -1 -1 -1 -1 -1 238822 0 15 25 15 15 0 4 0 3
0 0 0 0 1 6 1 0 1 0 3 0 5 -1 -1 -1 -1 -1 -1 239488 0 15 25 15 15 0 4 0 3
0 0 0 0 3 6 1 0 1 0 3 0 5 4 1 1 1 0 0 240155 0 15 25 15 15 0 4 0 3
0 0 0 0 1 6 1 0 1 0 3 0 5 -1 -1 -1 -1 -1 -1 240822 0 15 25 15 15 0 4 0 3
0 0 0 0 1 6 1 0 1 0 3 0 5 -1 -1 -1 -1 -1 -1 241489 0 15 25 15 15 0 4 0 3
0 0 0 0 1 6 1 0 1 0 3 0 5 -1 -1 -1 -1 -1 -1 242156 0 15 25 15 15 0 4 0 3
0 0 0 0 2 7 1 0 1 0 3 0 5 4 3 1 3 1 1 242822 0 15 25 15 15 0 4 0 3
0 0 0 0 1 6 1 0 1 0 3 0 5 -1 -1 -1 -1 -1 -1 243489 0 15 25 15 15 0 4 0 3
0 0 0 0 1 6 1 0 1 0 3 0 5 -1 -1 -1 -1 -1 -1 244156 0 15 25 15 15 0 4 0 3
0 0 0 0 1 6 1 0 1 0 3 0 5 -1 -1 -1 -1 -1 -1 244823 0 15 25 15 15 0 4 0 3
0 0 0 0 3 6 1 0 1 0 3 0 5 4 3 1 3 0 0 245490 0 15 25 15 15 0 4 0 3
0 0 0 0 1 6 1 0 1 0 3 0 5 -1 -1 -1 -1 -1 -1 246156 0 15 25 15 15 0 4 0 3
0 0 0 0 1 6 1 0 1 0 3 0 5 -1 -1 -1 -1 -1 -1 246823 0 15 25 15 15 0 4 0 3
0 0 0 0 1 6 1 0 1 0 3 0 5 -1 -1 -1 -1 -1 -1 247490 0 15 25 15 15 0 4 0 3
0 0 0 0 2 7 1 0 1 0 3 0 5 4 1 1 1 1 1 248157 0 15 25 15 15 0 4 0 3
0 0 0 0 1 6 1 0 1 0 3 0 5 -1 -1 -1 -1 -1 -1 248824 0 15 25 15 15 0 8 0 3
0 0 0 0 1 6 1 0 1 0 3 0 5 -1 -1 -1 -1 -1 -1 249491 0 15 25 15 15 0 8 0 3
0 0 0 0 1 6 1 0 1 0 3 0 5 -1 -1 -1 -1 -1 -1 250157 0 15 25 15 15 0 8 0 3
0 0 0 0 2 7 1 0 1 0 3 0 5 4 3 1 3 1 1 250824 0 15 25 15 15 0 8 0 3
0 0 0 0 1 6 1 0 1 0 3 0 5 -1 -1 -1 -1 -1 -1 251491 0 15 25 15 15 0 8 0 3
0 0 0 0 1 6 1 0 1 0 3 0 5 -1 -1 -1 -1 -1 -1 252158 0 15 25 15 15 0 6 0 3
0 0 0 0 1 6 1 0 1 0 3 0 5 -1 -1 -1 -1 -1 -1 252825 0 15 25 15 15 0 6 0 3
0 0 0 0 3 6 1 0 1 0 3 0 5 4 1 1 1 0 0 253491 0 15 25 15 15 0 6 0 3
0 0 0 0 1 6 1 0 1 0 3 0 5 -1 -1 -1 -1 -1 -1 254158 0 15 25 15 15 0 6 0 3
0 0 0 0 1 6 1 0 1 0 3 0 5 -1 -1 -1 -1 -1 -1 254825 0 15 25 15 15 0 6 0 3
0 0 0 0 1 6 1 0 1 0 3 0 5 -1 -1 -1 -1 -1 -1 255492 0 15 25 15 15 0 4 0 3
0 0 0 0 3 6 1 0 1 0 3 0 5 4 0 1 0 0 0 256159 0 15 25 15 15 0 4 0 3
0 0 0 0 1 6 1 0 1 0 3 0 5 -1 -1 -1 -1 -1 -1 256825 0 15 25 15 15 0 4 0 3
0 0 0 0 1 6 1 0 1 0 3 0 5 -1 -1 -1 -1 -1 -1 257492 0 15 25 15 15 0 4 0 3
0 0 0 0 1 6 1 0 1 0 3 0 5 -1 -1 -1 -1 -1 -1 258158 0 15 25 15 15 0 4 0 3
0 0 0 0 3 6 1 0 1 0 3 0 5 4 1 1 1 0 0 258825 0 15 25 15 15 0 4 0 3
0 0 0 0 1 6 1 0 1 0 3 0 5 -1 -1 -1 -1 -1 -1 259491 0 15 25 15 15 0 4 0 3
0 0 0 0 1 6 1 0 1 0 3 0 5 -1 -1 -1 -1 -1 -1 260158 0 15 25 15 15 0 4 0 3
0 0 0 0 1 6 1 0 1 0 3 0 5 -1 -1 -1 -1 -1 -1 260824 0 15 25 15 15 0 4 0 3
0 0 0 0 2 7 1 0 1 0 3 0 5 4 1 1 1 1 1 261491 0 15 25 15 15 0 4 0 3
0 0 0 0 1 6 1 0 1 0 3 0 5 -1 -1 -1 -1 -1 -1 262157 0 15 25 15 15 0 4 0 3
0 0 0 0 1 6 1 0 1 0 3 0 5 -1 -1 -1 -1 -1 -1 262824 0 15 25 15 15 0 4 0 3
0 0 0 0 1 6 1 0 1 0 3 0 5 -1 -1 -1 -1 -1 -1 263490 0 15 25 15 15 0 4 0 3
0 0 0 0 2 7 1 0 1 0 3 0 5 4 0 1 0 1 1 264157 0 15 25 15 15 0 4 0 3
0 0 0 0 1 6 1 0 1 0 3 0 5 -1 -1 -1 -1 -1 -1 264823 0 15 25 15 15 0 4 0 3
0 0 0 0 1 6 1 0 1 0 3 0 5 -1 -1 -1 -1 -1 -1 265490 0 15 25 15 15 0 8 0 3
0 0 0 0 1 6 1 0 1 0 3 0 5 -1 -1 -1 -1 -1 -1 266156 0 15 25 15 15 0 8 0 3
0 0 0 0 3 6 1 0 1 0 3 0 5 4 2 1 2 0 0 266823 0 15 25 15 15 0 8 0 3
0 0 0 0 1 6 1 0 1 0 3 0 5 -1 -1 -1 -1 -1 -1 267489 0 15 25 15 15 0 8 0 3
0 0 0 0 1 6 1 0 1 0 3 0 5 -1 -1 -1 -1 -1 -1 268156 0 15 25 15 15 0 8 0 3
0 0 0 0 1 6 1 0 1 0 3 0 5 -1 -1 -1 -1 -1 -1 268822 0 15 25 15 15 0 6 0 3
0 0 0 0 3 6 1 0 1 0 3 0 5 4 3 1 3 0 0 269489 0 15 25 15 15 0 6 0 3
0 0 0 0 1 6 1 0 1 0 3 0 5 -1 -1 -1 -1 -1 -1 270155 0 15 25 15 15 0 6 0 3
0 0 0 0 1 6 1 0 1 0 3 0 5 -1 -1 -1 -1 -1 -1 270822 0 15 25 15 15 0 6 0 3
0 0 0 0 1 6 1 0 1 0 3 0 5 -1 -1 -1 -1 -1 -1 271488 0 15 25 15 15 0 6 0 3
0 0 0 0 3 6 1 0 1 0 3 0 5 4 2 1 2 0 0 272155 0 15 25 15 15 0 4 0 3
0 0 0 0 1 6 1 0 1 0 3 0 5 -1 -1 -1 -1 -1 -1 272821 0 15 25 15 15 0 4 0 3
0 0 0 0 1 6 1 0 1 0 3 0 5 -1 -1 -1 -1 -1 -1 273488 0 15 25 15 15 0 4 0 3
0 0 0 0 1 6 1 0 1 0 3 0 5 -1 -1 -1 -1 -1 -1 274154 0 15 25 15 15 0 4 0 3
0 0 0 0 3 6 1 0 1 0 3 0 5 4 1 1 1 0 0 274821 0 15 25 15 15 0 4 0 3
0 0 0 0 1 6 1 0 1 0 3 0 5 -1 -1 -1 -1 -1 -1 275487 0 15 25 15 15 0 4 0 3
0 0 0 0 1 6 1 0 1 0 3 0 5 -1 -1 -1 -1 -1 -1 276154 0 15 25 15 15 0 4 0 3
0 0 0 0 1 6 1 0 1 0 3 0 5 -1 -1 -1 -1 -1 -1 276820 0 15 25 15 15 0 4 0 3
0 0 0 0 2 7 1 0 1 0 3 0 5 4 3 1 3 1 1 277487 0 15 25 15 15 0 4 0 3
0 0 0 0 1 6 1 0 1 0 3 0 5 -1 -1 -1 -1 -1 -1 278153 0 15 25 15 15 0 4 0 3
0 0 0 0 1 6 1 0 1 0 3 0 5 -1 -1 -1 -1 -1 -1 278820 0 15 25 15 15 0 4 0 3
0 0 0 0 1 6 1 0 1 0 3 0 5 -1 -1 -1 -1 -1 -1 279486 0 15 25 15 15 0 4 0 3
0 0 0 0 3 6 1 0 1 0 3 0 5 4 1 1 1 0 0 280153 0 15 25 15 15 0 4 0 3
0 0 0 0 1 6 1 0 1 0 3 0 5 -1 -1 -1 -1 -1 -1 280819 0 15 25 15 15 0 4 0 3
0 0 0 0 1 6 1 0 1 0 3 0 5 -1 -1 -1 -1 -1 -1 281486 0 15 25 15 15 0 4 0 3
0 0 0 0 1 6 1 0 1 0 3 0 5 -1 -1 -1 -1 -1 -1 282152 0 15 25 15 15 0 8 0 3
0 0 0 0 3 6 1 0 1 0 3 0 5 4 0 1 0 0 0 282819 0 15 25 15 15 0 8 0 3
0 0 0 0 1 6 1 0 1 0 3 0 5 -1 -1 -1 -1 -1 -1 283485 0 15 25 15 15 0 8 0 3
0 0 0 0 1 6 1 0 1 0 3 0 5 -1 -1 -1 -1 -1 -1 284152 0 15 25 15 15 0 8 0 3
0 0 0 0 1 6 1 0 1 0 3 0 5 -1 -1 -1 -1 -1 -1 284818 0 15 25 15 15 0 8 0 3
0 0 0 0 2 8 1 0 1 0 3 0 5 4 3 1 3 1 0 285485 0 15 25 15 15 0 6 0 3
0 0 0 0 1 6 1 0 1 0 3 0 5 -1 -1 -1 -1 -1 -1 286151 0 15 25 15 15 0 6 0 3
0 0 0 0 1 6 1 0 1 0 3 0 5 -1 -1 -1 -1 -1 -1 286818 0 15 25 15 15 0 6 0 3
0 0 0 0 1 6 1 0 1 0 3 0 5 -1 -1 -1 -1 -1 -1 287484 0 15 25 15 15 0 6 0 3
0 0 0 0 3 6 1 0 1 0 3 0 5 4 3 1 3 0 0 288151 0 15 25 15 15 0 6 0 3
0 0 0 0 1 6 1 0 1 0 3 0 5 -1 -1 -1 -1 -1 -1 288817 0 15 25 15 15 0 4 0 3
0 0 0 0 1 6 1 0 1 0 3 0 5 -1 -1 -1 -1 -1 -1 289484 0 15 25 15 15 0 4 0 3
0 0 0 0 1 6 1 0 1 0 3 0 5 -1 -1 -1 -1 -1 -1 290150 0 15 25 15 15 0 4 0 3
0 0 0 0 3 6 1 0 1 0 3 0 5 4 2 1 2 0 0 290817 0 15 25 15 15 0 4 0 3
0 0 0 0 1 6 1 0 1 0 3 0 5 -1 -1 -1 -1 -1 -1 291483 0 15 25 15 15 0 4 0 3
0 0 0 0 1 6 1 0 1 0 3 0 5 -1 -1 -1 -1 -1 -1 292150 0 15 25 15 15 0 4 0 3
0 0 0 0 1 6 1 0 1 0 3 0 5 -1 -1 -1 -1 -1 -1 292816 0 15 25 15 15 0 4 0 3
0 0 0 0 3 6 1 0 1 0 3 0 5 4 0 1 0 0 0 293483 0 15 25 15 15 0 4 0 3
0 0 0 0 1 6 1 0 1 0 3 0 5 -1 -1 -1 -1 -1 -1 294149 0 15 25 15 15 0 4 0 3
0 0 0 0 1 6 1 0 1 0 3 0 5 -1 -1 -1 -1 -1 -1 294816 0 15 25 15 15 0 4 0 3
0 0 0 0 1 6 1 0 1 0 3 0 5 -1 -1 -1 -1 -1 -1 295482 0 15 25 15 15 0 4 0 3
0 0 0 0 3 6 1 0 1 0 3 0 5 4 1 1 1 0 0 296149 0 15 25 15 15 0 4 0 3
0 0 0 0 1 6 1 0 1 0 3 0 5 -1 -1 -1 -1 -1 -1 296815 0 15 25 15 15 0 4 0 3
0 0 0 0 1 6 1 0 1 0 3 0 5 -1 -1 -1 -1 -1 -1 297482 0 15 25 15 15 0 4 0 3
0 0 0 0 1 6 1 0 1 0 3 0 5 -1 -1 -1 -1 -1 -1 298148 0 15 25 15 15 0 4 0 3
0 0 0 0 3 6 1 0 1 0 3 0 5 4 0 1 0 0 0 298815 0 15 25 15 15 0 8 0 3
0 0 0 0 1 6 1 0 1 0 3 0 5 -1 -1 -1 -1 -1 -1 299481 0 15 25 15 15 0 8 0 3
0 0 0 0 1 6 1 0 1 0 3 0 5 -1 -1 -1 -1 -1 -1 300148 0 15 25 15 15 0 8 0 3
0 0 0 0 1 6 1 0 1 0 3 0 5 -1 -1 -1 -1 -1 -1 300814 0 15 25 15 15 0 8 0 3
0 0 0 0 2 7 1 0 1 0 3 0 5 4 0 1 0 1 1 301481 0 15 25 15 15 0 8 0 3
0 0 0 0 1 6 1 0 1 0 3 0 5 -1 -1 -1 -1 -1 -1 302147 0 15 25 15 15 0 6 0 3
0 0 0 0 1 6 1 0 1 0 3 0 5 -1 -1 -1 -1 -1 -1 302814 0 15 25 15 15 0 6 0 3
0 0 0 0 1 6 1 0 1 0 3 0 5 -1 -1 -1 -1 -1 -1 303480 0 15 25 15 15 0 6 0 3
0 0 0 0 3 6 1 0 1 0 3 0 5 4 2 1 2 0 0 304147 0 15 25 15 15 0 6 0 3
0 0 0 0 1 6 1 0 1 0 3 0 5 -1 -1 -1 -1 -1 -1 304813 0 15 25 15 15 0 6 0 3
0 0 0 0 1 6 1 0 1 0 3 0 5 -1 -1 -1 -1 -1 -1 305480 0 15 25 15 15 0 4 0 3
0 0 0 0 1 6 1 0 1 0 3 0 5 -1 -1 -1 -1 -1 -1 306146 0 15 25 15 15 0 4 0 3
0 0 0 0 2 7 1 0 1 0 3 0 5 4 0 1 0 1 1 306813 0 15 25 15 15 0 4 0 3
0 0 0 0 1 6 1 0 1 0 3 0 5 -1 -1 -1 -1 -1 -1 307479 0 15 25 15 15 0 4 0 3
0 0 0 0 1 6 1 0 1 0 3 0 5 -1 -1 -1 -1 -1 -1 308146 0 15 25 15 15 0 4 0 3
0 0 0 0 1 6 1 0 1 0 3 0 5 -1 -1 -1 -1 -1 -1 308812 0 15 25 15 15 0 4 0 3
0 0 0 0 3 6 1 0 1 0 3 0 5 4 3 1 3 0 0 309479 0 15 25 15 15 0 4 0 3
0 0 0 0 1 6 1 0 1 0 3 0 5 -1 -1 -1 -1 -1 -1 310145 0 15 25 15 15 0 4 0 3
0 0 0 0 1 6 1 0 1 0 3 0 5 -1 -1 -1 -1 -1 -1 310812 0 15 25 15 15 0 4 0 3
0 0 0 0 1 6 1 0 1 0 3 0 5 -1 -1 -1 -1 -1 -1 311478 0 15 25 15 15 0 4 0 3
0 0 0 0 3 6 1 0 1 0 3 0 5 4 0 1 0 0 0 312145 0 15 25 15 15 0 4 0 3
0 0 0 0 1 6 1 0 1 0 3 0 5 -1 -1 -1 -1 -1 -1 312811 0 15 25 15 15 0 4 0 3
0 0 0 0 1 6 1 0 2 0 3 0 5 -1 -1 -1 -1 -1 -1 330874 0 15 25 15 60 0 8 0 3
0 0 0 0 1 6 1 0 2 0 3 0 5 -1 -1 -1 -1 -1 -1 331040 0 15 25 15 60 0 8 0 3
0 0 0 0 1 6 1 0 2 0 3 0 5 -1 -1 -1 -1 -1 -1 331207 0 15 25 15 60 0 8 0 3
0 0 0 0 1 6 1 0 2 0 3 0 5 -1 -1 -1 -1 -1 -1 331407 0 15 25 15 54 0 8 0 3
0 0 0 0 1 6 1 0 2 0 3 0 5 -1 -1 -1 -1 -1 -1 331607 0 15 25 15 36 0 3 0 3
0 0 0 0 1 6 1 0 2 0 3 0 5 -1 -1 -1 -1 -1 -1 332107 0 15 25 15 15 0 3 0 3
0 0 0 0 1 6 1 0 2 0 3 0 5 -1 -1 -1 -1 -1 -1 332773 0 15 25 15 15 0 3 0 3
0 0 0 0 1 6 1 0 2 0 3 0 5 -1 -1 -1 -1 -1 -1 333440 0 15 25 15 15 0 3 0 3
0 0 0 0 1 6 1 0 2 0 3 0 5 -1 -1 -1 -1 -1 -1 334106 0 15 25 15 15 0 3 0 3
0 0 0 0 1 6 1 0 2 0 3 0 5 -1 -1 -1 -1 -1 -1 334773 0 15 25 15 15 0 1 0 3
0 0 0 0 3 6 1 0 2 0 3 0 5 4 2 1 2 0 0 335439 0 15 25 15 15 0 1 0 3
0 0 0 0 1 6 1 0 2 0 3 0 5 -1 -1 -1 -1 -1 -1 336106 0 15 25 15 15 0 1 0 3
0 0 0 0 1 6 1 0 2 0 3 0 5 -1 -1 -1 -1 -1 -1 336772 0 15 25 15 15 0 1 0 3
0 0 0 0 1 6 1 0 2 0 3 0 5 -1 -1 -1 -1 -1 -1 337439 0 15 25 15 15 0 1 0 3
0 0 0 0 3 6 1 0 2 0 3 0 5 4 0 1 0 0 0 338105 0 15 25 15 15 0 3 0 3
0 0 0 0 1 6 1 0 2 0 3 0 5 -1 -1 -1 -1 -1 -1 338772 0 15 25 15 15 0 3 0 3
0 0 0 0 1 6 1 0 2 0 3 0 5 -1 -1 -1 -1 -1 -1 339438 0 15 25 15 15 0 3 0 3
0 0 0 0 1 6 1 0 2 0 3 0 5 -1 -1 -1 -1 -1 -1 340105 0 15 25 15 15 0 3 0 3
0 0 0 0 3 6 1 0 2 0 3 0 5 4 1 1 1 0 0 340771 0 15 25 15 15 0 3 0 3
0 0 0 0 1 6 1 0 2 0 3 0 5 -1 -1 -1 -1 -1 -1 341438 0 15 25 15 15 0 4 0 3
0 0 0 0 1 6 1 0 2 0 3 0 5 -1 -1 -1 -1 -1 -1 342104 0 15 25 15 15 0 4 0 3
0 0 0 0 1 6 1 0 2 0 3 0 5 -1 -1 -1 -1 -1 -1 342771 0 15 25 15 15 0 4 0 3
0 0 0 0 2 7 1 0 2 0 3 0 5 4 2 1 2 1 1 343437 0 15 25 15 15 0 4 0 3
0 0 0 0 1 6 1 0 2 0 3 0 5 -1 -1 -1 -1 -1 -1 344104 0 15 25 15 15 0 4 0 3
0 0 0 0 1 6 1 0 2 0 3 0 5 -1 -1 -1 -1 -1 -1 344770 0 15 25 15 15 0 8 0 3
0 0 0 0 1 6 1 0 2 0 3 0 5 -1 -1 -1 -1 -1 -1 345437 0 15 25 15 15 0 8 0 3
0 0 0 0 3 6 1 0 2 0 3 0 5 4 2 1 2 0 0 346103 0 15 25 15 15 0 8 0 3
0 0 0 0 1 6 1 0 2 0 3 0 5 -1 -1 -1 -1 -1 -1 346770 0 15 25 15 15 0 8 0 3
0 0 0 0 1 6 1 0 2 0 3 0 5 -1 -1 -1 -1 -1 -1 347436 0 15 25 15 15 0 8 0 3
0 0 0 0 1 6 1 0 2 0 3 0 5 -1 -1 -1 -1 -1 -1 348103 0 15 25 15 15 0 3 0 3
0 0 0 0 3 6 1 0 2 0 3 0 5 4 0 1 0 0 0 348769 0 15 25 15 15 0 3 0 3
0 0 0 0 1 6 1 0 2 0 3 0 5 -1 -1 -1 -1 -1 -1 349436 0 15 25 15 15 0 3 0 3
0 0 0 0 1 6 1 0 2 0 3 0 5 -1 -1 -1 -1 -1 -1 350102 0 15 25 15 15 0 3 0 3
0 0 0 0 1 6 1 0 2 0 3 0 5 -1 -1 -1 -1 -1 -1 350769 0 15 25 15 15 0 3 0 3
0 0 0 0 3 6 1 0 2 0 3 0 5 4 3 1 3 0 0 351435 0 15 25 15 15 0 1 0 3
0 0 0 0 1 6 1 0 2 0 3 0 5 -1 -1 -1 -1 -1 -1 352102 0 15 25 15 15 0 1 0 3
0 0 0 0 1 6 1 0 2 0 3 0 5 -1 -1 -1 -1 -1 -1 352768 0 15 25 15 15 0 1 0 3
0 0 0 0 1 6 1 0 2 0 3 0 5 -1 -1 -1 -1 -1 -1 353435 0 15 25 15 15 0 1 0 3
0 0 0 0 2 7 1 0 2 0 3 0 5 4 2 1 2 1 1 354101 0 15 25 15 15 0 1 0 3
0 0 0 0 1 6 1 0 2 0 3 0 5 -1 -1 -1 -1 -1 -1 354768 0 15 25 15 15 0 3 0 3
0 0 0 0 1 6 1 0 2 0 3 0 5 -1 -1 -1 -1 -1 -1 355434 0 15 25 15 15 0 3 0 3
0 0 0 0 1 6 1 0 2 0 3 0 5 -1 -1 -1 -1 -1 -1 356101 0 15 25 15 15 0 3 0 3
0 0 0 0 2 7 1 0 2 0 3 0 5 4 0 1 0 1 1 356767 0 15 25 15 15 0 3 0 3
0 0 0 0 1 6 1 0 2 0 3 0 5 -1 -1 -1 -1 -1 -1 357434 0 15 25 15 15 0 3 0 3
0 0 0 0 1 6 1 0 2 0 3 0 5 -1 -1 -1 -1 -1 -1 358100 0 15 25 15 15 0 4 0 3
0 0 0 0 1 6 1 0 2 0 3 0 5 -1 -1 -1 -1 -1 -1 358767 0 15 25 15 15 0 4 0 3
0 0 0 0 2 7 1 0 2 0 3 0 5 4 3 1 3 1 1 359433 0 15 25 15 15 0 4 0 3
0 0 0 0 1 6 1 0 2 0 3 0 5 -1 -1 -1 -1 -1 -1 360100 0 15 25 15 15 0 4 0 3
0 0 0 0 1 6 1 0 2 0 3 0 5 -1 -1 -1 -1 -1 -1 360766 0 15 25 15 15 0 4 0 3
0 0 0 0 1 6 1 0 2 0 3 0 5 -1 -1 -1 -1 -1 -1 361433 0 15 25 15 15 0 8 0 3
0 0 0 0 3 6 1 0 2 0 3 0 5 4 0 1 0 0 0 362099 0 15 25 15 15 0 8 0 3
0 0 0 0 1 6 1 0 2 0 3 0 5 -1 -1 -1 -1 -1 -1 362766 0 15 25 15 15 0 8 0 3
0 0 0 0 1 6 1 0 2 0 3 0 5 -1 -1 -1 -1 -1 -1 363432 0 15 25 15 15 0 8 0 3
0 0 0 0 1 6 1 0 2 0 3 0 5 -1 -1 -1 -1 -1 -1 364099 0 15 25 15 15 0 8 0 3
0 0 0 0 3 6 1 0 2 0 3 0 5 4 2 1 2 0 0 364765 0 15 25 15 15 0 3 0 3
0 0 0 0 1 6 1 0 2 0 3 0 5 -1 -1 -1 -1 -1 -1 365432 0 15 25 15 15 0 3 0 3
0 0 0 0 1 6 1 0 2 0 3 0 5 -1 -1 -1 -1 -1 -1 366098 0 15 25 15 15 0 3 0 3
0 0 0 0 1 6 1 0 2 0 3 0 5 -1 -1 -1 -1 -1 -1 366765 0 15 25 15 15 0 3 0 3
0 0 0 0 3 6 1 0 2 0 3 0 5 4 0 1 0 0 0 367431 0 15 25 15 15 0 3 0 3
0 0 0 0 1 6 1 0 2 0 3 0 5 -1 -1 -1 -1 -1 -1 368098 0 15 25 15 15 0 1 0 3
0 0 0 0 1 6 1 0 2 0 3 0 5 -1 -1 -1 -1 -1 -1 368764 0 15 25 15 15 0 1 0 3
0 0 0 0 1 6 1 0 2 0 3 0 5 -1 -1 -1 -1 -1 -1 369431 0 15 25 15 15 0 1 0 3
0 0 0 0 2 8 1 0 2 0 3 0 5 4 0 1 0 1 0 370097 0 15 25 15 15 0 1 0 3
0 0 0 0 1 6 1 0 2 0 3 0 5 -1 -1 -1 -1 -1 -1 370764 0 15 25 15 15 0 1 0 3
0 0 0 0 1 6 1 0 2 0 3 0 5 -1 -1 -1 -1 -1 -1 371430 0 15 25 15 15 0 3 0 3
0 0 0 0 1 6 1 0 2 0 3 0 5 -1 -1 -1 -1 -1 -1 372097 0 15 25 15 15 0 3 0 3
0 0 0 0 3 6 1 0 2 0 3 0 5 4 1 1 1 0 0 372763 0 15 25 15 15 0 3 0 3
0 0 0 0 1 6 1 0 2 0 3 0 5 -1 -1 -1 -1 -1 -1 373430 0 15 25 15 15 0 3 0 3
0 0 0 0 1 6 1 0 2 0 3 0 5 -1 -1 -1 -1 -1 -1 374096 0 15 25 15 15 0 3 0 3
0 0 0 0 1 6 1 0 2 0 3 0 5 -1 -1 -1 -1 -1 -1 374763 0 15 25 15 15 0 4 0 3
0 0 0 0 2 7 1 0 2 0 3 0 5 4 0 1 0 1 1 375429 0 15 25 15 15 0 4 0 3
0 0 0 0 1 6 1 0 2 0 3 0 5 -1 -1 -1 -1 -1 -1 376096 0 15 25 15 15 0 4 0 3
0 0 0 0 1 6 1 0 2 0 3 0 5 -1 -1 -1 -1 -1 -1 376762 0 15 25 15 15 0 4 0 3
0 0 0 0 1 6 1 0 2 0 3 0 5 -1 -1 -1 -1 -1 -1 377429 0 15 25 15 15 0 4 0 3
0 0 0 0 3 6 1 0 2 0 3 0 5 4 2 1 2 0 0 378095 0 15 25 15 15 0 8 0 3
0 0 0 0 1 6 1 0 2 0 3 0 5 -1 -1 -1 -1 -1 -1 378762 0 15 25 15 15 0 8 0 3
0 0 0 0 1 6 1 0 2 0 3 0 5 -1 -1 -1 -1 -1 -1 379428 0 15 25 15 15 0 8 0 3
0 0 0 0 1 6 1 0 2 0 3 0 5 -1 -1 -1 -1 -1 -1 380095 0 15 25 15 15 0 8 0 3
0 0 0 0 3 6 1 0 2 0 3 0 5 4 3 1 3 0 0 380761 0 15 25 15 15 0 8 0 3
0 0 0 0 1 6 1 0 2 0 3 0 5 -1 -1 -1 -1 -1 -1 381428 0 15 25 15 15 0 3 0 3
0 0 0 0 1 6 1 0 2 0 3 0 5 -1 -1 -1 -1 -1 -1 382094 0 15 25 15 15 0 3 0 3
0 0 0 0 1 6 1 0 2 0 3 0 5 -1 -1 -1 -1 -1 -1 382761 0 15 25 15 15 0 3 0 3
0 0 0 0 3 8 1 0 2 0 3 0 5 4 1 1 1 0 1 383427 0 15 25 15 15 0 3 0 3
0 0 0 0 1 6 1 0 2 0 3 0 5 -1 -1 -1 -1 -1 -1 384094 0 15 25 15 15 0 3 0 3
0 0 0 0 1 6 1 0 2 0 3 0 5 -1 -1 -1 -1 -1 -1 384760 0 15 25 15 15 0 1 0 3
0 0 0 0 1 6 1 0 2 0 3 0 5 -1 -1 -1 -1 -1 -1 385427 0 15 25 15 15 0 1 0 3
0 0 0 0 2 8 1 0 2 0 3 0 5 4 2 1 2 1 0 386093 0 15 25 15 15 0 1 0 3
0 0 0 0 1 6 1 0 2 0 3 0 5 -1 -1 -1 -1 -1 -1 386760 0 15 25 15 15 0 1 0 3
0 0 0 0 1 6 1 0 2 0 3 0 5 -1 -1 -1 -1 -1 -1 387426 0 15 25 15 15 0 1 0 3
0 0 0 0 1 6 1 0 2 0 3 0 5 -1 -1 -1 -1 -1 -1 388093 0 15 25 15 15 0 3 0 3
0 0 0 0 3 8 1 0 2 0 3 0 5 4 0 1 0 0 1 388759 0 15 25 15 15 0 3 0 3
0 0 0 0 1 6 1 0 2 0 3 0 5 -1 -1 -1 -1 -1 -1 389426 0 15 25 15 15 0 3 0 3
0 0 0 0 1 6 1 0 2 0 3 0 5 -1 -1 -1 -1 -1 -1 390093 0 15 25 15 15 0 3 0 3
0 0 0 0 1 6 1 0 2 0 3 0 5 -1 -1 -1 -1 -1 -1 390759 0 15 25 15 15 0 3 0 3
0 0 0 0 3 6 1 0 2 0 3 0 5 4 3 1 3 0 0 391426 0 15 25 15 15 0 4 0 3
0 0 0 0 1 6 1 0 2 0 3 0 5 -1 -1 -1 -1 -1 -1 392092 0 15 25 15 15 0 4 0 3
0 0 0 0 1 6 1 0 2 0 3 0 5 -1 -1 -1 -1 -1 -1 392759 0 15 25 15 15 0 4 0 3
0 0 0 0 1 6 1 0 2 0 3 0 5 -1 -1 -1 -1 -1 -1 393425 0 15 25 15 15 0 4 0 3
0 0 0 0 2 8 1 0 2 0 3 0 5 4 2 1 2 1 0 394092 0 15 25 15 15 0 4 0 3
0 0 0 0 1 6 1 0 2 0 3 0 5 -1 -1 -1 -1 -1 -1 394758 0 15 25 15 15 0 8 0 3
0 0 0 0 1 6 1 0 2 0 3 0 5 -1 -1 -1 -1 -1 -1 395425 0 15 25 15 15 0 8 0 3
0 0 0 0 1 6 1 0 2 0 3 0 5 -1 -1 -1 -1 -1 -1 396091 0 15 25 15 15 0 8 0 3
0 0 0 0 2 8 1 0 2 0 3 0 5 4 0 1 0 1 0 396758 0 15 25 15 15 0 8 0 3
0 0 0 0 1 6 1 0 2 0 3 0 5 -1 -1 -1 -1 -1 -1 397424 0 15 25 15 15 0 8 0 3
0 0 0 0 1 6 1 0 2 0 3 0 5 -1 -1 -1 -1 -1 -1 398091 0 15 25 15 15 0 3 0 3
0 0 0 0 1 6 1 0 2 0 3 0 5 -1 -1 -1 -1 -1 -1 398757 0 15 25 15 15 0 3 0 3
0 0 0 0 3 6 1 0 2 0 3 0 5 4 2 1 2 0 0 399424 0 15 25 15 15 0 3 0 3
0 0 0 0 1 6 1 0 2 0 3 0 5 -1 -1 -1 -1 -1 -1 400090 0 15 25 15 15 0 3 0 3
0 0 0 0 1 6 1 0 2 0 3 0 5 -1 -1 -1 -1 -1 -1 400757 0 15 25 15 15 0 3 0 3
0 0 0 0 1 6 1 0 2 0 3 0 5 -1 -1 -1 -1 -1 -1 401423 0 15 25 15 15 0 1 0 3
0 0 0 0 3 6 1 0 2 0 3 0 5 4 1 1 1 0 0 402090 0 15 25 15 15 0 1 0 3
0 0 0 0 1 6 1 0 2 0 3 0 5 -1 -1 -1 -1 -1 -1 402756 0 15 25 15 15 0 1 0 3
0 0 0 0 1 6 1 0 2 0 3 0 5 -1 -1 -1 -1 -1 -1 403423 0 15 25 15 15 0 1 0 3
0 0 0 0 1 6 1 0 2 0 3 0 5 -1 -1 -1 -1 -1 -1 404089 0 15 25 15 15 0 1 0 3
0 0 0 0 3 6 1 0 2 0 3 0 5 4 2 1 2 0 0 404756 0 15 25 15 15 0 3 0 3
0 0 0 0 1 6 1 0 2 0 3 0 5 -1 -1 -1 -1 -1 -1 405422 0 15 25 15 15 0 3 0 3
0 0 0 0 1 6 1 0 2 0 3 0 5 -1 -1 -1 -1 -1 -1 406089 0 15 25 15 15 0 3 0 3
0 0 0 0 1 6 1 0 2 0 3 0 5 -1 -1 -1 -1 -1 -1 406755 0 15 25 15 15 0 3 0 3
0 0 0 0 3 8 1 0 2 0 3 0 5 4 0 1 0 0 1 407422 0 15 25 15 15 0 3 0 3
0 0 0 0 1 6 1 0 2 0 3 0 5 -1 -1 -1 -1 -1 -1 408088 0 15 25 15 15 0 4 0 3
0 0 0 0 1 6 1 0 2 0 3 0 5 -1 -1 -1 -1 -1 -1 408755 0 15 25 15 15 0 4 0 3
0 0 0 0 1 6 1 0 2 0 3 0 5 -1 -1 -1 -1 -1 -1 409421 0 15 25 15 15 0 4 0 3
0 0 0 0 2 7 1 0 2 0 3 0 5 4 1 1 1 1 1 410088 0 15 25 15 15 0 4 0 3
0 0 0 0 1 6 1 0 2 0 3 0 5 -1 -1 -1 -1 -1 -1 410754 0 15 25 15 15 0 4 0 3
0 0 0 0 1 6 1 0 2 0 3 0 5 -1 -1 -1 -1 -1 -1 411421 0 15 25 15 15 0 8 0 3
0 0 0 0 1 6 1 0 2 0 3 0 5 -1 -1 -1 -1 -1 -1 412087 0 15 25 15 15 0 8 0 3
0 0 0 0 3 8 1 0 2 0 3 0 5 4 0 1 0 0 1 412754 0 15 25 15 15 0 8 0 3
0 0 0 0 1 6 1 0 2 0 3 0 5 -1 -1 -1 -1 -1 -1 413420 0 15 25 15 15 0 8 0 3
0 0 0 0 1 6 1 0 2 0 3 0 5 -1 -1 -1 -1 -1 -1 414087 0 15 25 15 15 0 8 0 3
0 0 0 0 1 6 1 0 2 0 3 0 5 -1 -1 -1 -1 -1 -1 414753 0 15 25 15 15 0 3 0 3
0 0 0 0 2 7 1 0 2 0 3 0 5 4 0 1 0 1 1 415420 0 15 25 15 15 0 3 0 3
0 0 0 0 1 6 1 0 2 0 3 0 5 -1 -1 -1 -1 -1 -1 416086 0 15 25 15 15 0 3 0 3
0 0 0 0 1 6 1 0 2 0 3 0 5 -1 -1 -1 -1 -1 -1 416753 0 15 25 15 15 0 3 0 3
0 0 0 0 1 6 1 0 2 0 3 0 5 -1 -1 -1 -1 -1 -1 417419 0 15 25 15 15 0 3 0 3
0 0 0 0 3 6 1 0 2 0 3 0 5 4 2 1 2 0 0 418086 0 15 25 15 15 0 1 0 3
0 0 0 0 1 6 1 0 2 0 3 0 5 -1 -1 -1 -1 -1 -1 418752 0 15 25 15 15 0 1 0 3
0 0 0 0 1 6 1 0 2 0 3 0 5 -1 -1 -1 -1 -1 -1 419419 0 15 25 15 15 0 1 0 3
0 0 0 0 1 6 1 0 2 0 3 0 5 -1 -1 -1 -1 -1 -1 420085 0 15 25 15 15 0 1 0 3
0 0 0 0 3 6 1 0 2 0 3 0 5 4 1 1 1 0 0 420752 0 15 25 15 15 0 1 0 3
0 0 0 0 1 6 1 0 2 0 3 0 5 -1 -1 -1 -1 -1 -1 421418 0 15 25 15 15 0 3 0 3
0 0 0 0 1 6 1 0 2 0 3 0 5 -1 -1 -1 -1 -1 -1 422085 0 15 25 15 15 0 3 0 3
0 0 0 0 1 6 1 0 2 0 3 0 5 -1 -1 -1 -1 -1 -1 422751 0 15 25 15 15 0 3 0 3
0 0 0 0 3 6 1 0 2 0 3 0 5 4 2 1 2 0 0 423418 0 15 25 15 15 0 3 0 3
0 0 0 0 1 6 1 0 2 0 3 0 5 -1 -1 -1 -1 -1 -1 424084 0 15 25 15 15 0 3 0 3
0 0 0 0 1 6 1 0 2 0 3 0 5 -1 -1 -1 -1 -1 -1 424751 0 15 25 15 15 0 4 0 3
0 0 0 0 1 6 1 0 2 0 3 0 5 -1 -1 -1 -1 -1 -1 425417 0 15 25 15 15 0 4 0 3
0 0 0 0 3 8 1 0 2 0 3 0 5 4 0 1 0 0 1 426084 0 15 25 15 15 0 4 0 3
0 0 0 0 1 6 1 0 2 0 3 0 5 -1 -1 -1 -1 -1 -1 426750 0 15 25 15 15 0 4 0 3
0 0 0 0 1 6 1 0 2 0 3 0 5 -1 -1 -1 -1 -1 -1 427417 0 15 25 15 15 0 4 0 3
0 0 0 0 1 6 1 0 2 0 3 0 5 -1 -1 -1 -1 -1 -1 428083 0 15 25 15 15 0 8 0 3
0 0 0 0 3 8 1 0 2 0 3 0 5 4 0 1 0 0 1 428750 0 15 25 15 15 0 8 0 3
0 0 0 0 1 6 1 0 2 0 3 0 5 -1 -1 -1 -1 -1 -1 429416 0 15 25 15 15 0 8 0 3
0 0 0 0 1 6 1 0 2 0 3 0 5 -1 -1 -1 -1 -1 -1 430083 0 15 25 15 15 0 8 0 3
0 0 0 0 1 6 1 0 2 0 3 0 5 -1 -1 -1 -1 -1 -1 430749 0 15 25 15 15 0 8 0 3
0 0 0 0 3 6 1 0 2 0 3 0 5 4 1 1 1 0 0 431416 0 15 25 15 15 0 3 0 3
0 0 0 0 1 6 1 0 2 0 3 0 5 -1 -1 -1 -1 -1 -1 432082 0 15 25 15 15 0 3 0 3
0 0 0 0 1 6 1 0 2 0 3 0 5 -1 -1 -1 -1 -1 -1 432749 0 15 25 15 15 0 3 0 3
0 0 0 0 1 6 1 0 2 0 3 0 5 -1 -1 -1 -1 -1 -1 433415 0 15 25 15 15 0 3 0 3
0 0 0 0 2 8 1 0 2 0 3 0 5 4 0 1 0 1 0 434082 0 15 25 15 15 0 3 0 3
0 0 0 0 1 6 1 0 2 0 3 0 5 -1 -1 -1 -1 -1 -1 434748 0 15 25 15 15 0 1 0 3
0 0 0 0 1 6 1 0 2 0 3 0 5 -1 -1 -1 -1 -1 -1 435415 0 15 25 15 15 0 1 0 3
0 0 0 0 1 6 1 0 2 0 3 0 5 -1 -1 -1 -1 -1 -1 436081 0 15 25 15 15 0 1 0 3
0 0 0 0 3 6 1 0 2 0 3 0 5 4 1 1 1 0 0 436748 0 15 25 15 15 0 1 0 3
0 0 0 0 1 6 1 0 2 0 3 0 5 -1 -1 -1 -1 -1 -1 437414 0 15 25 15 15 0 1 0 3
0 0 0 0 1 6 1 0 2 0 3 0 5 -1 -1 -1 -1 -1 -1 438081 0 15 25 15 15 0 3 0 3
0 0 0 0 1 6 1 0 2 0 3 0 5 -1 -1 -1 -1 -1 -1 438747 0 15 25 15 15 0 3 0 3
0 0 0 0 3 6 1 0 2 0 3 0 5 4 3 1 3 0 0 439414 0 15 25 15 15 0 3 0 3
0 0 0 0 1 6 1 0 2 0 3 0 5 -1 -1 -1 -1 -1 -1 440080 0 15 25 15 15 0 3 0 3
0 0 0 0 1 6 1 0 2 0 3 0 5 -1 -1 -1 -1 -1 -1 440747 0 15 25 15 15 0 3 0 3
0 0 0 0 1 6 1 0 2 0 3 0 5 -1 -1 -1 -1 -1 -1 441413 0 15 25 15 15 0 4 0 3
0 0 0 0 2 7 1 0 2 0 3 0 5 4 0 1 0 1 1 442080 0 15 25 15 15 0 4 0 3
0 0 0 0 1 6 1 0 2 0 3 0 5 -1 -1 -1 -1 -1 -1 442746 0 15 25 15 15 0 4 0 3
0 0 0 0 1 6 1 0 2 0 3 0 5 -1 -1 -1 -1 -1 -1 443413 0 15 25 15 15 0 4 0 3
0 0 0 0 1 6 1 0 2 0 3 0 5 -1 -1 -1 -1 -1 -1 444079 0 15 25 15 15 0 4 0 3
0 0 0 0 3 6 1 0 2 0 3 0 5 4 3 1 3 0 0 444746 0 15 25 15 15 0 8 0 3
0 0 0 0 1 6 1 0 2 0 3 0 5 -1 -1 -1 -1 -1 -1 445412 0 15 25 15 15 0 8 0 3
0 0 0 0 1 6 1 0 2 0 3 0 5 -1 -1 -1 -1 -1 -1 446079 0 15 25 15 15 0 8 0 3
0 0 0 0 1 6 1 0 2 0 3 0 5 -1 -1 -1 -1 -1 -1 446745 0 15 25 15 15 0 8 0 3
0 0 0 0 2 7 1 0 2 0 3 0 5 4 3 1 3 1 1 447412 0 15 25 15 15 0 8 0 3
0 0 0 0 1 6 1 0 2 0 3 0 5 -1 -1 -1 -1 -1 -1 448078 0 15 25 15 15 0 3 0 3
0 0 0 0 1 6 1 0 2 0 3 0 5 -1 -1 -1 -1 -1 -1 448745 0 15 25 15 15 0 3 0 3
0 0 0 0 1 6 1 0 2 0 3 0 5 -1 -1 -1 -1 -1 -1 449411 0 15 25 15 15 0 3 0 3
0 0 0 0 2 7 1 0 2 0 3 0 5 4 0 1 0 1 1 450078 0 15 25 15 15 0 3 0 3
0 0 0 0 1 6 1 0 2 0 3 0 5 -1 -1 -1 -1 -1 -1 450744 0 15 25 15 15 0 3 0 3
0 0 0 0 1 6 1 0 2 0 3 0 5 -1 -1 -1 -1 -1 -1 451411 0 15 25 15 15 0 1 0 3
0 0 0 0 1 6 1 0 2 0 3 0 5 -1 -1 -1 -1 -1 -1 452077 0 15 25 15 15 0 1 0 3
0 0 0 0 3 6 1 0 2 0 3 0 5 4 1 1 1 0 0 452744 0 15 25 15 15 0 1 0 3
0 0 0 0 1 6 1 0 2 0 3 0 5 -1 -1 -1 -1 -1 -1 453410 0 15 25 15 15 0 1 0 3
0 0 0 0 1 6 1 0 2 0 3 0 5 -1 -1 -1 -1 -1 -1 454077 0 15 25 15 15 0 1 0 3
0 0 0 0 1 6 1 0 2 0 3 0 5 -1 -1 -1 -1 -1 -1 454743 0 15 25 15 15 0 3 0 3
0 0 0 0 2 7 1 0 2 0 3 0 5 4 3 1 3 1 1 455410 0 15 25 15 15 0 3 0 3
0 0 0 0 1 6 1 0 2 0 3 0 5 -1 -1 -1 -1 -1 -1 456076 0 15 25 15 15 0 3 0 3
0 0 0 0 1 6 1 0 2 0 3 0 5 -1 -1 -1 -1 -1 -1 456743 0 15 25 15 15 0 3 0 3
0 0 0 0 1 6 1 0 2 0 3 0 5 -1 -1 -1 -1 -1 -1 457409 0 15 25 15 15 0 3 0 3
0 0 0 0 2 7 1 0 2 0 3 0 5 4 0 1 0 1 1 458076 0 15 25 15 15 0 4 0 3
0 0 0 0 1 6 1 0 2 0 3 0 5 -1 -1 -1 -1 -1 -1 458742 0 15 25 15 15 0 4 0 3
0 0 0 0 1 6 1 0 2 0 3 0 5 -1 -1 -1 -1 -1 -1 459409 0 15 25 15 15 0 4 0 3
0 0 0 0 1 6 1 0 2 0 3 0 5 -1 -1 -1 -1 -1 -1 460075 0 15 25 15 15 0 4 0 3
0 0 0 0 3 8 1 0 2 0 3 0 5 4 3 1 3 0 1 460742 0 15 25 15 15 0 4 0 3
0 0 0 0 1 6 1 0 2 0 3 0 5 -1 -1 -1 -1 -1 -1 461408 0 15 25 15 15 0 8 0 3
0 0 0 0 1 6 1 0 2 0 3 0 5 -1 -1 -1 -1 -1 -1 462075 0 15 25 15 15 0 8 0 3
0 0 0 0 1 6 1 0 2 0 3 0 5 -1 -1 -1 -1 -1 -1 462741 0 15 25 15 15 0 8 0 3
0 0 0 0 3 6 1 0 2 0 3 0 5 4 2 1 2 0 0 463408 0 15 25 15 15 0 8 0 3
0 0 0 0 1 6 1 0 2 0 3 0 5 -1 -1 -1 -1 -1 -1 464074 0 15 25 15 15 0 8 0 3
0 0 0 0 1 6 1 0 2 0 3 0 5 -1 -1 -1 -1 -1 -1 464741 0 15 25 15 15 0 3 0 3
0 0 0 0 1 6 1 0 2 0 3 0 5 -1 -1 -1 -1 -1 -1 465407 0 15 25 15 15 0 3 0 3
0 0 0 0 3 6 1 0 2 0 3 0 5 4 1 1 1 0 0 466074 0 15 25 15 15 0 3 0 3
0 0 0 0 1 6 1 0 2 0 3 0 5 -1 -1 -1 -1 -1 -1 466740 0 15 25 15 15 0 3 0 3
0 0 0 0 1 6 1 0 2 0 3 0 5 -1 -1 -1 -1 -1 -1 467407 0 15 25 15 15 0 3 0 3
0 0 0 0 1 6 1 0 2 0 3 0 5 -1 -1 -1 -1 -1 -1 468073 0 15 25 15 15 0 1 0 3
0 0 0 0 3 6 1 0 2 0 3 0 5 4 0 1 0 0 0 468740 0 15 25 15 15 0 1 0 3
0 0 0 0 1 6 1 0 2 0 3 0 5 -1 -1 -1 -1 -1 -1 469406 0 15 25 15 15 0 1 0 3
0 0 0 0 1 6 1 0 2 0 3 0 5 -1 -1 -1 -1 -1 -1 470073 0 15 25 15 15 0 1 0 3
0 0 0 0 1 6 1 0 3 0 3 0 5 -1 -1 -1 -1 -1 -1 484969 0 15 25 15 60 0 8 0 3
0 0 0 0 1 6 1 0 3 0 3 0 5 -1 -1 -1 -1 -1 -1 485136 0 15 25 15 60 0 8 0 3
0 0 0 0 1 6 1 0 3 0 3 0 5 -1 -1 -1 -1 -1 -1 485303 0 15 25 15 60 0 8 0 3
0 0 0 0 1 6 1 0 3 0 3 0 5 -1 -1 -1 -1 -1 -1 485503 0 15 25 15 54 0 8 0 3
0 0 0 0 1 6 1 0 3 0 3 0 5 -1 -1 -1 -1 -1 -1 485702 0 15 25 15 36 0 0 0 3
0 0 0 0 1 6 1 0 3 0 3 0 5 -1 -1 -1 -1 -1 -1 486202 0 15 25 15 15 0 0 0 3
0 0 0 0 1 6 1 0 3 0 3 0 5 -1 -1 -1 -1 -1 -1 486869 0 15 25 15 15 0 0 0 3
0 0 0 0 1 6 1 0 3 0 3 0 5 -1 -1 -1 -1 -1 -1 487535 0 15 25 15 15 0 0 0 3
0 0 0 0 1 6 1 0 3 0 3 0 5 -1 -1 -1 -1 -1 -1 488202 0 15 25 15 15 0 0 0 3
0 0 0 0 1 6 1 0 3 0 3 0 5 -1 -1 -1 -1 -1 -1 488868 0 15 25 15 15 0 6 0 3
0 0 0 0 3 6 1 0 3 0 3 0 5 4 2 1 2 0 0 489535 0 15 25 15 15 0 6 0 3
0 0 0 0 1 6 1 0 3 0 3 0 5 -1 -1 -1 -1 -1 -1 490201 0 15 25 15 15 0 6 0 3
0 0 0 0 1 6 1 0 3 0 3 0 5 -1 -1 -1 -1 -1 -1 490868 0 15 25 15 15 0 6 0 3
0 0 0 0 1 6 1 0 3 0 3 0 5 -1 -1 -1 -1 -1 -1 491534 0 15 25 15 15 0 6 0 3
0 0 0 0 3 6 1 0 3 0 3 0 5 4 1 1 1 0 0 492201 0 15 25 15 15 0 0 0 3
0 0 0 0 1 6 1 0 3 0 3 0 5 -1 -1 -1 -1 -1 -1 492867 0 15 25 15 15 0 0 0 3
0 0 0 0 1 6 1 0 3 0 3 0 5 -1 -1 -1 -1 -1 -1 493534 0 15 25 15 15 0 0 0 3
0 0 0 0 1 6 1 0 3 0 3 0 5 -1 -1 -1 -1 -1 -1 494200 0 15 25 15 15 0 0 0 3
0 0 0 0 3 6 1 0 3 0 3 0 5 4 0 1 0 0 0 494867 0 15 25 15 15 0 0 0 3
0 0 0 0 1 6 1 0 3 0 3 0 5 -1 -1 -1 -1 -1 -1 495533 0 15 25 15 15 0 2 0 3
0 0 0 0 1 6 1 0 3 0 3 0 5 -1 -1 -1 -1 -1 -1 496200 0 15 25 15 15 0 2 0 3
0 0 0 0 1 6 1 0 3 0 3 0 5 -1 -1 -1 -1 -1 -1 496866 0 15 25 15 15 0 2 0 3
0 0 0 0 3 6 1 0 3 0 3 0 5 4 1 1 1 0 0 497533 0 15 25 15 15 0 2 0 3
0 0 0 0 1 6 1 0 3 0 3 0 5 -1 -1 -1 -1 -1 -1 498199 0 15 25 15 15 0 2 0 3
0 0 0 0 1 6 1 0 3 0 3 0 5 -1 -1 -1 -1 -1 -1 498866 0 15 25 15 15 0 8 0 3
0 0 0 0 1 6 1 0 3 0 3 0 5 -1 -1 -1 -1 -1 -1 499532 0 15 25 15 15 0 8 0 3
0 0 0 0 3 6 1 0 3 0 3 0 5 4 3 1 3 0 0 500199 0 15 25 15 15 0 8 0 3
0 0 0 0 1 6 1 0 3 0 3 0 5 -1 -1 -1 -1 -1 -1 500865 0 15 25 15 15 0 8 0 3
0 0 0 0 1 6 1 0 3 0 3 0 5 -1 -1 -1 -1 -1 -1 501532 0 15 25 15 15 0 8 0 3
0 0 0 0 1 6 1 0 3 0 3 0 5 -1 -1 -1 -1 -1 -1 502198 0 15 25 15 15 0 0 0 3
0 0 0 0 2 7 1 0 3 0 3 0 5 4 0 1 0 1 1 502865 0 15 25 15 15 0 0 0 3
0 0 0 0 1 6 1 0 3 0 3 0 5 -1 -1 -1 -1 -1 -1 503531 0 15 25 15 15 0 0 0 3
0 0 0 0 1 6 1 0 3 0 3 0 5 -1 -1 -1 -1 -1 -1 504198 0 15 25 15 15 0 0 0 3
0 0 0 0 1 6 1 0 3 0 3 0 5 -1 -1 -1 -1 -1 -1 504864 0 15 25 15 15 0 0 0 3
0 0 0 0 2 7 1 0 3 0 3 0 5 4 1 1 1 1 1 505531 0 15 25 15 15 0 6 0 3
0 0 0 0 1 6 1 0 3 0 3 0 5 -1 -1 -1 -1 -1 -1 506197 0 15 25 15 15 0 6 0 3
0 0 0 0 1 6 1 0 3 0 3 0 5 -1 -1 -1 -1 -1 -1 506864 0 15 25 15 15 0 6 0 3
0 0 0 0 1 6 1 0 3 0 3 0 5 -1 -1 -1 -1 -1 -1 507530 0 15 25 15 15 0 6 0 3
0 0 0 0 2 7 1 0 3 0 3 0 5 4 3 1 3 1 1 508197 0 15 25 15 15 0 6 0 3
0 0 0 0 1 6 1 0 3 0 3 0 5 -1 -1 -1 -1 -1 -1 508863 0 15 25 15 15 0 0 0 3
0 0 0 0 1 6 1 0 3 0 3 0 5 -1 -1 -1 -1 -1 -1 509530 0 15 25 15 15 0 0 0 3
0 0 0 0 1 6 1 0 3 0 3 0 5 -1 -1 -1 -1 -1 -1 510197 0 15 25 15 15 0 0 0 3
0 0 0 0 3 6 1 0 3 0 3 0 5 4 1 1 1 0 0 510863 0 15 25 15 15 0 0 0 3
0 0 0 0 1 6 1 0 3 0 3 0 5 -1 -1 -1 -1 -1 -1 511530 0 15 25 15 15 0 0 0 3
0 0 0 0 1 6 1 0 3 0 3 0 5 -1 -1 -1 -1 -1 -1 512196 0 15 25 15 15 0 2 0 3
0 0 0 0 1 6 1 0 3 0 3 0 5 -1 -1 -1 -1 -1 -1 512863 0 15 25 15 15 0 2 0 3
0 0 0 0 3 6 1 0 3 0 3 0 5 4 0 1 0 0 0 513529 0 15 25 15 15 0 2 0 3
0 0 0 0 1 6 1 0 3 0 3 0 5 -1 -1 -1 -1 -1 -1 514196 0 15 25 15 15 0 2 0 3
0 0 0 0 1 6 1 0 3 0 3 0 5 -1 -1 -1 -1 -1 -1 514862 0 15 25 15 15 0 2 0 3
0 0 0 0 1 6 1 0 3 0 3 0 5 -1 -1 -1 -1 -1 -1 515529 0 15 25 15 15 0 8 0 3
0 0 0 0 3 6 1 0 3 0 3 0 5 4 2 1 2 0 0 516195 0 15 25 15 15 0 8 0 3
0 0 0 0 1 6 1 0 3 0 3 0 5 -1 -1 -1 -1 -1 -1 516862 0 15 25 15 15 0 8 0 3
0 0 0 0 1 6 1 0 3 0 3 0 5 -1 -1 -1 -1 -1 -1 517528 0 15 25 15 15 0 8 0 3
0 0 0 0 1 6 1 0 3 0 3 0 5 -1 -1 -1 -1 -1 -1 518195 0 15 25 15 15 0 8 0 3
0 0 0 0 2 7 1 0 3 0 3 0 5 4 1 1 1 1 1 518861 0 15 25 15 15 0 0 0 3
0 0 0 0 1 6 1 0 3 0 3 0 5 -1 -1 -1 -1 -1 -1 519528 0 15 25 15 15 0 0 0 3
0 0 0 0 1 6 1 0 3 0 3 0 5 -1 -1 -1 -1 -1 -1 520194 0 15 25 15 15 0 0 0 3
0 0 0 0 1 6 1 0 3 0 3 0 5 -1 -1 -1 -1 -1 -1 520861 0 15 25 15 15 0 0 0 3
0 0 0 0 3 6 1 0 3 0 3 0 5 4 2 1 2 0 0 521527 0 15 25 15 15 0 0 0 3
0 0 0 0 1 6 1 0 3 0 3 0 5 -1 -1 -1 -1 -1 -1 522194 0 15 25 15 15 0 6 0 3
0 0 0 0 1 6 1 0 3 0 3 0 5 -1 -1 -1 -1 -1 -1 522860 0 15 25 15 15 0 6 0 3
0 0 0 0 1 6 1 0 3 0 3 0 5 -1 -1 -1 -1 -1 -1 523527 0 15 25 15 15 0 6 0 3
0 0 0 0 3 6 1 0 3 0 3 0 5 4 3 1 3 0 0 524193 0 15 25 15 15 0 6 0 3
0 0 0 0 1 6 1 0 3 0 3 0 5 -1 -1 -1 -1 -1 -1 524860 0 15 25 15 15 0 6 0 3
0 0 0 0 1 6 1 0 3 0 3 0 5 -1 -1 -1 -1 -1 -1 525526 0 15 25 15 15 0 0 0 3
0 0 0 0 1 6 1 0 3 0 3 0 5 -1 -1 -1 -1 -1 -1 526193 0 15 25 15 15 0 0 0 3
0 0 0 0 2 7 1 0 3 0 3 0 5 4 1 1 1 1 1 526859 0 15 25 15 15 0 0 0 3
0 0 0 0 1 6 1 0 3 0 3 0 5 -1 -1 -1 -1 -1 -1 527526 0 15 25 15 15 0 0 0 3
0 0 0 0 1 6 1 0 3 0 3 0 5 -1 -1 -1 -1 -1 -1 528192 0 15 25 15 15 0 0 0 3
0 0 0 0 1 6 1 0 3 0 3 0 5 -1 -1 -1 -1 -1 -1 528859 0 15 25 15 15 0 2 0 3
0 0 0 0 3 6 1 0 3 0 3 0 5 4 0 1 0 0 0 529525 0 15 25 15 15 0 2 0 3
0 0 0 0 1 6 1 0 3 0 3 0 5 -1 -1 -1 -1 -1 -1 530192 0 15 25 15 15 0 2 0 3
0 0 0 0 1 6 1 0 3 0 3 0 5 -1 -1 -1 -1 -1 -1 530858 0 15 25 15 15 0 2 0 3
0 0 0 0 1 6 1 0 3 0 3 0 5 -1 -1 -1 -1 -1 -1 531525 0 15 25 15 15 0 2 0 3
0 0 0 0 3 6 1 0 3 0 3 0 5 4 1 1 1 0 0 532191 0 15 25 15 15 0 8 0 3
0 0 0 0 1 6 1 0 3 0 3 0 5 -1 -1 -1 -1 -1 -1 532858 0 15 25 15 15 0 8 0 3
0 0 0 0 1 6 1 0 3 0 3 0 5 -1 -1 -1 -1 -1 -1 533524 0 15 25 15 15 0 8 0 3
0 0 0 0 1 6 1 0 3 0 3 0 5 -1 -1 -1 -1 -1 -1 534191 0 15 25 15 15 0 8 0 3
0 0 0 0 3 6 1 0 3 0 3 0 5 4 3 1 3 0 0 534857 0 15 25 15 15 0 8 0 3
0 0 0 0 1 6 1 0 3 0 3 0 5 -1 -1 -1 -1 -1 -1 535524 0 15 25 15 15 0 0 0 3
0 0 0 0 1 6 1 0 3 0 3 0 5 -1 -1 -1 -1 -1 -1 536190 0 15 25 15 15 0 0 0 3
0 0 0 0 1 6 1 0 3 0 3 0 5 -1 -1 -1 -1 -1 -1 536857 0 15 25 15 15 0 0 0 3
0 0 0 0 3 8 1 0 3 0 3 0 5 4 1 1 1 0 1 537523 0 15 25 15 15 0 0 0 3
0 0 0 0 1 6 1 0 3 0 3 0 5 -1 -1 -1 -1 -1 -1 538190 0 15 25 15 15 0 0 0 3
0 0 0 0 1 6 1 0 3 0 3 0 5 -1 -1 -1 -1 -1 -1 538856 0 15 25 15 15 0 6 0 3
0 0 0 0 1 6 1 0 3 0 3 0 5 -1 -1 -1 -1 -1 -1 539523 0 15 25 15 15 0 6 0 3
0 0 0 0 3 6 1 0 3 0 3 0 5 4 3 1 3 0 0 540189 0 15 25 15 15 0 6 0 3
0 0 0 0 1 6 1 0 3 0 3 0 5 -1 -1 -1 -1 -1 -1 540856 0 15 25 15 15 0 6 0 3
0 0 0 0 1 6 1 0 3 0 3 0 5 -1 -1 -1 -1 -1 -1 541522 0 15 25 15 15 0 6 0 3
0 0 0 0 1 6 1 0 3 0 3 0 5 -1 -1 -1 -1 -1 -1 542189 0 15 25 15 15 0 0 0 3
0 0 0 0 2 8 1 0 3 0 3 0 5 4 3 1 3 1 0 542855 0 15 25 15 15 0 0 0 3
0 0 0 0 1 6 1 0 3 0 3 0 5 -1 -1 -1 -1 -1 -1 543522 0 15 25 15 15 0 0 0 3
0 0 0 0 1 6 1 0 3 0 3 0 5 -1 -1 -1 -1 -1 -1 544188 0 15 25 15 15 0 0 0 3
0 0 0 0 1 6 1 0 3 0 3 0 5 -1 -1 -1 -1 -1 -1 544855 0 15 25 15 15 0 0 0 3
0 0 0 0 3 6 1 0 3 0 3 0 5 4 0 1 0 0 0 545521 0 15 25 15 15 0 2 0 3
0 0 0 0 1 6 1 0 3 0 3 0 5 -1 -1 -1 -1 -1 -1 546188 0 15 25 15 15 0 2 0 3
0 0 0 0 1 6 1 0 3 0 3 0 5 -1 -1 -1 -1 -1 -1 546854 0 15 25 15 15 0 2 0 3
0 0 0 0 1 6 1 0 3 0 3 0 5 -1 -1 -1 -1 -1 -1 547521 0 15 25 15 15 0 2 0 3
0 0 0 0 2 8 1 0 3 0 3 0 5 4 3 1 3 1 0 548187 0 15 25 15 15 0 2 0 3
0 0 0 0 1 6 1 0 3 0 3 0 5 -1 -1 -1 -1 -1 -1 548854 0 15 25 15 15 0 8 0 3
0 0 0 0 1 6 1 0 3 0 3 0 5 -1 -1 -1 -1 -1 -1 549520 0 15 25 15 15 0 8 0 3
0 0 0 0 1 6 1 0 3 0 3 0 5 -1 -1 -1 -1 -1 -1 550187 0 15 25 15 15 0 8 0 3
0 0 0 0 2 7 1 0 3 0 3 0 5 4 3 1 3 1 1 550853 0 15 25 15 15 0 8 0 3
0 0 0 0 1 6 1 0 3 0 3 0 5 -1 -1 -1 -1 -1 -1 551520 0 15 25 15 15 0 8 0 3
0 0 0 0 1 6 1 0 3 0 3 0 5 -1 -1 -1 -1 -1 -1 552186 0 15 25 15 15 0 0 0 3
0 0 0 0 1 6 1 0 3 0 3 0 5 -1 -1 -1 -1 -1 -1 552853 0 15 25 15 15 0 0 0 3
0 0 0 0 3 6 1 0 3 0 3 0 5 4 1 1 1 0 0 553519 0 15 25 15 15 0 0 0 3
0 0 0 0 1 6 1 0 3 0 3 0 5 -1 -1 -1 -1 -1 -1 554186 0 15 25 15 15 0 0 0 3
0 0 0 0 1 6 1 0 3 0 3 0 5 -1 -1 -1 -1 -1 -1 554852 0 15 25 15 15 0 0 0 3
0 0 0 0 1 6 1 0 3 0 3 0 5 -1 -1 -1 -1 -1 -1 555519 0 15 25 15 15 0 6 0 3
0 0 0 0 3 6 1 0 3 0 3 0 5 4 0 1 0 0 0 556185 0 15 25 15 15 0 6 0 3
0 0 0 0 1 6 1 0 3 0 3 0 5 -1 -1 -1 -1 -1 -1 556852 0 15 25 15 15 0 6 0 3
0 0 0 0 1 6 1 0 3 0 3 0 5 -1 -1 -1 -1 -1 -1 557518 0 15 25 15 15 0 6 0 3
0 0 0 0 1 6 1 0 3 0 3 0 5 -1 -1 -1 -1 -1 -1 558185 0 15 25 15 15 0 6 0 3
0 0 0 0 3 6 1 0 3 0 3 0 5 4 1 1 1 0 0 558851 0 15 25 15 15 0 0 0 3
0 0 0 0 1 6 1 0 3 0 3 0 5 -1 -1 -1 -1 -1 -1 559518 0 15 25 15 15 0 0 0 3
0 0 0 0 1 6 1 0 3 0 3 0 5 -1 -1 -1 -1 -1 -1 560184 0 15 25 15 15 0 0 0 3
0 0 0 0 1 6 1 0 3 0 3 0 5 -1 -1 -1 -1 -1 -1 560851 0 15 25 15 15 0 0 0 3
0 0 0 0 2 7 1 0 3 0 3 0 5 4 1 1 1 1 1 561517 0 15 25 15 15 0 0 0 3
0 0 0 0 1 6 1 0 3 0 3 0 5 -1 -1 -1 -1 -1 -1 562184 0 15 25 15 15 0 2 0 3
0 0 0 0 1 6 1 0 3 0 3 0 5 -1 -1 -1 -1 -1 -1 562850 0 15 25 15 15 0 2 0 3
0 0 0 0 1 6 1 0 3 0 3 0 5 -1 -1 -1 -1 -1 -1 563517 0 15 25 15 15 0 2 0 3
0 0 0 0 3 6 1 0 3 0 3 0 5 4 3 1 3 0 0 564183 0 15 25 15 15 0 2 0 3
0 0 0 0 1 6 1 0 3 0 3 0 5 -1 -1 -1 -1 -1 -1 564850 0 15 25 15 15 0 2 0 3
0 0 0 0 1 6 1 0 3 0 3 0 5 -1 -1 -1 -1 -1 -1 565516 0 15 25 15 15 0 8 0 3
0 0 0 0 1 6 1 0 3 0 3 0 5 -1 -1 -1 -1 -1 -1 566183 0 15 25 15 15 0 8 0 3
0 0 0 0 3 6 1 0 3 0 3 0 5 4 2 1 2 0 0 566849 0 15 25 15 15 0 8 0 3
0 0 0 0 1 6 1 0 3 0 3 0 5 -1 -1 -1 -1 -1 -1 567516 0 15 25 15 15 0 8 0 3
0 0 0 0 1 6 1 0 3 0 3 0 5 -1 -1 -1 -1 -1 -1 568182 0 15 25 15 15 0 8 0 3
0 0 0 0 1 6 1 0 3 0 3 0 5 -1 -1 -1 -1 -1 -1 568849 0 15 25 15 15 0 0 0 3
0 0 0 0 2 7 1 0 3 0 3 0 5 4 1 1 1 1 1 569515 0 15 25 15 15 0 0 0 3
0 0 0 0 1 6 1 0 3 0 3 0 5 -1 -1 -1 -1 -1 -1 570182 0 15 25 15 15 0 0 0 3
0 0 0 0 1 6 1 0 3 0 3 0 5 -1 -1 -1 -1 -1 -1 570848 0 15 25 15 15 0 0 0 3
0 0 0 0 1 6 1 0 3 0 3 0 5 -1 -1 -1 -1 -1 -1 571515 0 15 25 15 15 0 0 0 3
0 0 0 0 2 7 1 0 3 0 3 0 5 4 3 1 3 1 1 572181 0 15 25 15 15 0 6 0 3
0 0 0 0 1 6 1 0 3 0 3 0 5 -1 -1 -1 -1 -1 -1 572848 0 15 25 15 15 0 6 0 3
0 0 0 0 1 6 1 0 3 0 3 0 5 -1 -1 -1 -1 -1 -1 573514 0 15 25 15 15 0 6 0 3
0 0 0 0 1 6 1 0 3 0 3 0 5 -1 -1 -1 -1 -1 -1 574181 0 15 25 15 15 0 6 0 3
0 0 0 0 3 6 1 0 3 0 3 0 5 4 1 1 1 0 0 574847 0 15 25 15 15 0 6 0 3
0 0 0 0 1 6 1 0 3 0 3 0 5 -1 -1 -1 -1 -1 -1 575514 0 15 25 15 15 0 0 0 3
0 0 0 0 1 6 1 0 3 0 3 0 5 -1 -1 -1 -1 -1 -1 576180 0 15 25 15 15 0 0 0 3
0 0 0 0 1 6 1 0 3 0 3 0 5 -1 -1 -1 -1 -1 -1 576847 0 15 25 15 15 0 0 0 3
0 0 0 0 3 6 1 0 3 0 3 0 5 4 0 1 0 0 0 577513 0 15 25 15 15 0 0 0 3
0 0 0 0 1 6 1 0 3 0 3 0 5 -1 -1 -1 -1 -1 -1 578180 0 15 25 15 15 0 0 0 3
0 0 0 0 1 6 1 0 3 0 3 0 5 -1 -1 -1 -1 -1 -1 578846 0 15 25 15 15 0 2 0 3
0 0 0 0 1 6 1 0 3 0 3 0 5 -1 -1 -1 -1 -1 -1 579513 0 15 25 15 15 0 2 0 3
0 0 0 0 3 8 1 0 3 0 3 0 5 4 1 1 1 0 1 580179 0 15 25 15 15 0 2 0 3
0 0 0 0 1 6 1 0 3 0 3 0 5 -1 -1 -1 -1 -1 -1 580846 0 15 25 15 15 0 2 0 3
0 0 0 0 1 6 1 0 3 0 3 0 5 -1 -1 -1 -1 -1 -1 581512 0 15 25 15 15 0 2 0 3
0 0 0 0 1 6 1 0 3 0 3 0 5 -1 -1 -1 -1 -1 -1 582179 0 15 25 15 15 0 8 0 3
0 0 0 0 2 8 1 0 3 0 3 0 5 4 1 1 1 1 0 582845 0 15 25 15 15 0 8 0 3
0 0 0 0 1 6 1 0 3 0 3 0 5 -1 -1 -1 -1 -1 -1 583512 0 15 25 15 15 0 8 0 3
0 0 0 0 1 6 1 0 3 0 3 0 5 -1 -1 -1 -1 -1 -1 584178 0 15 25 15 15 0 8 0 3
0 0 0 0 1 6 1 0 3 0 3 0 5 -1 -1 -1 -1 -1 -1 584845 0 15 25 15 15 0 8 0 3
0 0 0 0 2 7 1 0 3 0 3 0 5 4 0 1 0 1 1 585511 0 15 25 15 15 0 0 0 3
0 0 0 0 1 6 1 0 3 0 3 0 5 -1 -1 -1 -1 -1 -1 586178 0 15 25 15 15 0 0 0 3
0 0 0 0 1 6 1 0 3 0 3 0 5 -1 -1 -1 -1 -1 -1 586845 0 15 25 15 15 0 0 0 3
0 0 0 0 1 6 1 0 3 0 3 0 5 -1 -1 -1 -1 -1 -1 587511 0 15 25 15 15 0 0 0 3
0 0 0 0 3 6 1 0 3 0 3 0 5 4 3 1 3 0 0 588178 0 15 25 15 15 0 0 0 3
0 0 0 0 1 6 1 0 3 0 3 0 5 -1 -1 -1 -1 -1 -1 588844 0 15 25 15 15 0 6 0 3
0 0 0 0 1 6 1 0 3 0 3 0 5 -1 -1 -1 -1 -1 -1 589511 0 15 25 15 15 0 6 0 3
0 0 0 0 1 6 1 0 3 0 3 0 5 -1 -1 -1 -1 -1 -1 590177 0 15 25 15 15 0 6 0 3
0 0 0 0 2 7 1 0 3 0 3 0 5 4 1 1 1 1 1 590844 0 15 25 15 15 0 6 0 3
0 0 0 0 1 6 1 0 3 0 3 0 5 -1 -1 -1 -1 -1 -1 591510 0 15 25 15 15 0 6 0 3
0 0 0 0 1 6 1 0 3 0 3 0 5 -1 -1 -1 -1 -1 -1 592177 0 15 25 15 15 0 0 0 3
0 0 0 0 1 6 1 0 3 0 3 0 5 -1 -1 -1 -1 -1 -1 592843 0 15 25 15 15 0 0 0 3
0 0 0 0 2 8 1 0 3 0 3 0 5 4 0 1 0 1 0 593510 0 15 25 15 15 0 0 0 3
0 0 0 0 1 6 1 0 3 0 3 0 5 -1 -1 -1 -1 -1 -1 594176 0 15 25 15 15 0 0 0 3
0 0 0 0 1 6 1 0 3 0 3 0 5 -1 -1 -1 -1 -1 -1 594843 0 15 25 15 15 0 0 0 3
0 0 0 0 1 6 1 0 3 0 3 0 5 -1 -1 -1 -1 -1 -1 595509 0 15 25 15 15 0 2 0 3
0 0 0 0 3 6 1 0 3 0 3 0 5 4 1 1 1 0 0 596176 0 15 25 15 15 0 2 0 3
0 0 0 0 1 6 1 0 3 0 3 0 5 -1 -1 -1 -1 -1 -1 596842 0 15 25 15 15 0 2 0 3
0 0 0 0 1 6 1 0 3 0 3 0 5 -1 -1 -1 -1 -1 -1 597509 0 15 25 15 15 0 2 0 3
0 0 0 0 1 6 1 0 3 0 3 0 5 -1 -1 -1 -1 -1 -1 598175 0 15 25 15 15 0 2 0 3
0 0 0 0 3 8 1 0 3 0 3 0 5 4 3 1 3 0 1 598842 0 15 25 15 15 0 8 0 3
0 0 0 0 1 6 1 0 3 0 3 0 5 -1 -1 -1 -1 -1 -1 599508 0 15 25 15 15 0 8 0 3
0 0 0 0 1 6 1 0 3 0 3 0 5 -1 -1 -1 -1 -1 -1 600175 0 15 25 15 15 0 8 0 3
0 0 0 0 1 6 1 0 3 0 3 0 5 -1 -1 -1 -1 -1 -1 600841 0 15 25 15 15 0 8 0 3
0 0 0 0 3 6 1 0 3 0 3 0 5 4 2 1 2 0 0 601508 0 15 25 15 15 0 8 0 3
0 0 0 0 1 6 1 0 3 0 3 0 5 -1 -1 -1 -1 -1 -1 602174 0 15 25 15 15 0 0 0 3
0 0 0 0 1 6 1 0 3 0 3 0 5 -1 -1 -1 -1 -1 -1 602841 0 15 25 15 15 0 0 0 3
0 0 0 0 1 6 1 0 3 0 3 0 5 -1 -1 -1 -1 -1 -1 603507 0 15 25 15 15 0 0 0 3
0 0 0 0 3 6 1 0 3 0 3 0 5 4 3 1 3 0 0 604174 0 15 25 15 15 0 0 0 3
0 0 0 0 1 6 1 0 3 0 3 0 5 -1 -1 -1 -1 -1 -1 604840 0 15 25 15 15 0 0 0 3
0 0 0 0 1 6 1 0 3 0 3 0 5 -1 -1 -1 -1 -1 -1 605507 0 15 25 15 15 0 6 0 3
0 0 0 0 1 6 1 0 3 0 3 0 5 -1 -1 -1 -1 -1 -1 606173 0 15 25 15 15 0 6 0 3
0 0 0 0 2 7 1 0 3 0 3 0 5 4 3 1 3 1 1 606840 0 15 25 15 15 0 6 0 3
0 0 0 0 1 6 1 0 3 0 3 0 5 -1 -1 -1 -1 -1 -1 607506 0 15 25 15 15 0 6 0 3
0 0 0 0 1 6 1 0 3 0 3 0 5 -1 -1 -1 -1 -1 -1 608173 0 15 25 15 15 0 6 0 3
0 0 0 0 1 6 1 0 3 0 3 0 5 -1 -1 -1 -1 -1 -1 608839 0 15 25 15 15 0 0 0 3
0 0 0 0 1 6 1 0 4 0 3 0 5 -1 -1 -1 -1 -1 -1 702583 0 15 25 15 60 0 8 0 3
0 0 0 0 1 6 1 0 4 0 3 0 5 -1 -1 -1 -1 -1 -1 702750 0 15 25 15 60 0 8 0 3
0 0 0 0 1 6 1 0 4 0 3 0 5 -1 -1 -1 -1 -1 -1 702916 0 15 25 15 60 0 8 0 3
0 0 0 0 1 6 1 0 4 0 3 0 5 -1 -1 -1 -1 -1 -1 703116 0 15 25 15 54 0 8 0 3
0 0 0 0 1 6 1 0 4 0 3 0 5 -1 -1 -1 -1 -1 -1 703316 0 15 25 15 36 0 7 0 3
0 0 0 0 1 6 1 0 4 0 3 0 5 -1 -1 -1 -1 -1 -1 703816 0 15 25 15 15 0 7 0 3
0 0 0 0 1 6 1 0 4 0 3 0 5 -1 -1 -1 -1 -1 -1 704482 0 15 25 15 15 0 7 0 3
0 0 0 0 1 6 1 0 4 0 3 0 5 -1 -1 -1 -1 -1 -1 705149 0 15 25 15 15 0 7 0 3
0 0 0 0 1 6 1 0 4 0 3 0 5 -1 -1 -1 -1 -1 -1 705815 0 15 25 15 15 0 7 0 3
0 0 0 0 1 6 1 0 4 0 3 0 5 -1 -1 -1 -1 -1 -1 706482 0 15 25 15 15 0 6 0 3
0 0 0 0 3 6 1 0 4 0 3 0 5 4 2 1 2 0 0 707148 0 15 25 15 15 0 6 0 3
0 0 0 0 1 6 1 0 4 0 3 0 5 -1 -1 -1 -1 -1 -1 707815 0 15 25 15 15 0 6 0 3
0 0 0 0 1 6 1 0 4 0 3 0 5 -1 -1 -1 -1 -1 -1 708481 0 15 25 15 15 0 6 0 3
0 0 0 0 1 6 1 0 4 0 3 0 5 -1 -1 -1 -1 -1 -1 709148 0 15 25 15 15 0 6 0 3
0 0 0 0 3 6 1 0 4 0 3 0 5 4 3 1 3 0 0 709814 0 15 25 15 15 0 7 0 3
0 0 0 0 1 6 1 0 4 0 3 0 5 -1 -1 -1 -1 -1 -1 710481 0 15 25 15 15 0 7 0 3
0 0 0 0 1 6 1 0 4 0 3 0 5 -1 -1 -1 -1 -1 -1 711147 0 15 25 15 15 0 7 0 3
0 0 0 0 1 6 1 0 4 0 3 0 5 -1 -1 -1 -1 -1 -1 711814 0 15 25 15 15 0 7 0 3
0 0 0 0 3 6 1 0 4 0 3 0 5 4 2 1 2 0 0 712480 0 15 25 15 15 0 7 0 3
0 0 0 0 1 6 1 0 4 0 3 0 5 -1 -1 -1 -1 -1 -1 713147 0 15 25 15 15 0 6 0 3
0 0 0 0 1 6 1 0 4 0 3 0 5 -1 -1 -1 -1 -1 -1 713813 0 15 25 15 15 0 6 0 3
0 0 0 0 1 6 1 0 4 0 3 0 5 -1 -1 -1 -1 -1 -1 714480 0 15 25 15 15 0 6 0 3
0 0 0 0 3 6 1 0 4 0 3 0 5 4 3 1 3 0 0 715147 0 15 25 15 15 0 6 0 3
0 0 0 0 1 6 1 0 4 0 3 0 5 -1 -1 -1 -1 -1 -1 715813 0 15 25 15 15 0 6 0 3
0 0 0 0 1 6 1 0 4 0 3 0 5 -1 -1 -1 -1 -1 -1 716480 0 15 25 15 15 0 8 0 3
0 0 0 0 1 6 1 0 4 0 3 0 5 -1 -1 -1 -1 -1 -1 717146 0 15 25 15 15 0 8 0 3
0 0 0 0 2 7 1 0 4 0 3 0 5 4 3 1 3 1 1 717813 0 15 25 15 15 0 8 0 3
0 0 0 0 1 6 1 0 4 0 3 0 5 -1 -1 -1 -1 -1 -1 718479 0 15 25 15 15 0 8 0 3
0 0 0 0 1 6 1 0 4 0 3 0 5 -1 -1 -1 -1 -1 -1 719146 0 15 25 15 15 0 8 0 3
0 0 0 0 1 6 1 0 4 0 3 0 5 -1 -1 -1 -1 -1 -1 719812 0 15 25 15 15 0 7 0 3
0 0 0 0 3 6 1 0 4 0 3 0 5 4 0 1 0 0 0 720479 0 15 25 15 15 0 7 0 3
0 0 0 0 1 6 1 0 4 0 3 0 5 -1 -1 -1 -1 -1 -1 721145 0 15 25 15 15 0 7 0 3
0 0 0 0 1 6 1 0 4 0 3 0 5 -1 -1 -1 -1 -1 -1 721812 0 15 25 15 15 0 7 0 3
0 0 0 0 1 6 1 0 4 0 3 0 5 -1 -1 -1 -1 -1 -1 722478 0 15 25 15 15 0 7 0 3
0 0 0 0 3 6 1 0 4 0 3 0 5 4 1 1 1 0 0 723145 0 15 25 15 15 0 6 0 3
0 0 0 0 1 6 1 0 4 0 3 0 5 -1 -1 -1 -1 -1 -1 723811 0 15 25 15 15 0 6 0 3
0 0 0 0 1 6 1 0 4 0 3 0 5 -1 -1 -1 -1 -1 -1 724478 0 15 25 15 15 0 6 0 3
0 0 0 0 1 6 1 0 4 0 3 0 5 -1 -1 -1 -1 -1 -1 725144 0 15 25 15 15 0 6 0 3
0 0 0 0 2 7 1 0 4 0 3 0 5 4 3 1 3 1 1 725811 0 15 25 15 15 0 6 0 3
0 0 0 0 1 6 1 0 4 0 3 0 5 -1 -1 -1 -1 -1 -1 726477 0 15 25 15 15 0 7 0 3
0 0 0 0 1 6 1 0 4 0 3 0 5 -1 -1 -1 -1 -1 -1 727144 0 15 25 15 15 0 7 0 3
0 0 0 0 1 6 1 0 4 0 3 0 5 -1 -1 -1 -1 -1 -1 727810 0 15 25 15 15 0 7 0 3
0 0 0 0 3 6 1 0 4 0 3 0 5 4 1 1 1 0 0 728477 0 15 25 15 15 0 7 0 3
0 0 0 0 1 6 1 0 4 0 3 0 5 -1 -1 -1 -1 -1 -1 729143 0 15 25 15 15 0 7 0 3
0 0 0 0 1 6 1 0 4 0 3 0 5 -1 -1 -1 -1 -1 -1 729810 0 15 25 15 15 0 6 0 3
0 0 0 0 1 6 1 0 4 0 3 0 5 -1 -1 -1 -1 -1 -1 730476 0 15 25 15 15 0 6 0 3
0 0 0 0 2 7 1 0 4 0 3 0 5 4 1 1 1 1 1 731143 0 15 25 15 15 0 6 0 3
0 0 0 0 1 6 1 0 4 0 3 0 5 -1 -1 -1 -1 -1 -1 731809 0 15 25 15 15 0 6 0 3
0 0 0 0 1 6 1 0 4 0 3 0 5 -1 -1 -1 -1 -1 -1 732476 0 15 25 15 15 0 6 0 3
0 0 0 0 1 6 1 0 4 0 3 0 5 -1 -1 -1 -1 -1 -1 733142 0 15 25 15 15 0 8 0 3
0 0 0 0 3 6 1 0 4 0 3 0 5 4 2 1 2 0 0 733809 0 15 25 15 15 0 8 0 3
0 0 0 0 1 6 1 0 4 0 3 0 5 -1 -1 -1 -1 -1 -1 734475 0 15 25 15 15 0 8 0 3
0 0 0 0 1 6 1 0 4 0 3 0 5 -1 -1 -1 -1 -1 -1 735142 0 15 25 15 15 0 8 0 3
0 0 0 0 1 6 1 0 4 0 3 0 5 -1 -1 -1 -1 -1 -1 735808 0 15 25 15 15 0 8 0 3
0 0 0 0 3 6 1 0 4 0 3 0 5 4 0 1 0 0 0 736475 0 15 25 15 15 0 7 0 3
0 0 0 0 1 6 1 0 4 0 3 0 5 -1 -1 -1 -1 -1 -1 737141 0 15 25 15 15 0 7 0 3
0 0 0 0 1 6 1 0 4 0 3 0 5 -1 -1 -1 -1 -1 -1 737808 0 15 25 15 15 0 7 0 3
0 0 0 0 1 6 1 0 4 0 3 0 5 -1 -1 -1 -1 -1 -1 738474 0 15 25 15 15 0 7 0 3
0 0 0 0 3 6 1 0 4 0 3 0 5 4 2 1 2 0 0 739141 0 15 25 15 15 0 7 0 3
0 0 0 0 1 6 1 0 4 0 3 0 5 -1 -1 -1 -1 -1 -1 739807 0 15 25 15 15 0 6 0 3
0 0 0 0 1 6 1 0 4 0 3 0 5 -1 -1 -1 -1 -1 -1 740474 0 15 25 15 15 0 6 0 3
0 0 0 0 1 6 1 0 4 0 3 0 5 -1 -1 -1 -1 -1 -1 741140 0 15 25 15 15 0 6 0 3
0 0 0 0 3 6 1 0 4 0 3 0 5 4 3 1 3 0 0 741807 0 15 25 15 15 0 6 0 3
0 0 0 0 1 6 1 0 4 0 3 0 5 -1 -1 -1 -1 -1 -1 742473 0 15 25 15 15 0 6 0 3
0 0 0 0 1 6 1 0 4 0 3 0 5 -1 -1 -1 -1 -1 -1 743140 0 15 25 15 15 0 7 0 3
0 0 0 0 1 6 1 0 4 0 3 0 5 -1 -1 -1 -1 -1 -1 743806 0 15 25 15 15 0 7 0 3
0 0 0 0 2 7 1 0 4 0 3 0 5 4 0 1 0 1 1 744473 0 15 25 15 15 0 7 0 3
0 0 0 0 1 6 1 0 4 0 3 0 5 -1 -1 -1 -1 -1 -1 745139 0 15 25 15 15 0 7 0 3
0 0 0 0 1 6 1 0 4 0 3 0 5 -1 -1 -1 -1 -1 -1 745806 0 15 25 15 15 0 7 0 3
0 0 0 0 1 6 1 0 4 0 3 0 5 -1 -1 -1 -1 -1 -1 746472 0 15 25 15 15 0 6 0 3
0 0 0 0 2 7 1 0 4 0 3 0 5 4 2 1 2 1 1 747139 0 15 25 15 15 0 6 0 3
0 0 0 0 1 6 1 0 4 0 3 0 5 -1 -1 -1 -1 -1 -1 747805 0 15 25 15 15 0 6 0 3
0 0 0 0 1 6 1 0 4 0 3 0 5 -1 -1 -1 -1 -1 -1 748472 0 15 25 15 15 0 6 0 3
0 0 0 0 1 6 1 0 4 0 3 0 5 -1 -1 -1 -1 -1 -1 749138 0 15 25 15 15 0 6 0 3
0 0 0 0 3 6 1 0 4 0 3 0 5 4 1 1 1 0 0 749805 0 15 25 15 15 0 8 0 3
0 0 0 0 1 6 1 0 4 0 3 0 5 -1 -1 -1 -1 -1 -1 750471 0 15 25 15 15 0 8 0 3
0 0 0 0 1 6 1 0 4 0 3 0 5 -1 -1 -1 -1 -1 -1 751138 0 15 25 15 15 0 8 0 3
0 0 0 0 1 6 1 0 4 0 3 0 5 -1 -1 -1 -1 -1 -1 751804 0 15 25 15 15 0 8 0 3
0 0 0 0 3 6 1 0 4 0 3 0 5 4 2 1 2 0 0 752471 0 15 25 15 15 0 8 0 3
0 0 0 0 1 6 1 0 4 0 3 0 5 -1 -1 -1 -1 -1 -1 753137 0 15 25 15 15 0 7 0 3
0 0 0 0 1 6 1 0 4 0 3 0 5 -1 -1 -1 -1 -1 -1 753804 0 15 25 15 15 0 7 0 3
0 0 0 0 1 6 1 0 4 0 3 0 5 -1 -1 -1 -1 -1 -1 754470 0 15 25 15 15 0 7 0 3
0 0 0 0 3 6 1 0 4 0 3 0 5 4 3 1 3 0 0 755137 0 15 25 15 15 0 7 0 3
0 0 0 0 1 6 1 0 4 0 3 0 5 -1 -1 -1 -1 -1 -1 755803 0 15 25 15 15 0 7 0 3
0 0 0 0 1 6 1 0 4 0 3 0 5 -1 -1 -1 -1 -1 -1 756470 0 15 25 15 15 0 6 0 3
0 0 0 0 1 6 1 0 4 0 3 0 5 -1 -1 -1 -1 -1 -1 757136 0 15 25 15 15 0 6 0 3
0 0 0 0 3 6 1 0 4 0 3 0 5 4 0 1 0 0 0 757803 0 15 25 15 15 0 6 0 3
0 0 0 0 1 6 1 0 4 0 3 0 5 -1 -1 -1 -1 -1 -1 758469 0 15 25 15 15 0 6 0 3
0 0 0 0 1 6 1 0 4 0 3 0 5 -1 -1 -1 -1 -1 -1 759136 0 15 25 15 15 0 6 0 3
0 0 0 0 1 6 1 0 4 0 3 0 5 -1 -1 -1 -1 -1 -1 759802 0 15 25 15 15 0 7 0 3
0 0 0 0 3 6 1 0 4 0 3 0 5 4 3 1 3 0 0 760469 0 15 25 15 15 0 7 0 3
0 0 0 0 1 6 1 0 4 0 3 0 5 -1 -1 -1 -1 -1 -1 761135 0 15 25 15 15 0 7 0 3
0 0 0 0 1 6 1 0 4 0 3 0 5 -1 -1 -1 -1 -1 -1 761802 0 15 25 15 15 0 7 0 3
0 0 0 0 1 6 1 0 4 0 3 0 5 -1 -1 -1 -1 -1 -1 762468 0 15 25 15 15 0 7 0 3
0 0 0 0 2 7 1 0 4 0 3 0 5 4 3 1 3 1 1 763135 0 15 25 15 15 0 6 0 3
0 0 0 0 1 6 1 0 4 0 3 0 5 -1 -1 -1 -1 -1 -1 763801 0 15 25 15 15 0 6 0 3
0 0 0 0 1 6 1 0 4 0 3 0 5 -1 -1 -1 -1 -1 -1 764468 0 15 25 15 15 0 6 0 3
0 0 0 0 1 6 1 0 4 0 3 0 5 -1 -1 -1 -1 -1 -1 765134 0 15 25 15 15 0 6 0 3
0 0 0 0 2 8 1 0 4 0 3 0 5 4 0 1 0 1 0 765801 0 15 25 15 15 0 6 0 3
0 0 0 0 1 6 1 0 4 0 3 0 5 -1 -1 -1 -1 -1 -1 766467 0 15 25 15 15 0 8 0 3
0 0 0 0 1 6 1 0 4 0 3 0 5 -1 -1 -1 -1 -1 -1 767134 0 15 25 15 15 0 8 0 3
0 0 0 0 1 6 1 0 4 0 3 0 5 -1 -1 -1 -1 -1 -1 767800 0 15 25 15 15 0 8 0 3
0 0 0 0 2 8 1 0 4 0 3 0 5 4 3 1 3 1 0 768467 0 15 25 15 15 0 8 0 3
0 0 0 0 1 6 1 0 4 0 3 0 5 -1 -1 -1 -1 -1 -1 769133 0 15 25 15 15 0 8 0 3
0 0 0 0 1 6 1 0 4 0 3 0 5 -1 -1 -1 -1 -1 -1 769800 0 15 25 15 15 0 7 0 3
0 0 0 0 1 6 1 0 4 0 3 0 5 -1 -1 -1 -1 -1 -1 770466 0 15 25 15 15 0 7 0 3
0 0 0 0 3 6 1 0 4 0 3 0 5 4 0 1 0 0 0 771133 0 15 25 15 15 0 7 0 3
0 0 0 0 1 6 1 0 4 0 3 0 5 -1 -1 -1 -1 -1 -1 771799 0 15 25 15 15 0 7 0 3
0 0 0 0 1 6 1 0 4 0 3 0 5 -1 -1 -1 -1 -1 -1 772466 0 15 25 15 15 0 7 0 3
0 0 0 0 1 6 1 0 4 0 3 0 5 -1 -1 -1 -1 -1 -1 773132 0 15 25 15 15 0 6 0 3
0 0 0 0 3 6 1 0 4 0 3 0 5 4 3 1 3 0 0 773799 0 15 25 15 15 0 6 0 3
0 0 0 0 1 6 1 0 4 0 3 0 5 -1 -1 -1 -1 -1 -1 774465 0 15 25 15 15 0 6 0 3
0 0 0 0 1 6 1 0 4 0 3 0 5 -1 -1 -1 -1 -1 -1 775132 0 15 25 15 15 0 6 0 3
0 0 0 0 1 6 1 0 4 0 3 0 5 -1 -1 -1 -1 -1 -1 775798 0 15 25 15 15 0 6 0 3
0 0 0 0 3 6 1 0 4 0 3 0 5 4 0 1 0 0 0 776465 0 15 25 15 15 0 7 0 3
0 0 0 0 1 6 1 0 4 0 3 0 5 -1 -1 -1 -1 -1 -1 777131 0 15 25 15 15 0 7 0 3
0 0 0 0 1 6 1 0 4 0 3 0 5 -1 -1 -1 -1 -1 -1 777798 0 15 25 15 15 0 7 0 3
0 0 0 0 1 6 1 0 4 0 3 0 5 -1 -1 -1 -1 -1 -1 778464 0 15 25 15 15 0 7 0 3
0 0 0 0 3 6 1 0 4 0 3 0 5 4 2 1 2 0 0 779131 0 15 25 15 15 0 7 0 3
0 0 0 0 1 6 1 0 4 0 3 0 5 -1 -1 -1 -1 -1 -1 779797 0 15 25 15 15 0 6 0 3
0 0 0 0 1 6 1 0 4 0 3 0 5 -1 -1 -1 -1 -1 -1 780464 0 15 25 15 15 0 6 0 3
0 0 0 0 1 6 1 0 4 0 3 0 5 -1 -1 -1 -1 -1 -1 781130 0 15 25 15 15 0 6 0 3
0 0 0 0 2 7 1 0 4 0 3 0 5 4 3 1 3 1 1 781797 0 15 25 15 15 0 6 0 3
0 0 0 0 1 6 1 0 4 0 3 0 5 -1 -1 -1 -1 -1 -1 782463 0 15 25 15 15 0 6 0 3
0 0 0 0 1 6 1 0 4 0 3 0 5 -1 -1 -1 -1 -1 -1 783130 0 15 25 15 15 0 8 0 3
0 0 0 0 1 6 1 0 4 0 3 0 5 -1 -1 -1 -1 -1 -1 783796 0 15 25 15 15 0 8 0 3
0 0 0 0 3 6 1 0 4 0 3 0 5 4 2 1 2 0 0 784463 0 15 25 15 15 0 8 0 3
0 0 0 0 1 6 1 0 4 0 3 0 5 -1 -1 -1 -1 -1 -1 785129 0 15 25 15 15 0 8 0 3
0 0 0 0 1 6 1 0 4 0 3 0 5 -1 -1 -1 -1 -1 -1 785796 0 15 25 15 15 0 8 0 3
0 0 0 0 1 6 1 0 4 0 3 0 5 -1 -1 -1 -1 -1 -1 786462 0 15 25 15 15 0 7 0 3
0 0 0 0 3 6 1 0 4 0 3 0 5 4 1 1 1 0 0 787129 0 15 25 15 15 0 7 0 3
0 0 0 0 1 6 1 0 4 0 3 0 5 -1 -1 -1 -1 -1 -1 787795 0 15 25 15 15 0 7 0 3
0 0 0 0 1 6 1 0 4 0 3 0 5 -1 -1 -1 -1 -1 -1 788462 0 15 25 15 15 0 7 0 3
0 0 0 0 1 6 1 0 4 0 3 0 5 -1 -1 -1 -1 -1 -1 789128 0 15 25 15 15 0 7 0 3
0 0 0 0 3 6 1 0 4 0 3 0 5 4 0 1 0 0 0 789795 0 15 25 15 15 0 6 0 3
0 0 0 0 1 6 1 0 4 0 3 0 5 -1 -1 -1 -1 -1 -1 790461 0 15 25 15 15 0 6 0 3
0 0 0 0 1 6 1 0 4 0 3 0 5 -1 -1 -1 -1 -1 -1 791128 0 15 25 15 15 0 6 0 3
0 0 0 0 1 6 1 0 4 0 3 0 5 -1 -1 -1 -1 -1 -1 791794 0 15 25 15 15 0 6 0 3
0 0 0 0 2 7 1 0 4 0 3 0 5 4 2 1 2 1 1 792461 0 15 25 15 15 0 6 0 3
0 0 0 0 1 6 1 0 4 0 3 0 5 -1 -1 -1 -1 -1 -1 793127 0 15 25 15 15 0 7 0 3
0 0 0 0 1 6 1 0 4 0 3 0 5 -1 -1 -1 -1 -1 -1 793794 0 15 25 15 15 0 7 0 3
0 0 0 0 1 6 1 0 4 0 3 0 5 -1 -1 -1 -1 -1 -1 794460 0 15 25 15 15 0 7 0 3
0 0 0 0 3 6 1 0 4 0 3 0 5 4 2 1 2 0 0 795127 0 15 25 15 15 0 7 0 3
0 0 0 0 1 6 1 0 4 0 3 0 5 -1 -1 -1 -1 -1 -1 795793 0 15 25 15 15 0 7 0 3
0 0 0 0 1 6 1 0 4 0 3 0 5 -1 -1 -1 -1 -1 -1 796460 0 15 25 15 15 0 6 0 3
0 0 0 0 1 6 1 0 4 0 3 0 5 -1 -1 -1 -1 -1 -1 797126 0 15 25 15 15 0 6 0 3
0 0 0 0 2 7 1 0 4 0 3 0 5 4 0 1 0 1 1 797793 0 15 25 15 15 0 6 0 3
0 0 0 0 1 6 1 0 4 0 3 0 5 -1 -1 -1 -1 -1 -1 798459 0 15 25 15 15 0 6 0 3
0 0 0 0 1 6 1 0 4 0 3 0 5 -1 -1 -1 -1 -1 -1 799126 0 15 25 15 15 0 6 0 3
0 0 0 0 1 6 1 0 4 0 3 0 5 -1 -1 -1 -1 -1 -1 799793 0 15 25 15 15 0 8 0 3
0 0 0 0 3 6 1 0 4 0 3 0 5 4 1 1 1 0 0 800459 0 15 25 15 15 0 8 0 3
0 0 0 0 1 6 1 0 4 0 3 0 5 -1 -1 -1 -1 -1 -1 801126 0 15 25 15 15 0 8 0 3
0 0 0 0 1 6 1 0 4 0 3 0 5 -1 -1 -1 -1 -1 -1 801792 0 15 25 15 15 0 8 0 3
0 0 0 0 1 6 1 0 4 0 3 0 5 -1 -1 -1 -1 -1 -1 802459 0 15 25 15 15 0 8 0 3
0 0 0 0 3 6 1 0 4 0 3 0 5 4 3 1 3 0 0 803125 0 15 25 15 15 0 7 0 3
0 0 0 0 1 6 1 0 4 0 3 0 5 -1 -1 -1 -1 -1 -1 803792 0 15 25 15 15 0 7 0 3
0 0 0 0 1 6 1 0 4 0 3 0 5 -1 -1 -1 -1 -1 -1 804458 0 15 25 15 15 0 7 0 3
0 0 0 0 1 6 1 0 4 0 3 0 5 -1 -1 -1 -1 -1 -1 805125 0 15 25 15 15 0 7 0 3
0 0 0 0 3 6 1 0 4 0 3 0 5 4 2 1 2 0 0 805791 0 15 25 15 15 0 7 0 3
0 0 0 0 1 6 1 0 4 0 3 0 5 -1 -1 -1 -1 -1 -1 806458 0 15 25 15 15 0 6 0 3
0 0 0 0 1 6 1 0 4 0 3 0 5 -1 -1 -1 -1 -1 -1 807124 0 15 25 15 15 0 6 0 3
0 0 0 0 1 6 1 0 4 0 3 0 5 -1 -1 -1 -1 -1 -1 807791 0 15 25 15 15 0 6 0 3
0 0 0 0 2 8 1 0 4 0 3 0 5 4 1 1 1 1 0 808457 0 15 25 15 15 0 6 0 3
0 0 0 0 1 6 1 0 4 0 3 0 5 -1 -1 -1 -1 -1 -1 809124 0 15 25 15 15 0 6 0 3
0 0 0 0 1 6 1 0 4 0 3 0 5 -1 -1 -1 -1 -1 -1 809790 0 15 25 15 15 0 7 0 3
0 0 0 0 1 6 1 0 4 0 3 0 5 -1 -1 -1 -1 -1 -1 810457 0 15 25 15 15 0 7 0 3
0 0 0 0 3 6 1 0 4 0 3 0 5 4 0 1 0 0 0 811123 0 15 25 15 15 0 7 0 3
0 0 0 0 1 6 1 0 4 0 3 0 5 -1 -1 -1 -1 -1 -1 811790 0 15 25 15 15 0 7 0 3
0 0 0 0 1 6 1 0 4 0 3 0 5 -1 -1 -1 -1 -1 -1 812456 0 15 25 15 15 0 7 0 3
0 0 0 0 1 6 1 0 4 0 3 0 5 -1 -1 -1 -1 -1 -1 813123 0 15 25 15 15 0 6 0 3
0 0 0 0 2 7 1 0 4 0 3 0 5 4 2 1 2 1 1 813789 0 15 25 15 15 0 6 0 3
0 0 0 0 1 6 1 0 4 0 3 0 5 -1 -1 -1 -1 -1 -1 814456 0 15 25 15 15 0 6 0 3
0 0 0 0 1 6 1 0 4 0 3 0 5 -1 -1 -1 -1 -1 -1 815122 0 15 25 15 15 0 6 0 3
0 0 0 0 1 6 1 0 4 0 3 0 5 -1 -1 -1 -1 -1 -1 815789 0 15 25 15 15 0 6 0 3
0 0 0 0 3 6 1 0 4 0 3 0 5 4 3 1 3 0 0 816455 0 15 25 15 15 0 8 0 3
0 0 0 0 1 6 1 0 4 0 3 0 5 -1 -1 -1 -1 -1 -1 817122 0 15 25 15 15 0 8 0 3
0 0 0 0 1 6 1 0 4 0 3 0 5 -1 -1 -1 -1 -1 -1 817788 0 15 25 15 15 0 8 0 3
0 0 0 0 1 6 1 0 4 0 3 0 5 -1 -1 -1 -1 -1 -1 818455 0 15 25 15 15 0 8 0 3
0 0 0 0 2 7 1 0 4 0 3 0 5 4 0 1 0 1 1 819121 0 15 25 15 15 0 8 0 3
0 0 0 0 1 6 1 0 4 0 3 0 5 -1 -1 -1 -1 -1 -1 819788 0 15 25 15 15 0 7 0 3
0 0 0 0 1 6 1 0 4 0 3 0 5 -1 -1 -1 -1 -1 -1 820454 0 15 25 15 15 0 7 0 3
0 0 0 0 1 6 1 0 4 0 3 0 5 -1 -1 -1 -1 -1 -1 821121 0 15 25 15 15 0 7 0 3
0 0 0 0 2 7 1 0 4 0 3 0 5 4 2 1 2 1 1 821787 0 15 25 15 15 0 7 0 3
0 0 0 0 1 6 1 0 4 0 3 0 5 -1 -1 -1 -1 -1 -1 822454 0 15 25 15 15 0 7 0 3
0 0 0 0 1 6 1 0 4 0 3 0 5 -1 -1 -1 -1 -1 -1 823120 0 15 25 15 15 0 6 0 3
0 0 0 0 1 6 1 0 4 0 3 0 5 -1 -1 -1 -1 -1 -1 823787 0 15 25 15 15 0 6 0 3
0 0 0 0 3 6 1 0 4 0 3 0 5 4 0 1 0 0 0 824453 0 15 25 15 15 0 6 0 3
0 0 0 0 1 6 1 0 4 0 3 0 5 -1 -1 -1 -1 -1 -1 825120 0 15 25 15 15 0 6 0 3
0 0 0 0 1 6 1 0 4 0 3 0 5 -1 -1 -1 -1 -1 -1 825786 0 15 25 15 15 0 6 0 3
0 0 0 0 1 6 1 0 4 0 3 0 5 -1 -1 -1 -1 -1 -1 826453 0 15 25 15 15 0 7 0 3
0 0 0 0 3 6 1 0 4 0 3 0 5 4 3 1 3 0 0 827119 0 15 25 15 15 0 7 0 3
0 0 0 0 1 6 1 0 4 0 3 0 5 -1 -1 -1 -1 -1 -1 827786 0 15 25 15 15 0 7 0 3
0 0 0 0 1 6 1 0 4 0 3 0 5 -1 -1 -1 -1 -1 -1 828452 0 15 25 15 15 0 7 0 3
0 0 0 0 1 6 1 0 4 0 3 0 5 -1 -1 -1 -1 -1 -1 829119 0 15 25 15 15 0 7 0 3
0 0 0 0 3 6 1 0 4 0 3 0 5 4 0 1 0 0 0 829785 0 15 25 15 15 0 6 0 3
0 0 0 0 1 6 1 0 4 0 3 0 5 -1 -1 -1 -1 -1 -1 830452 0 15 25 15 15 0 6 0 3
0 0 0 0 1 6 1 0 5 0 3 0 5 -1 -1 -1 -1 -1 -1 929961 0 15 25 15 60 0 8 0 3
0 0 0 0 1 6 1 0 5 0 3 0 5 -1 -1 -1 -1 -1 -1 930127 0 15 25 15 60 0 8 0 3
0 0 0 0 1 6 1 0 5 0 3 0 5 -1 -1 -1 -1 -1 -1 930294 0 15 25 15 60 0 8 0 3
0 0 0 0 1 6 1 0 5 0 3 0 5 -1 -1 -1 -1 -1 -1 930494 0 15 25 15 54 0 8 0 3
0 0 0 0 1 6 1 0 5 0 3 0 5 -1 -1 -1 -1 -1 -1 930694 0 15 25 15 36 0 2 0 3
0 0 0 0 1 6 1 0 5 0 3 0 5 -1 -1 -1 -1 -1 -1 931194 0 15 25 15 15 0 2 0 3
0 0 0 0 1 6 1 0 5 0 3 0 5 -1 -1 -1 -1 -1 -1 931860 0 15 25 15 15 0 2 0 3
0 0 0 0 1 6 1 0 5 0 3 0 5 -1 -1 -1 -1 -1 -1 932527 0 15 25 15 15 0 2 0 3
0 0 0 0 1 6 1 0 5 0 3 0 5 -1 -1 -1 -1 -1 -1 933193 0 15 25 15 15 0 2 0 3
0 0 0 0 1 6 1 0 5 0 3 0 5 -1 -1 -1 -1 -1 -1 933860 0 15 25 15 15 0 7 0 3
0 0 0 0 3 6 1 0 5 0 3 0 5 4 2 1 2 0 0 934526 0 15 25 15 15 0 7 0 3
0 0 0 0 1 6 1 0 5 0 3 0 5 -1 -1 -1 -1 -1 -1 935193 0 15 25 15 15 0 7 0 3
0 0 0 0 1 6 1 0 5 0 3 0 5 -1 -1 -1 -1 -1 -1 935859 0 15 25 15 15 0 7 0 3
0 0 0 0 1 6 1 0 5 0 3 0 5 -1 -1 -1 -1 -1 -1 936526 0 15 25 15 15 0 7 0 3
0 0 0 0 3 6 1 0 5 0 3 0 5 4 1 1 1 0 0 937192 0 15 25 15 15 0 1 0 3
0 0 0 0 1 6 1 0 5 0 3 0 5 -1 -1 -1 -1 -1 -1 937859 0 15 25 15 15 0 1 0 3
0 0 0 0 1 6 1 0 5 0 3 0 5 -1 -1 -1 -1 -1 -1 938525 0 15 25 15 15 0 1 0 3
0 0 0 0 1 6 1 0 5 0 3 0 5 -1 -1 -1 -1 -1 -1 939192 0 15 25 15 15 0 1 0 3
0 0 0 0 3 6 1 0 5 0 3 0 5 4 2 1 2 0 0 939858 0 15 25 15 15 0 1 0 3
0 0 0 0 1 6 1 0 5 0 3 0 5 -1 -1 -1 -1 -1 -1 940525 0 15 25 15 15 0 1 0 3
0 0 0 0 1 6 1 0 5 0 3 0 5 -1 -1 -1 -1 -1 -1 941191 0 15 25 15 15 0 1 0 3
0 0 0 0 1 6 1 0 5 0 3 0 5 -1 -1 -1 -1 -1 -1 941858 0 15 25 15 15 0 1 0 3
0 0 0 0 3 6 1 0 5 0 3 0 5 4 0 1 0 0 0 942524 0 15 25 15 15 0 1 0 3
0 0 0 0 1 6 1 0 5 0 3 0 5 -1 -1 -1 -1 -1 -1 943191 0 15 25 15 15 0 1 0 3
0 0 0 0 1 6 1 0 5 0 3 0 5 -1 -1 -1 -1 -1 -1 943857 0 15 25 15 15 0 8 0 3
0 0 0 0 1 6 1 0 5 0 3 0 5 -1 -1 -1 -1 -1 -1 944524 0 15 25 15 15 0 8 0 3
0 0 0 0 3 6 1 0 5 0 3 0 5 4 3 1 3 0 0 945190 0 15 25 15 15 0 8 0 3
0 0 0 0 1 6 1 0 5 0 3 0 5 -1 -1 -1 -1 -1 -1 945857 0 15 25 15 15 0 8 0 3
0 0 0 0 1 6 1 0 5 0 3 0 5 -1 -1 -1 -1 -1 -1 946523 0 15 25 15 15 0 8 0 3
0 0 0 0 1 6 1 0 5 0 3 0 5 -1 -1 -1 -1 -1 -1 947190 0 15 25 15 15 0 2 0 3
0 0 0 0 3 6 1 0 5 0 3 0 5 4 0 1 0 0 0 947856 0 15 25 15 15 0 2 0 3
0 0 0 0 1 6 1 0 5 0 3 0 5 -1 -1 -1 -1 -1 -1 948523 0 15 25 15 15 0 2 0 3
0 0 0 0 1 6 1 0 5 0 3 0 5 -1 -1 -1 -1 -1 -1 949189 0 15 25 15 15 0 2 0 3
0 0 0 0 1 6 1 0 5 0 3 0 5 -1 -1 -1 -1 -1 -1 949856 0 15 25 15 15 0 2 0 3
0 0 0 0 3 6 1 0 5 0 3 0 5 4 3 1 3 0 0 950522 0 15 25 15 15 0 7 0 3
0 0 0 0 1 6 1 0 5 0 3 0 5 -1 -1 -1 -1 -1 -1 951189 0 15 25 15 15 0 7 0 3
0 0 0 0 1 6 1 0 5 0 3 0 5 -1 -1 -1 -1 -1 -1 951855 0 15 25 15 15 0 7 0 3
0 0 0 0 1 6 1 0 5 0 3 0 5 -1 -1 -1 -1 -1 -1 952522 0 15 25 15 15 0 7 0 3
0 0 0 0 2 7 1 0 5 0 3 0 5 4 3 1 3 1 1 953188 0 15 25 15 15 0 7 0 3
0 0 0 0 1 6 1 0 5 0 3 0 5 -1 -1 -1 -1 -1 -1 953855 0 15 25 15 15 0 1 0 3
0 0 0 0 1 6 1 0 5 0 3 0 5 -1 -1 -1 -1 -1 -1 954521 0 15 25 15 15 0 1 0 3
0 0 0 0 1 6 1 0 5 0 3 0 5 -1 -1 -1 -1 -1 -1 955188 0 15 25 15 15 0 1 0 3
0 0 0 0 2 7 1 0 5 0 3 0 5 4 0 1 0 1 1 955854 0 15 25 15 15 0 1 0 3
0 0 0 0 1 6 1 0 5 0 3 0 5 -1 -1 -1 -1 -1 -1 956521 0 15 25 15 15 0 1 0 3
0 0 0 0 1 6 1 0 5 0 3 0 5 -1 -1 -1 -1 -1 -1 957187 0 15 25 15 15 0 1 0 3
0 0 0 0 1 6 1 0 5 0 3 0 5 -1 -1 -1 -1 -1 -1 957854 0 15 25 15 15 0 1 0 3
0 0 0 0 3 6 1 0 5 0 3 0 5 4 1 1 1 0 0 958520 0 15 25 15 15 0 1 0 3
0 0 0 0 1 6 1 0 5 0 3 0 5 -1 -1 -1 -1 -1 -1 959187 0 15 25 15 15 0 1 0 3
0 0 0 0 1 6 1 0 5 0 3 0 5 -1 -1 -1 -1 -1 -1 959853 0 15 25 15 15 0 1 0 3
0 0 0 0 1 6 1 0 5 0 3 0 5 -1 -1 -1 -1 -1 -1 960520 0 15 25 15 15 0 8 0 3
0 0 0 0 3 6 1 0 5 0 3 0 5 4 0 1 0 0 0 961186 0 15 25 15 15 0 8 0 3
0 0 0 0 1 6 1 0 5 0 3 0 5 -1 -1 -1 -1 -1 -1 961853 0 15 25 15 15 0 8 0 3
0 0 0 0 1 6 1 0 5 0 3 0 5 -1 -1 -1 -1 -1 -1 962519 0 15 25 15 15 0 8 0 3
0 0 0 0 1 6 1 0 5 0 3 0 5 -1 -1 -1 -1 -1 -1 963186 0 15 25 15 15 0 8 0 3
0 0 0 0 3 6 1 0 5 0 3 0 5 4 3 1 3 0 0 963852 0 15 25 15 15 0 2 0 3
0 0 0 0 1 6 1 0 5 0 3 0 5 -1 -1 -1 -1 -1 -1 964519 0 15 25 15 15 0 2 0 3
0 0 0 0 1 6 1 0 5 0 3 0 5 -1 -1 -1 -1 -1 -1 965185 0 15 25 15 15 0 2 0 3
0 0 0 0 1 6 1 0 5 0 3 0 5 -1 -1 -1 -1 -1 -1 965852 0 15 25 15 15 0 2 0 3
0 0 0 0 2 7 1 0 5 0 3 0 5 4 1 1 1 1 1 966518 0 15 25 15 15 0 2 0 3
0 0 0 0 1 6 1 0 5 0 3 0 5 -1 -1 -1 -1 -1 -1 967185 0 15 25 15 15 0 7 0 3
0 0 0 0 1 6 1 0 5 0 3 0 5 -1 -1 -1 -1 -1 -1 967851 0 15 25 15 15 0 7 0 3
0 0 0 0 1 6 1 0 5 0 3 0 5 -1 -1 -1 -1 -1 -1 968518 0 15 25 15 15 0 7 0 3
0 0 0 0 2 7 1 0 5 0 3 0 5 4 0 1 0 1 1 969184 0 15 25 15 15 0 7 0 3
0 0 0 0 1 6 1 0 5 0 3 0 5 -1 -1 -1 -1 -1 -1 969851 0 15 25 15 15 0 7 0 3
0 0 0 0 1 6 1 0 5 0 3 0 5 -1 -1 -1 -1 -1 -1 970517 0 15 25 15 15 0 1 0 3
0 0 0 0 1 6 1 0 5 0 3 0 5 -1 -1 -1 -1 -1 -1 971184 0 15 25 15 15 0 1 0 3
0 0 0 0 3 6 1 0 5 0 3 0 5 4 2 1 2 0 0 971850 0 15 25 15 15 0 1 0 3
0 0 0 0 1 6 1 0 5 0 3 0 5 -1 -1 -1 -1 -1 -1 972517 0 15 25 15 15 0 1 0 3
0 0 0 0 1 6 1 0 5 0 3 0 5 -1 -1 -1 -1 -1 -1 973183 0 15 25 15 15 0 1 0 3
0 0 0 0 1 6 1 0 5 0 3 0 5 -1 -1 -1 -1 -1 -1 973850 0 15 25 15 15 0 1 0 3
0 0 0 0 3 6 1 0 5 0 3 0 5 4 0 1 0 0 0 974516 0 15 25 15 15 0 1 0 3
0 0 0 0 1 6 1 0 5 0 3 0 5 -1 -1 -1 -1 -1 -1 975183 0 15 25 15 15 0 1 0 3
0 0 0 0 1 6 1 0 5 0 3 0 5 -1 -1 -1 -1 -1 -1 975850 0 15 25 15 15 0 1 0 3
0 0 0 0 1 6 1 0 5 0 3 0 5 -1 -1 -1 -1 -1 -1 976516 0 15 25 15 15 0 1 0 3
0 0 0 0 3 6 1 0 5 0 3 0 5 4 2 1 2 0 0 977183 0 15 25 15 15 0 8 0 3
0 0 0 0 1 6 1 0 5 0 3 0 5 -1 -1 -1 -1 -1 -1 977849 0 15 25 15 15 0 8 0 3
0 0 0 0 1 6 1 0 5 0 3 0 5 -1 -1 -1 -1 -1 -1 978516 0 15 25 15 15 0 8 0 3
0 0 0 0 1 6 1 0 5 0 3 0 5 -1 -1 -1 -1 -1 -1 979182 0 15 25 15 15 0 8 0 3
0 0 0 0 3 6 1 0 5 0 3 0 5 4 1 1 1 0 0 979849 0 15 25 15 15 0 8 0 3
0 0 0 0 1 6 1 0 5 0 3 0 5 -1 -1 -1 -1 -1 -1 980515 0 15 25 15 15 0 2 0 3
0 0 0 0 1 6 1 0 5 0 3 0 5 -1 -1 -1 -1 -1 -1 981182 0 15 25 15 15 0 2 0 3
0 0 0 0 1 6 1 0 5 0 3 0 5 -1 -1 -1 -1 -1 -1 981848 0 15 25 15 15 0 2 0 3
0 0 0 0 2 7 1 0 5 0 3 0 5 4 0 1 0 1 1 982515 0 15 25 15 15 0 2 0 3
0 0 0 0 1 6 1 0 5 0 3 0 5 -1 -1 -1 -1 -1 -1 983181 0 15 25 15 15 0 2 0 3
0 0 0 0 1 6 1 0 5 0 3 0 5 -1 -1 -1 -1 -1 -1 983848 0 15 25 15 15 0 7 0 3
0 0 0 0 1 6 1 0 5 0 3 0 5 -1 -1 -1 -1 -1 -1 984514 0 15 25 15 15 0 7 0 3
0 0 0 0 3 6 1 0 5 0 3 0 5 4 3 1 3 0 0 985181 0 15 25 15 15 0 7 0 3
0 0 0 0 1 6 1 0 5 0 3 0 5 -1 -1 -1 -1 -1 -1 985847 0 15 25 15 15 0 7 0 3
0 0 0 0 1 6 1 0 5 0 3 0 5 -1 -1 -1 -1 -1 -1 986514 0 15 25 15 15 0 7 0 3
0 0 0 0 1 6 1 0 5 0 3 0 5 -1 -1 -1 -1 -1 -1 987180 0 15 25 15 15 0 1 0 3
0 0 0 0 2 7 1 0 5 0 3 0 5 4 1 1 1 1 1 987847 0 15 25 15 15 0 1 0 3
0 0 0 0 1 6 1 0 5 0 3 0 5 -1 -1 -1 -1 -1 -1 988513 0 15 25 15 15 0 1 0 3
0 0 0 0 1 6 1 0 5 0 3 0 5 -1 -1 -1 -1 -1 -1 989180 0 15 25 15 15 0 1 0 3
0 0 0 0 1 6 1 0 5 0 3 0 5 -1 -1 -1 -1 -1 -1 989846 0 15 25 15 15 0 1 0 3
0 0 0 0 3 6 1 0 5 0 3 0 5 4 2 1 2 0 0 990513 0 15 25 15 15 0 1 0 3
0 0 0 0 1 6 1 0 5 0 3 0 5 -1 -1 -1 -1 -1 -1 991179 0 15 25 15 15 0 1 0 3
0 0 0 0 1 6 1 0 5 0 3 0 5 -1 -1 -1 -1 -1 -1 991846 0 15 25 15 15 0 1 0 3
0 0 0 0 1 6 1 0 5 0 3 0 5 -1 -1 -1 -1 -1 -1 992512 0 15 25 15 15 0 1 0 3
0 0 0 0 3 6 1 0 5 0 3 0 5 4 2 1 2 0 0 993179 0 15 25 15 15 0 1 0 3
0 0 0 0 1 6 1 0 5 0 3 0 5 -1 -1 -1 -1 -1 -1 993845 0 15 25 15 15 0 8 0 3
0 0 0 0 1 6 1 0 5 0 3 0 5 -1 -1 -1 -1 -1 -1 994512 0 15 25 15 15 0 8 0 3
0 0 0 0 1 6 1 0 5 0 3 0 5 -1 -1 -1 -1 -1 -1 995178 0 15 25 15 15 0 8 0 3
0 0 0 0 2 7 1 0 5 0 3 0 5 4 1 1 1 1 1 995845 0 15 25 15 15 0 8 0 3
0 0 0 0 1 6 1 0 5 0 3 0 5 -1 -1 -1 -1 -1 -1 996511 0 15 25 15 15 0 8 0 3
0 0 0 0 1 6 1 0 5 0 3 0 5 -1 -1 -1 -1 -1 -1 997178 0 15 25 15 15 0 2 0 3
0 0 0 0 1 6 1 0 5 0 3 0 5 -1 -1 -1 -1 -1 -1 997844 0 15 25 15 15 0 2 0 3
0 0 0 0 3 6 1 0 5 0 3 0 5 4 3 1 3 0 0 998511 0 15 25 15 15 0 2 0 3
0 0 0 0 1 6 1 0 5 0 3 0 5 -1 -1 -1 -1 -1 -1 999177 0 15 25 15 15 0 2 0 3
0 0 0 0 1 6 1 0 5 0 3 0 5 -1 -1 -1 -1 -1 -1 999844 0 15 25 15 15 0 2 0 3
0 0 0 0 1 6 1 0 5 0 3 0 5 -1 -1 -1 -1 -1 -1 1000510 0 15 25 15 15 0 7 0 3
0 0 0 0 3 6 1 0 5 0 3 0 5 4 3 1 3 0 0 1001177 0 15 25 15 15 0 7 0 3
0 0 0 0 1 6 1 0 5 0 3 0 5 -1 -1 -1 -1 -1 -1 1001843 0 15 25 15 15 0 7 0 3
0 0 0 0 1 6 1 0 5 0 3 0 5 -1 -1 -1 -1 -1 -1 1002510 0 15 25 15 15 0 7 0 3
0 0 0 0 1 6 1 0 5 0 3 0 5 -1 -1 -1 -1 -1 -1 1003176 0 15 25 15 15 0 7 0 3
0 0 0 0 2 7 1 0 5 0 3 0 5 4 1 1 1 1 1 1003843 0 15 25 15 15 0 1 0 3
0 0 0 0 1 6 1 0 5 0 3 0 5 -1 -1 -1 -1 -1 -1 1004509 0 15 25 15 15 0 1 0 3
0 0 0 0 1 6 1 0 5 0 3 0 5 -1 -1 -1 -1 -1 -1 1005176 0 15 25 15 15 0 1 0 3
0 0 0 0 1 6 1 0 5 0 3 0 5 -1 -1 -1 -1 -1 -1 1005842 0 15 25 15 15 0 1 0 3
0 0 0 0 2 7 1 0 5 0 3 0 5 4 3 1 3 1 1 1006509 0 15 25 15 15 0 1 0 3
0 0 0 0 1 6 1 0 5 0 3 0 5 -1 -1 -1 -1 -1 -1 1007175 0 15 25 15 15 0 1 0 3
0 0 0 0 1 6 1 0 5 0 3 0 5 -1 -1 -1 -1 -1 -1 1007842 0 15 25 15 15 0 1 0 3
0 0 0 0 1 6 1 0 5 0 3 0 5 -1 -1 -1 -1 -1 -1 1008508 0 15 25 15 15 0 1 0 3
0 0 0 0 3 6 1 0 5 0 3 0 5 4 0 1 0 0 0 1009175 0 15 25 15 15 0 1 0 3
0 0 0 0 1 6 1 0 5 0 3 0 5 -1 -1 -1 -1 -1 -1 1009841 0 15 25 15 15 0 1 0 3
0 0 0 0 1 6 1 0 5 0 3 0 5 -1 -1 -1 -1 -1 -1 1010508 0 15 25 15 15 0 8 0 3
0 0 0 0 1 6 1 0 5 0 3 0 5 -1 -1 -1 -1 -1 -1 1011174 0 15 25 15 15 0 8 0 3
0 0 0 0 2 7 1 0 5 0 3 0 5 4 1 1 1 1 1 1011841 0 15 25 15 15 0 8 0 3
0 0 0 0 1 6 1 0 5 0 3 0 5 -1 -1 -1 -1 -1 -1 1012507 0 15 25 15 15 0 8 0 3
0 0 0 0 1 6 1 0 5 0 3 0 5 -1 -1 -1 -1 -1 -1 1013174 0 15 25 15 15 0 8 0 3
0 0 0 0 1 6 1 0 5 0 3 0 5 -1 -1 -1 -1 -1 -1 1013840 0 15 25 15 15 0 2 0 3
0 0 0 0 3 6 1 0 5 0 3 0 5 4 0 1 0 0 0 1014507 0 15 25 15 15 0 2 0 3
0 0 0 0 1 6 1 0 5 0 3 0 5 -1 -1 -1 -1 -1 -1 1015173 0 15 25 15 15 0 2 0 3
0 0 0 0 1 6 1 0 5 0 3 0 5 -1 -1 -1 -1 -1 -1 1015840 0 15 25 15 15 0 2 0 3
0 0 0 0 1 6 1 0 5 0 3 0 5 -1 -1 -1 -1 -1 -1 1016506 0 15 25 15 15 0 2 0 3
0 0 0 0 3 6 1 0 5 0 3 0 5 4 1 1 1 0 0 1017173 0 15 25 15 15 0 7 0 3
0 0 0 0 1 6 1 0 5 0 3 0 5 -1 -1 -1 -1 -1 -1 1017839 0 15 25 15 15 0 7 0 3
0 0 0 0 1 6 1 0 5 0 3 0 5 -1 -1 -1 -1 -1 -1 1018506 0 15 25 15 15 0 7 0 3
0 0 0 0 1 6 1 0 5 0 3 0 5 -1 -1 -1 -1 -1 -1 1019172 0 15 25 15 15 0 7 0 3
0 0 0 0 3 6 1 0 5 0 3 0 5 4 3 1 3 0 0 1019839 0 15 25 15 15 0 7 0 3
0 0 0 0 1 6 1 0 5 0 3 0 5 -1 -1 -1 -1 -1 -1 1020505 0 15 25 15 15 0 1 0 3
0 0 0 0 1 6 1 0 5 0 3 0 5 -1 -1 -1 -1 -1 -1 1021172 0 15 25 15 15 0 1 0 3
0 0 0 0 1 6 1 0 5 0 3 0 5 -1 -1 -1 -1 -1 -1 1021838 0 15 25 15 15 0 1 0 3
0 0 0 0 3 6 1 0 5 0 3 0 5 4 2 1 2 0 0 1022505 0 15 25 15 15 0 1 0 3
0 0 0 0 1 6 1 0 5 0 3 0 5 -1 -1 -1 -1 -1 -1 1023171 0 15 25 15 15 0 1 0 3
0 0 0 0 1 6 1 0 5 0 3 0 5 -1 -1 -1 -1 -1 -1 1023838 0 15 25 15 15 0 1 0 3
0 0 0 0 1 6 1 0 5 0 3 0 5 -1 -1 -1 -1 -1 -1 1024504 0 15 25 15 15 0 1 0 3
0 0 0 0 3 6 1 0 5 0 3 0 5 4 3 1 3 0 0 1025171 0 15 25 15 15 0 1 0 3
0 0 0 0 1 6 1 0 5 0 3 0 5 -1 -1 -1 -1 -1 -1 1025837 0 15 25 15 15 0 1 0 3
0 0 0 0 1 6 1 0 5 0 3 0 5 -1 -1 -1 -1 -1 -1 1026504 0 15 25 15 15 0 1 0 3
0 0 0 0 1 6 1 0 5 0 3 0 5 -1 -1 -1 -1 -1 -1 1027170 0 15 25 15 15 0 8 0 3
0 0 0 0 3 6 1 0 5 0 3 0 5 4 2 1 2 0 0 1027837 0 15 25 15 15 0 8 0 3
0 0 0 0 1 6 1 0 5 0 3 0 5 -1 -1 -1 -1 -1 -1 1028503 0 15 25 15 15 0 8 0 3
0 0 0 0 1 6 1 0 5 0 3 0 5 -1 -1 -1 -1 -1 -1 1029170 0 15 25 15 15 0 8 0 3
0 0 0 0 1 6 1 0 5 0 3 0 5 -1 -1 -1 -1 -1 -1 1029836 0 15 25 15 15 0 8 0 3
0 0 0 0 2 7 1 0 5 0 3 0 5 4 2 1 2 1 1 1030503 0 15 25 15 15 0 2 0 3
0 0 0 0 1 6 1 0 5 0 3 0 5 -1 -1 -1 -1 -1 -1 1031169 0 15 25 15 15 0 2 0 3
0 0 0 0 1 6 1 0 5 0 3 0 5 -1 -1 -1 -1 -1 -1 1031836 0 15 25 15 15 0 2 0 3
0 0 0 0 1 6 1 0 5 0 3 0 5 -1 -1 -1 -1 -1 -1 1032502 0 15 25 15 15 0 2 0 3
0 0 0 0 3 6 1 0 5 0 3 0 5 4 1 1 1 0 0 1033169 0 15 25 15 15 0 2 0 3
0 0 0 0 1 6 1 0 5 0 3 0 5 -1 -1 -1 -1 -1 -1 1033835 0 15 25 15 15 0 7 0 3
0 0 0 0 1 6 1 0 5 0 3 0 5 -1 -1 -1 -1 -1 -1 1034502 0 15 25 15 15 0 7 0 3
0 0 0 0 1 6 1 0 5 0 3 0 5 -1 -1 -1 -1 -1 -1 1035168 0 15 25 15 15 0 7 0 3
0 0 0 0 2 7 1 0 5 0 3 0 5 4 2 1 2 1 1 1035835 0 15 25 15 15 0 7 0 3
0 0 0 0 1 6 1 0 5 0 3 0 5 -1 -1 -1 -1 -1 -1 1036501 0 15 25 15 15 0 7 0 3
0 0 0 0 1 6 1 0 5 0 3 0 5 -1 -1 -1 -1 -1 -1 1037168 0 15 25 15 15 0 1 0 3
0 0 0 0 1 6 1 0 5 0 3 0 5 -1 -1 -1 -1 -1 -1 1037834 0 15 25 15 15 0 1 0 3
0 0 0 0 3 6 1 0 5 0 3 0 5 4 0 1 0 0 0 1038501 0 15 25 15 15 0 1 0 3
0 0 0 0 1 6 1 0 5 0 3 0 5 -1 -1 -1 -1 -1 -1 1039167 0 15 25 15 15 0 1 0 3
0 0 0 0 1 6 1 0 5 0 3 0 5 -1 -1 -1 -1 -1 -1 1039834 0 15 25 15 15 0 1 0 3
0 0 0 0 1 6 1 0 5 0 3 0 5 -1 -1 -1 -1 -1 -1 1040500 0 15 25 15 15 0 1 0 3
0 0 0 0 3 6 1 0 5 0 3 0 5 4 2 1 2 0 0 1041167 0 15 25 15 15 0 1 0 3
0 0 0 0 1 6 1 0 5 0 3 0 5 -1 -1 -1 -1 -1 -1 1041833 0 15 25 15 15 0 1 0 3
0 0 0 0 1 6 1 0 5 0 3 0 5 -1 -1 -1 -1 -1 -1 1042500 0 15 25 15 15 0 1 0 3
0 0 0 0 1 6 1 0 5 0 3 0 5 -1 -1 -1 -1 -1 -1 1043166 0 15 25 15 15 0 1 0 3
0 0 0 0 3 6 1 0 5 0 3 0 5 4 3 1 3 0 0 1043833 0 15 25 15 15 0 8 0 3
0 0 0 0 1 6 1 0 5 0 3 0 5 -1 -1 -1 -1 -1 -1 1044499 0 15 25 15 15 0 8 0 3
0 0 0 0 1 6 1 0 6 0 3 0 5 -1 -1 -1 -1 -1 -1 1103718 0 15 25 15 60 0 8 0 3
0 0 0 0 1 6 1 0 6 0 3 0 5 -1 -1 -1 -1 -1 -1 1103885 0 15 25 15 60 0 8 0 3
0 0 0 0 1 6 1 0 6 0 3 0 5 -1 -1 -1 -1 -1 -1 1104052 0 15 25 15 60 0 8 0 3
0 0 0 0 1 6 1 0 6 0 3 0 5 -1 -1 -1 -1 -1 -1 1104252 0 15 25 15 54 0 8 0 3
0 0 0 0 1 6 1 0 6 0 3 0 5 -1 -1 -1 -1 -1 -1 1104451 0 15 25 15 36 0 3 0 3
0 0 0 0 1 6 1 0 6 0 3 0 5 -1 -1 -1 -1 -1 -1 1104951 0 15 25 15 15 0 3 0 3
0 0 0 0 1 6 1 0 6 0 3 0 5 -1 -1 -1 -1 -1 -1 1105618 0 15 25 15 15 0 3 0 3
0 0 0 0 1 6 1 0 6 0 3 0 5 -1 -1 -1 -1 -1 -1 1106284 0 15 25 15 15 0 3 0 3
0 0 0 0 1 6 1 0 6 0 3 0 5 -1 -1 -1 -1 -1 -1 1106951 0 15 25 15 15 0 3 0 3
0 0 0 0 1 6 1 0 6 0 3 0 5 -1 -1 -1 -1 -1 -1 1107617 0 15 25 15 15 0 1 0 3
0 0 0 0 3 6 1 0 6 0 3 0 5 4 1 1 1 0 0 1108284 0 15 25 15 15 0 1 0 3
0 0 0 0 1 6 1 0 6 0 3 0 5 -1 -1 -1 -1 -1 -1 1108950 0 15 25 15 15 0 1 0 3
0 0 0 0 1 6 1 0 6 0 3 0 5 -1 -1 -1 -1 -1 -1 1109617 0 15 25 15 15 0 1 0 3
0 0 0 0 1 6 1 0 6 0 3 0 5 -1 -1 -1 -1 -1 -1 1110283 0 15 25 15 15 0 1 0 3
0 0 0 0 3 6 1 0 6 0 3 0 5 4 2 1 2 0 0 1110950 0 15 25 15 15 0 3 0 3
0 0 0 0 1 6 1 0 6 0 3 0 5 -1 -1 -1 -1 -1 -1 1111616 0 15 25 15 15 0 3 0 3
0 0 0 0 1 6 1 0 6 0 3 0 5 -1 -1 -1 -1 -1 -1 1112283 0 15 25 15 15 0 3 0 3
0 0 0 0 1 6 1 0 6 0 3 0 5 -1 -1 -1 -1 -1 -1 1112949 0 15 25 15 15 0 3 0 3
0 0 0 0 3 6 1 0 6 0 3 0 5 4 0 1 0 0 0 1113616 0 15 25 15 15 0 3 0 3
0 0 0 0 1 6 1 0 6 0 3 0 5 -1 -1 -1 -1 -1 -1 1114282 0 15 25 15 15 0 5 0 3
0 0 0 0 1 6 1 0 6 0 3 0 5 -1 -1 -1 -1 -1 -1 1114949 0 15 25 15 15 0 5 0 3
0 0 0 0 1 6 1 0 6 0 3 0 5 -1 -1 -1 -1 -1 -1 1115615 0 15 25 15 15 0 5 0 3
0 0 0 0 3 6 1 0 6 0 3 0 5 4 2 1 2 0 0 1116282 0 15 25 15 15 0 5 0 3
0 0 0 0 1 6 1 0 6 0 3 0 5 -1 -1 -1 -1 -1 -1 1116948 0 15 25 15 15 0 5 0 3
0 0 0 0 1 6 1 0 6 0 3 0 5 -1 -1 -1 -1 -1 -1 1117615 0 15 25 15 15 0 8 0 3
0 0 0 0 1 6 1 0 6 0 3 0 5 -1 -1 -1 -1 -1 -1 1118281 0 15 25 15 15 0 8 0 3
0 0 0 0 3 6 1 0 6 0 3 0 5 4 0 1 0 0 0 1118948 0 15 25 15 15 0 8 0 3
0 0 0 0 1 6 1 0 6 0 3 0 5 -1 -1 -1 -1 -1 -1 1119614 0 15 25 15 15 0 8 0 3
0 0 0 0 1 6 1 0 6 0 3 0 5 -1 -1 -1 -1 -1 -1 1120281 0 15 25 15 15 0 8 0 3
0 0 0 0 1 6 1 0 6 0 3 0 5 -1 -1 -1 -1 -1 -1 1120947 0 15 25 15 15 0 3 0 3
0 0 0 0 2 7 1 0 6 0 3 0 5 4 0 1 0 1 1 1121614 0 15 25 15 15 0 3 0 3
0 0 0 0 1 6 1 0 6 0 3 0 5 -1 -1 -1 -1 -1 -1 1122280 0 15 25 15 15 0 3 0 3
0 0 0 0 1 6 1 0 6 0 3 0 5 -1 -1 -1 -1 -1 -1 1122947 0 15 25 15 15 0 3 0 3
0 0 0 0 1 6 1 0 6 0 3 0 5 -1 -1 -1 -1 -1 -1 1123613 0 15 25 15 15 0 3 0 3
0 0 0 0 3 6 1 0 6 0 3 0 5 4 1 1 1 0 0 1124280 0 15 25 15 15 0 1 0 3
0 0 0 0 1 6 1 0 6 0 3 0 5 -1 -1 -1 -1 -1 -1 1124946 0 15 25 15 15 0 1 0 3
0 0 0 0 1 6 1 0 6 0 3 0 5 -1 -1 -1 -1 -1 -1 1125613 0 15 25 15 15 0 1 0 3
0 0 0 0 1 6 1 0 6 0 3 0 5 -1 -1 -1 -1 -1 -1 1126279 0 15 25 15 15 0 1 0 3
0 0 0 0 2 7 1 0 6 0 3 0 5 4 0 1 0 1 1 1126946 0 15 25 15 15 0 1 0 3
0 0 0 0 1 6 1 0 6 0 3 0 5 -1 -1 -1 -1 -1 -1 1127612 0 15 25 15 15 0 3 0 3
0 0 0 0 1 6 1 0 6 0 3 0 5 -1 -1 -1 -1 -1 -1 1128279 0 15 25 15 15 0 3 0 3
0 0 0 0 1 6 1 0 6 0 3 0 5 -1 -1 -1 -1 -1 -1 1128945 0 15 25 15 15 0 3 0 3
0 0 0 0 3 6 1 0 6 0 3 0 5 4 2 1 2 0 0 1129612 0 15 25 15 15 0 3 0 3
0 0 0 0 1 6 1 0 6 0 3 0 5 -1 -1 -1 -1 -1 -1 1130278 0 15 25 15 15 0 3 0 3
0 0 0 0 1 6 1 0 6 0 3 0 5 -1 -1 -1 -1 -1 -1 1130945 0 15 25 15 15 0 5 0 3
0 0 0 0 1 6 1 0 6 0 3 0 5 -1 -1 -1 -1 -1 -1 1131612 0 15 25 15 15 0 5 0 3
0 0 0 0 3 6 1 0 6 0 3 0 5 4 2 1 2 0 0 1132278 0 15 25 15 15 0 5 0 3
0 0 0 0 1 6 1 0 6 0 3 0 5 -1 -1 -1 -1 -1 -1 1132945 0 15 25 15 15 0 5 0 3
0 0 0 0 1 6 1 0 6 0 3 0 5 -1 -1 -1 -1 -1 -1 1133611 0 15 25 15 15 0 5 0 3
0 0 0 0 1 6 1 0 6 0 3 0 5 -1 -1 -1 -1 -1 -1 1134278 0 15 25 15 15 0 8 0 3
0 0 0 0 3 6 1 0 6 0 3 0 5 4 1 1 1 0 0 1134944 0 15 25 15 15 0 8 0 3
0 0 0 0 1 6 1 0 6 0 3 0 5 -1 -1 -1 -1 -1 -1 1135611 0 15 25 15 15 0 8 0 3
0 0 0 0 1 6 1 0 6 0 3 0 5 -1 -1 -1 -1 -1 -1 1136277 0 15 25 15 15 0 8 0 3
0 0 0 0 1 6 1 0 6 0 3 0 5 -1 -1 -1 -1 -1 -1 1136944 0 15 25 15 15 0 8 0 3
0 0 0 0 3 8 1 0 6 0 3 0 5 4 1 1 1 0 1 1137610 0 15 25 15 15 0 3 0 3
0 0 0 0 1 6 1 0 6 0 3 0 5 -1 -1 -1 -1 -1 -1 1138277 0 15 25 15 15 0 3 0 3
0 0 0 0 1 6 1 0 6 0 3 0 5 -1 -1 -1 -1 -1 -1 1138943 0 15 25 15 15 0 3 0 3
0 0 0 0 1 6 1 0 6 0 3 0 5 -1 -1 -1 -1 -1 -1 1139610 0 15 25 15 15 0 3 0 3
0 0 0 0 2 7 1 0 6 0 3 0 5 4 2 1 2 1 1 1140276 0 15 25 15 15 0 3 0 3
0 0 0 0 1 6 1 0 6 0 3 0 5 -1 -1 -1 -1 -1 -1 1140943 0 15 25 15 15 0 1 0 3
0 0 0 0 1 6 1 0 6 0 3 0 5 -1 -1 -1 -1 -1 -1 1141609 0 15 25 15 15 0 1 0 3
0 0 0 0 1 6 1 0 6 0 3 0 5 -1 -1 -1 -1 -1 -1 1142276 0 15 25 15 15 0 1 0 3
0 0 0 0 3 6 1 0 6 0 3 0 5 4 0 1 0 0 0 1142942 0 15 25 15 15 0 1 0 3
0 0 0 0 1 6 1 0 6 0 3 0 5 -1 -1 -1 -1 -1 -1 1143609 0 15 25 15 15 0 1 0 3
0 0 0 0 1 6 1 0 6 0 3 0 5 -1 -1 -1 -1 -1 -1 1144275 0 15 25 15 15 0 3 0 3
0 0 0 0 1 6 1 0 6 0 3 0 5 -1 -1 -1 -1 -1 -1 1144942 0 15 25 15 15 0 3 0 3
0 0 0 0 3 6 1 0 6 0 3 0 5 4 2 1 2 0 0 1145608 0 15 25 15 15 0 3 0 3
0 0 0 0 1 6 1 0 6 0 3 0 5 -1 -1 -1 -1 -1 -1 1146275 0 15 25 15 15 0 3 0 3
0 0 0 0 1 6 1 0 6 0 3 0 5 -1 -1 -1 -1 -1 -1 1146941 0 15 25 15 15 0 3 0 3
0 0 0 0 1 6 1 0 6 0 3 0 5 -1 -1 -1 -1 -1 -1 1147608 0 15 25 15 15 0 5 0 3
0 0 0 0 3 8 1 0 6 0 3 0 5 4 1 1 1 0 1 1148274 0 15 25 15 15 0 5 0 3
0 0 0 0 1 6 1 0 6 0 3 0 5 -1 -1 -1 -1 -1 -1 1148941 0 15 25 15 15 0 5 0 3
0 0 0 0 1 6 1 0 6 0 3 0 5 -1 -1 -1 -1 -1 -1 1149607 0 15 25 15 15 0 5 0 3
0 0 0 0 1 6 1 0 6 0 3 0 5 -1 -1 -1 -1 -1 -1 1150274 0 15 25 15 15 0 5 0 3
0 0 0 0 2 7 1 0 6 0 3 0 5 4 0 1 0 1 1 1150940 0 15 25 15 15 0 8 0 3
0 0 0 0 1 6 1 0 6 0 3 0 5 -1 -1 -1 -1 -1 -1 1151607 0 15 25 15 15 0 8 0 3
0 0 0 0 1 6 1 0 6 0 3 0 5 -1 -1 -1 -1 -1 -1 1152273 0 15 25 15 15 0 8 0 3
0 0 0 0 1 6 1 0 6 0 3 0 5 -1 -1 -1 -1 -1 -1 1152940 0 15 25 15 15 0 8 0 3
0 0 0 0 3 6 1 0 6 0 3 0 5 4 1 1 1 0 0 1153606 0 15 25 15 15 0 8 0 3
0 0 0 0 1 6 1 0 6 0 3 0 5 -1 -1 -1 -1 -1 -1 1154273 0 15 25 15 15 0 3 0 3
0 0 0 0 1 6 1 0 6 0 3 0 5 -1 -1 -1 -1 -1 -1 1154939 0 15 25 15 15 0 3 0 3
0 0 0 0 1 6 1 0 6 0 3 0 5 -1 -1 -1 -1 -1 -1 1155606 0 15 25 15 15 0 3 0 3
0 0 0 0 3 6 1 0 6 0 3 0 5 4 0 1 0 0 0 1156272 0 15 25 15 15 0 3 0 3
0 0 0 0 1 6 1 0 6 0 3 0 5 -1 -1 -1 -1 -1 -1 1156939 0 15 25 15 15 0 3 0 3
0 0 0 0 1 6 1 0 6 0 3 0 5 -1 -1 -1 -1 -1 -1 1157605 0 15 25 15 15 0 1 0 3
0 0 0 0 1 6 1 0 6 0 3 0 5 -1 -1 -1 -1 -1 -1 1158272 0 15 25 15 15 0 1 0 3
0 0 0 0 2 7 1 0 6 0 3 0 5 4 0 1 0 1 1 1158938 0 15 25 15 15 0 1 0 3
0 0 0 0 1 6 1 0 6 0 3 0 5 -1 -1 -1 -1 -1 -1 1159605 0 15 25 15 15 0 1 0 3
0 0 0 0 1 6 1 0 6 0 3 0 5 -1 -1 -1 -1 -1 -1 1160271 0 15 25 15 15 0 1 0 3
0 0 0 0 1 6 1 0 6 0 3 0 5 -1 -1 -1 -1 -1 -1 1160938 0 15 25 15 15 0 3 0 3
0 0 0 0 3 6 1 0 6 0 3 0 5 4 2 1 2 0 0 1161604 0 15 25 15 15 0 3 0 3
0 0 0 0 1 6 1 0 6 0 3 0 5 -1 -1 -1 -1 -1 -1 1162271 0 15 25 15 15 0 3 0 3
0 0 0 0 1 6 1 0 6 0 3 0 5 -1 -1 -1 -1 -1 -1 1162937 0 15 25 15 15 0 3 0 3
0 0 0 0 1 6 1 0 6 0 3 0 5 -1 -1 -1 -1 -1 -1 1163604 0 15 25 15 15 0 3 0 3
0 0 0 0 2 7 1 0 6 0 3 0 5 4 0 1 0 1 1 1164270 0 15 25 15 15 0 5 0 3
0 0 0 0 1 6 1 0 6 0 3 0 5 -1 -1 -1 -1 -1 -1 1164937 0 15 25 15 15 0 5 0 3
0 0 0 0 1 6 1 0 6 0 3 0 5 -1 -1 -1 -1 -1 -1 1165603 0 15 25 15 15 0 5 0 3
0 0 0 0 1 6 1 0 6 0 3 0 5 -1 -1 -1 -1 -1 -1 1166270 0 15 25 15 15 0 5 0 3
0 0 0 0 3 6 1 0 6 0 3 0 5 4 2 1 2 0 0 1166936 0 15 25 15 15 0 5 0 3
0 0 0 0 1 6 1 0 6 0 3 0 5 -1 -1 -1 -1 -1 -1 1167603 0 15 25 15 15 0 8 0 3
0 0 0 0 1 6 1 0 6 0 3 0 5 -1 -1 -1 -1 -1 -1 1168269 0 15 25 15 15 0 8 0 3
0 0 0 0 1 6 1 0 6 0 3 0 5 -1 -1 -1 -1 -1 -1 1168936 0 15 25 15 15 0 8 0 3
0 0 0 0 3 8 1 0 6 0 3 0 5 4 0 1 0 0 1 1169602 0 15 25 15 15 0 8 0 3
0 0 0 0 1 6 1 0 6 0 3 0 5 -1 -1 -1 -1 -1 -1 1170269 0 15 25 15 15 0 8 0 3
0 0 0 0 1 6 1 0 6 0 3 0 5 -1 -1 -1 -1 -1 -1 1170935 0 15 25 15 15 0 3 0 3
0 0 0 0 1 6 1 0 6 0 3 0 5 -1 -1 -1 -1 -1 -1 1171602 0 15 25 15 15 0 3 0 3
0 0 0 0 2 7 1 0 6 0 3 0 5 4 0 1 0 1 1 1172268 0 15 25 15 15 0 3 0 3
0 0 0 0 1 6 1 0 6 0 3 0 5 -1 -1 -1 -1 -1 -1 1172935 0 15 25 15 15 0 3 0 3
0 0 0 0 1 6 1 0 6 0 3 0 5 -1 -1 -1 -1 -1 -1 1173601 0 15 25 15 15 0 3 0 3
0 0 0 0 1 6 1 0 6 0 3 0 5 -1 -1 -1 -1 -1 -1 1174268 0 15 25 15 15 0 1 0 3
0 0 0 0 2 7 1 0 6 0 3 0 5 4 2 1 2 1 1 1174934 0 15 25 15 15 0 1 0 3
0 0 0 0 1 6 1 0 6 0 3 0 5 -1 -1 -1 -1 -1 -1 1175601 0 15 25 15 15 0 1 0 3
0 0 0 0 1 6 1 0 6 0 3 0 5 -1 -1 -1 -1 -1 -1 1176267 0 15 25 15 15 0 1 0 3
0 0 0 0 1 6 1 0 6 0 3 0 5 -1 -1 -1 -1 -1 -1 1176934 0 15 25 15 15 0 1 0 3
0 0 0 0 3 6 1 0 6 0 3 0 5 4 3 1 3 0 0 1177600 0 15 25 15 15 0 3 0 3
0 0 0 0 1 6 1 0 6 0 3 0 5 -1 -1 -1 -1 -1 -1 1178267 0 15 25 15 15 0 3 0 3
0 0 0 0 1 6 1 0 6 0 3 0 5 -1 -1 -1 -1 -1 -1 1178933 0 15 25 15 15 0 3 0 3
0 0 0 0 1 6 1 0 6 0 3 0 5 -1 -1 -1 -1 -1 -1 1179600 0 15 25 15 15 0 3 0 3
0 0 0 0 3 6 1 0 6 0 3 0 5 4 3 1 3 0 0 1180266 0 15 25 15 15 0 3 0 3
0 0 0 0 1 6 1 0 6 0 3 0 5 -1 -1 -1 -1 -1 -1 1180933 0 15 25 15 15 0 5 0 3
0 0 0 0 1 6 1 0 6 0 3 0 5 -1 -1 -1 -1 -1 -1 1181599 0 15 25 15 15 0 5 0 3
0 0 0 0 1 6 1 0 6 0 3 0 5 -1 -1 -1 -1 -1 -1 1182266 0 15 25 15 15 0 5 0 3
0 0 0 0 3 6 1 0 6 0 3 0 5 4 0 1 0 0 0 1182932 0 15 25 15 15 0 5 0 3
0 0 0 0 1 6 1 0 6 0 3 0 5 -1 -1 -1 -1 -1 -1 1183599 0 15 25 15 15 0 5 0 3
0 0 0 0 1 6 1 0 6 0 3 0 5 -1 -1 -1 -1 -1 -1 1184265 0 15 25 15 15 0 8 0 3
0 0 0 0 1 6 1 0 6 0 3 0 5 -1 -1 -1 -1 -1 -1 1184932 0 15 25 15 15 0 8 0 3
0 0 0 0 3 6 1 0 6 0 3 0 5 4 1 1 1 0 0 1185598 0 15 25 15 15 0 8 0 3
0 0 0 0 1 6 1 0 6 0 3 0 5 -1 -1 -1 -1 -1 -1 1186265 0 15 25 15 15 0 8 0 3
0 0 0 0 1 6 1 0 6 0 3 0 5 -1 -1 -1 -1 -1 -1 1186931 0 15 25 15 15 0 8 0 3
0 0 0 0 1 6 1 0 6 0 3 0 5 -1 -1 -1 -1 -1 -1 1187598 0 15 25 15 15 0 3 0 3
0 0 0 0 3 6 1 0 6 0 3 0 5 4 0 1 0 0 0 1188264 0 15 25 15 15 0 3 0 3
0 0 0 0 1 6 1 0 6 0 3 0 5 -1 -1 -1 -1 -1 -1 1188931 0 15 25 15 15 0 3 0 3
0 0 0 0 1 6 1 0 6 0 3 0 5 -1 -1 -1 -1 -1 -1 1189597 0 15 25 15 15 0 3 0 3
0 0 0 0 1 6 1 0 6 0 3 0 5 -1 -1 -1 -1 -1 -1 1190264 0 15 25 15 15 0 3 0 3
0 0 0 0 3 6 1 0 6 0 3 0 5 4 1 1 1 0 0 1190930 0 15 25 15 15 0 1 0 3
0 0 0 0 1 6 1 0 6 0 3 0 5 -1 -1 -1 -1 -1 -1 1191597 0 15 25 15 15 0 1 0 3
0 0 0 0 1 6 1 0 6 0 3 0 5 -1 -1 -1 -1 -1 -1 1192263 0 15 25 15 15 0 1 0 3
0 0 0 0 1 6 1 0 6 0 3 0 5 -1 -1 -1 -1 -1 -1 1192930 0 15 25 15 15 0 1 0 3
0 0 0 0 2 7 1 0 6 0 3 0 5 4 1 1 1 1 1 1193596 0 15 25 15 15 0 1 0 3
0 0 0 0 1 6 1 0 6 0 3 0 5 -1 -1 -1 -1 -1 -1 1194263 0 15 25 15 15 0 3 0 3
0 0 0 0 1 6 1 0 6 0 3 0 5 -1 -1 -1 -1 -1 -1 1194929 0 15 25 15 15 0 3 0 3
0 0 0 0 1 6 1 0 6 0 3 0 5 -1 -1 -1 -1 -1 -1 1195596 0 15 25 15 15 0 3 0 3
0 0 0 0 3 6 1 0 6 0 3 0 5 4 2 1 2 0 0 1196262 0 15 25 15 15 0 3 0 3
0 0 0 0 1 6 1 0 6 0 3 0 5 -1 -1 -1 -1 -1 -1 1196929 0 15 25 15 15 0 3 0 3
0 0 0 0 1 6 1 0 6 0 3 0 5 -1 -1 -1 -1 -1 -1 1197595 0 15 25 15 15 0 5 0 3
0 0 0 0 1 6 1 0 6 0 3 0 5 -1 -1 -1 -1 -1 -1 1198262 0 15 25 15 15 0 5 0 3
0 0 0 0 2 7 1 0 6 0 3 0 5 4 1 1 1 1 1 1198928 0 15 25 15 15 0 5 0 3
0 0 0 0 1 6 1 0 6 0 3 0 5 -1 -1 -1 -1 -1 -1 1199595 0 15 25 15 15 0 5 0 3
0 0 0 0 1 6 1 0 6 0 3 0 5 -1 -1 -1 -1 -1 -1 1200261 0 15 25 15 15 0 5 0 3
0 0 0 0 1 6 1 0 6 0 3 0 5 -1 -1 -1 -1 -1 -1 1200928 0 15 25 15 15 0 8 0 3
0 0 0 0 2 7 1 0 6 0 3 0 5 4 1 1 1 1 1 1201594 0 15 25 15 15 0 8 0 3
0 0 0 0 1 6 1 0 6 0 3 0 5 -1 -1 -1 -1 -1 -1 1202261 0 15 25 15 15 0 8 0 3
0 0 0 0 1 6 1 0 6 0 3 0 5 -1 -1 -1 -1 -1 -1 1202927 0 15 25 15 15 0 8 0 3
0 0 0 0 1 6 1 0 6 0 3 0 5 -1 -1 -1 -1 -1 -1 1203594 0 15 25 15 15 0 8 0 3
0 0 0 0 3 6 1 0 6 0 3 0 5 4 0 1 0 0 0 1204260 0 15 25 15 15 0 3 0 3
0 0 0 0 1 6 1 0 6 0 3 0 5 -1 -1 -1 -1 -1 -1 1204927 0 15 25 15 15 0 3 0 3
0 0 0 0 1 6 1 0 6 0 3 0 5 -1 -1 -1 -1 -1 -1 1205593 0 15 25 15 15 0 3 0 3
0 0 0 0 1 6 1 0 6 0 3 0 5 -1 -1 -1 -1 -1 -1 1206260 0 15 25 15 15 0 3 0 3
0 0 0 0 2 8 1 0 6 0 3 0 5 4 1 1 1 1 0 1206926 0 15 25 15 15 0 3 0 3
0 0 0 0 1 6 1 0 6 0 3 0 5 -1 -1 -1 -1 -1 -1 1207593 0 15 25 15 15 0 1 0 3
0 0 0 0 1 6 1 0 6 0 3 0 5 -1 -1 -1 -1 -1 -1 1208259 0 15 25 15 15 0 1 0 3
0 0 0 0 1 6 1 0 6 0 3 0 5 -1 -1 -1 -1 -1 -1 1208926 0 15 25 15 15 0 1 0 3
0 0 0 0 3 8 1 0 6 0 3 0 5 4 2 1 2 0 1 1209592 0 15 25 15 15 0 1 0 3
0 0 0 0 1 6 1 0 6 0 3 0 5 -1 -1 -1 -1 -1 -1 1210259 0 15 25 15 15 0 1 0 3
0 0 0 0 1 6 1 0 6 0 3 0 5 -1 -1 -1 -1 -1 -1 1210925 0 15 25 15 15 0 3 0 3
0 0 0 0 1 6 1 0 6 0 3 0 5 -1 -1 -1 -1 -1 -1 1211592 0 15 25 15 15 0 3 0 3
0 0 0 0 3 6 1 0 6 0 3 0 5 4 3 1 3 0 0 1212258 0 15 25 15 15 0 3 0 3
0 0 0 0 1 6 1 0 6 0 3 0 5 -1 -1 -1 -1 -1 -1 1212925 0 15 25 15 15 0 3 0 3
0 0 0 0 1 6 1 0 6 0 3 0 5 -1 -1 -1 -1 -1 -1 1213591 0 15 25 15 15 0 3 0 3
0 0 0 0 1 6 1 0 6 0 3 0 5 -1 -1 -1 -1 -1 -1 1214258 0 15 25 15 15 0 5 0 3
0 0 0 0 3 6 1 0 6 0 3 0 5 4 3 1 3 0 0 1214924 0 15 25 15 15 0 5 0 3
0 0 0 0 1 6 1 0 6 0 3 0 5 -1 -1 -1 -1 -1 -1 1215591 0 15 25 15 15 0 5 0 3
0 0 0 0 1 6 1 0 6 0 3 0 5 -1 -1 -1 -1 -1 -1 1216257 0 15 25 15 15 0 5 0 3
0 0 0 0 1 6 1 0 6 0 3 0 5 -1 -1 -1 -1 -1 -1 1216924 0 15 25 15 15 0 5 0 3
0 0 0 0 3 6 1 0 6 0 3 0 5 4 0 1 0 0 0 1217591 0 15 25 15 15 0 8 0 3
0 0 0 0 1 6 1 0 6 0 3 0 5 -1 -1 -1 -1 -1 -1 1218257 0 15 25 15 15 0 8 0 3
0 0 0 0 1 6 1 0 6 0 3 0 5 -1 -1 -1 -1 -1 -1 1218924 0 15 25 15 15 0 8 0 3
0 0 0 0 1 6 1 0 6 0 3 0 5 -1 -1 -1 -1 -1 -1 1219590 0 15 25 15 15 0 8 0 3
0 0 0 0 3 6 1 0 6 0 3 0 5 4 2 1 2 0 0 1220257 0 15 25 15 15 0 8 0 3
0 0 0 0 1 6 1 0 6 0 3 0 5 -1 -1 -1 -1 -1 -1 1220923 0 15 25 15 15 0 3 0 3
0 0 0 0 1 6 1 0 6 0 3 0 5 -1 -1 -1 -1 -1 -1 1221590 0 15 25 15 15 0 3 0 3
0 0 0 0 1 6 1 0 6 0 3 0 5 -1 -1 -1 -1 -1 -1 1222256 0 15 25 15 15 0 3 0 3
0 0 0 0 3 6 1 0 6 0 3 0 5 4 1 1 1 0 0 1222923 0 15 25 15 15 0 3 0 3
0 0 0 0 1 6 1 0 6 0 3 0 5 -1 -1 -1 -1 -1 -1 1223589 0 15 25 15 15 0 3 0 3
0 0 0 0 1 6 1 0 6 0 3 0 5 -1 -1 -1 -1 -1 -1 1224256 0 15 25 15 15 0 1 0 3
0 0 0 0 1 6 1 0 6 0 3 0 5 -1 -1 -1 -1 -1 -1 1224922 0 15 25 15 15 0 1 0 3
0 0 0 0 3 6 1 0 6 0 3 0 5 4 2 1 2 0 0 1225589 0 15 25 15 15 0 1 0 3
0 0 0 0 1 6 1 0 6 0 3 0 5 -1 -1 -1 -1 -1 -1 1226255 0 15 25 15 15 0 1 0 3
0 0 0 0 1 6 1 0 6 0 3 0 5 -1 -1 -1 -1 -1 -1 1226922 0 15 25 15 15 0 1 0 3
0 0 0 0 1 6 1 0 6 0 3 0 5 -1 -1 -1 -1 -1 -1 1227588 0 15 25 15 15 0 3 0 3
0 0 0 0 3 8 1 0 6 0 3 0 5 4 0 1 0 0 1 1228255 0 15 25 15 15 0 3 0 3
0 0 0 0 1 6 1 0 6 0 3 0 5 -1 -1 -1 -1 -1 -1 1228921 0 15 25 15 15 0 3 0 3
0 0 0 0 1 6 1 0 6 0 3 0 5 -1 -1 -1 -1 -1 -1 1229588 0 15 25 15 15 0 3 0 3
0 0 0 0 1 6 1 0 6 0 3 0 5 -1 -1 -1 -1 -1 -1 1230254 0 15 25 15 15 0 3 0 3
0 0 0 0 3 6 1 0 6 0 3 0 5 4 3 1 3 0 0 1230921 0 15 25 15 15 0 5 0 3
0 0 0 0 1 6 1 0 6 0 3 0 5 -1 -1 -1 -1 -1 -1 1231587 0 15 25 15 15 0 5 0 3
0 0 0 0 1 6 1 0 6 0 3 0 5 -1 -1 -1 -1 -1 -1 1232254 0 15 25 15 15 0 5 0 3
0 0 0 0 1 6 1 0 6 0 3 0 5 -1 -1 -1 -1 -1 -1 1232920 0 15 25 15 15 0 5 0 3
0 0 0 0 2 7 1 0 6 0 3 0 5 4 2 1 2 1 1 1233587 0 15 25 15 15 0 5 0 3
0 0 0 0 1 6 1 0 6 0 3 0 5 -1 -1 -1 -1 -1 -1 1234253 0 15 25 15 15 0 8 0 3
0 0 0 0 1 6 1 0 6 0 3 0 5 -1 -1 -1 -1 -1 -1 1234920 0 15 25 15 15 0 8 0 3
0 0 0 0 1 6 1 0 6 0 3 0 5 -1 -1 -1 -1 -1 -1 1235586 0 15 25 15 15 0 8 0 3
0 0 0 0 2 8 1 0 6 0 3 0 5 4 0 1 0 1 0 1236253 0 15 25 15 15 0 8 0 3
